nohup: ignoring input

=======================================================
========== 启动 64K_z2z 任务组调优 ==========
========== N=65536, 涉及类型=[0] ==========
=======================================================

>>> 开始爆破 256_sbrr (15 种因子排列) <<<
测 256_sbrr: f=[8, 4, 4, 2], wgs=64, tpt=16 ... [建库: 40.8s | 运行: 3.0s] [成功] 综合耗时: 209.0129 ms
测 256_sbrr: f=[8, 4, 4, 2], wgs=64, tpt=32 ... [建库: 38.5s | 运行: 3.0s] [成功] 综合耗时: 202.5369 ms
测 256_sbrr: f=[8, 4, 4, 2], wgs=64, tpt=64 ... [建库: 38.5s | 运行: 3.1s] [成功] 综合耗时: 200.3413 ms
测 256_sbrr: f=[8, 4, 4, 2], wgs=128, tpt=16 ... [建库: 39.8s | 运行: 3.0s] [成功] 综合耗时: 210.7977 ms
测 256_sbrr: f=[8, 4, 4, 2], wgs=128, tpt=32 ... [建库: 37.8s | 运行: 2.9s] [成功] 综合耗时: 191.6836 ms
测 256_sbrr: f=[8, 4, 4, 2], wgs=128, tpt=64 ... [建库: 38.7s | 运行: 2.9s] [成功] 综合耗时: 204.0170 ms
测 256_sbrr: f=[8, 4, 4, 2], wgs=128, tpt=128 ... [建库: 37.4s | 运行: 2.9s] [成功] 综合耗时: 197.3405 ms
测 256_sbrr: f=[8, 4, 4, 2], wgs=256, tpt=16 ... [建库: 37.2s | 运行: 3.1s] [成功] 综合耗时: 222.7258 ms
测 256_sbrr: f=[8, 4, 4, 2], wgs=256, tpt=32 ... [建库: 40.7s | 运行: 2.8s] [成功] 综合耗时: 177.7493 ms
测 256_sbrr: f=[8, 4, 4, 2], wgs=256, tpt=64 ... [建库: 37.5s | 运行: 2.9s] [成功] 综合耗时: 190.6693 ms
测 256_sbrr: f=[8, 4, 4, 2], wgs=256, tpt=128 ... [建库: 39.9s | 运行: 3.3s] [成功] 综合耗时: 210.4059 ms
测 256_sbrr: f=[8, 4, 4, 2], wgs=256, tpt=256 ... [建库: 37.3s | 运行: 3.1s] [成功] 综合耗时: 218.6695 ms
测 256_sbrr: f=[8, 4, 4, 2], wgs=512, tpt=32 ... [建库: 37.4s | 运行: 2.8s] [成功] 综合耗时: 183.9894 ms
测 256_sbrr: f=[8, 4, 4, 2], wgs=512, tpt=64 ... [建库: 37.2s | 运行: 2.8s] [成功] 综合耗时: 178.3977 ms
测 256_sbrr: f=[8, 4, 4, 2], wgs=512, tpt=128 ... [建库: 37.3s | 运行: 3.0s] [成功] 综合耗时: 202.3754 ms
测 256_sbrr: f=[8, 4, 4, 2], wgs=512, tpt=256 ... [建库: 38.2s | 运行: 3.1s] [成功] 综合耗时: 224.2623 ms
测 256_sbrr: f=[8, 4, 4, 2], wgs=512, tpt=512 ... [建库: 38.3s | 运行: 3.3s] [成功] 综合耗时: 273.0325 ms
测 256_sbrr: f=[8, 4, 4, 2], wgs=1024, tpt=64 ... [建库: 38.2s | 运行: 2.8s] [成功] 综合耗时: 180.9454 ms
测 256_sbrr: f=[8, 4, 4, 2], wgs=1024, tpt=128 ... [建库: 38.1s | 运行: 3.0s] [成功] 综合耗时: 208.3502 ms
测 256_sbrr: f=[8, 4, 4, 2], wgs=1024, tpt=256 ... [建库: 39.3s | 运行: 3.1s] [成功] 综合耗时: 228.1111 ms
测 256_sbrr: f=[8, 4, 4, 2], wgs=1024, tpt=512 ... [建库: 39.5s | 运行: 3.7s] [成功] 综合耗时: 291.6084 ms
测 256_sbrr: f=[8, 4, 4, 2], wgs=1024, tpt=1024 ... [建库: 37.9s | 运行: 4.0s] [成功] 综合耗时: 377.6338 ms
测 256_sbrr: f=[16, 8, 2], wgs=64, tpt=16 ... [建库: 38.1s | 运行: 2.9s] [成功] 综合耗时: 198.1823 ms
测 256_sbrr: f=[16, 8, 2], wgs=64, tpt=32 ... [建库: 37.8s | 运行: 3.0s] [成功] 综合耗时: 219.7201 ms
测 256_sbrr: f=[16, 8, 2], wgs=64, tpt=64 ... [建库: 38.0s | 运行: 3.3s] [成功] 综合耗时: 227.0928 ms
测 256_sbrr: f=[16, 8, 2], wgs=128, tpt=16 ... [建库: 37.3s | 运行: 2.9s] [成功] 综合耗时: 199.1230 ms
测 256_sbrr: f=[16, 8, 2], wgs=128, tpt=32 ... [建库: 37.9s | 运行: 3.0s] [成功] 综合耗时: 202.8225 ms
测 256_sbrr: f=[16, 8, 2], wgs=128, tpt=64 ... [建库: 37.8s | 运行: 3.1s] [成功] 综合耗时: 222.0588 ms
测 256_sbrr: f=[16, 8, 2], wgs=128, tpt=128 ... [建库: 39.0s | 运行: 3.3s] [成功] 综合耗时: 247.9181 ms
测 256_sbrr: f=[16, 8, 2], wgs=256, tpt=16 ... [建库: 37.9s | 运行: 3.1s] [成功] 综合耗时: 214.6450 ms
测 256_sbrr: f=[16, 8, 2], wgs=256, tpt=32 ... [建库: 37.3s | 运行: 2.9s] [成功] 综合耗时: 189.5355 ms
测 256_sbrr: f=[16, 8, 2], wgs=256, tpt=64 ... [建库: 38.1s | 运行: 3.0s] [成功] 综合耗时: 210.5933 ms
测 256_sbrr: f=[16, 8, 2], wgs=256, tpt=128 ... [建库: 37.4s | 运行: 3.5s] [成功] 综合耗时: 247.5731 ms
测 256_sbrr: f=[16, 8, 2], wgs=256, tpt=256 ... [建库: 37.4s | 运行: 3.4s] [成功] 综合耗时: 278.4832 ms
测 256_sbrr: f=[16, 8, 2], wgs=512, tpt=32 ... [建库: 38.5s | 运行: 3.1s] [成功] 综合耗时: 207.7038 ms
测 256_sbrr: f=[16, 8, 2], wgs=512, tpt=64 ... [建库: 41.1s | 运行: 3.1s] [成功] 综合耗时: 228.5721 ms
测 256_sbrr: f=[16, 8, 2], wgs=512, tpt=128 ... [建库: 38.0s | 运行: 3.2s] [成功] 综合耗时: 245.2565 ms
测 256_sbrr: f=[16, 8, 2], wgs=512, tpt=256 ... [建库: 38.2s | 运行: 3.5s] [成功] 综合耗时: 305.2467 ms
测 256_sbrr: f=[16, 8, 2], wgs=512, tpt=512 ... [建库: 37.4s | 运行: 4.0s] [成功] 综合耗时: 391.7316 ms
测 256_sbrr: f=[16, 8, 2], wgs=1024, tpt=64 ... [建库: 46.3s | 运行: 3.2s] [成功] 综合耗时: 240.5410 ms
测 256_sbrr: f=[16, 8, 2], wgs=1024, tpt=128 ... [建库: 38.1s | 运行: 3.4s] [成功] 综合耗时: 282.6708 ms
测 256_sbrr: f=[16, 8, 2], wgs=1024, tpt=256 ... [建库: 37.3s | 运行: 3.9s] [成功] 综合耗时: 385.1392 ms
测 256_sbrr: f=[16, 8, 2], wgs=1024, tpt=512 ... [建库: 38.0s | 运行: 5.4s] [成功] 综合耗时: 608.4524 ms
测 256_sbrr: f=[16, 8, 2], wgs=1024, tpt=1024 ... [建库: 37.1s | 运行: 6.4s] [成功] 综合耗时: 824.5279 ms
测 256_sbrr: f=[16, 4, 4], wgs=64, tpt=16 ... [建库: 37.5s | 运行: 2.9s] [成功] 综合耗时: 199.2611 ms
测 256_sbrr: f=[16, 4, 4], wgs=64, tpt=32 ... [建库: 39.0s | 运行: 2.8s] [成功] 综合耗时: 206.0252 ms
测 256_sbrr: f=[16, 4, 4], wgs=64, tpt=64 ... [建库: 37.5s | 运行: 2.8s] [成功] 综合耗时: 204.4365 ms
测 256_sbrr: f=[16, 4, 4], wgs=128, tpt=16 ... [建库: 37.3s | 运行: 2.9s] [成功] 综合耗时: 198.9788 ms
测 256_sbrr: f=[16, 4, 4], wgs=128, tpt=32 ... [建库: 37.5s | 运行: 2.9s] [成功] 综合耗时: 187.4625 ms
测 256_sbrr: f=[16, 4, 4], wgs=128, tpt=64 ... [建库: 37.8s | 运行: 2.9s] [成功] 综合耗时: 207.2600 ms
测 256_sbrr: f=[16, 4, 4], wgs=128, tpt=128 ... [建库: 38.1s | 运行: 3.3s] [成功] 综合耗时: 223.4856 ms
测 256_sbrr: f=[16, 4, 4], wgs=256, tpt=16 ... [建库: 38.3s | 运行: 2.9s] [成功] 综合耗时: 200.4644 ms
测 256_sbrr: f=[16, 4, 4], wgs=256, tpt=32 ... [建库: 37.9s | 运行: 2.9s] [成功] 综合耗时: 187.4971 ms
测 256_sbrr: f=[16, 4, 4], wgs=256, tpt=64 ... [建库: 37.4s | 运行: 2.9s] [成功] 综合耗时: 199.3570 ms
测 256_sbrr: f=[16, 4, 4], wgs=256, tpt=128 ... [建库: 37.9s | 运行: 3.2s] [成功] 综合耗时: 235.9317 ms
测 256_sbrr: f=[16, 4, 4], wgs=256, tpt=256 ... [建库: 37.6s | 运行: 3.1s] [成功] 综合耗时: 253.0823 ms
测 256_sbrr: f=[16, 4, 4], wgs=512, tpt=32 ... [建库: 39.4s | 运行: 2.9s] [成功] 综合耗时: 191.5928 ms
测 256_sbrr: f=[16, 4, 4], wgs=512, tpt=64 ... [建库: 37.8s | 运行: 2.9s] [成功] 综合耗时: 202.6859 ms
测 256_sbrr: f=[16, 4, 4], wgs=512, tpt=128 ... [建库: 39.2s | 运行: 3.1s] [成功] 综合耗时: 231.6030 ms
测 256_sbrr: f=[16, 4, 4], wgs=512, tpt=256 ... [建库: 37.5s | 运行: 3.6s] [成功] 综合耗时: 281.8790 ms
测 256_sbrr: f=[16, 4, 4], wgs=512, tpt=512 ... [建库: 42.0s | 运行: 3.8s] [成功] 综合耗时: 338.0161 ms
测 256_sbrr: f=[16, 4, 4], wgs=1024, tpt=64 ... [建库: 44.6s | 运行: 3.0s] [成功] 综合耗时: 211.3709 ms
测 256_sbrr: f=[16, 4, 4], wgs=1024, tpt=128 ... [建库: 37.6s | 运行: 3.4s] [成功] 综合耗时: 285.2444 ms
测 256_sbrr: f=[16, 4, 4], wgs=1024, tpt=256 ... [建库: 37.5s | 运行: 3.8s] [成功] 综合耗时: 349.6140 ms
测 256_sbrr: f=[16, 4, 4], wgs=1024, tpt=512 ... [建库: 38.1s | 运行: 4.8s] [成功] 综合耗时: 498.7732 ms
测 256_sbrr: f=[16, 4, 4], wgs=1024, tpt=1024 ... [建库: 37.5s | 运行: 5.6s] [成功] 综合耗时: 655.7210 ms
测 256_sbrr: f=[8, 2, 2, 2, 2, 2], wgs=64, tpt=16 ... [建库: 38.5s | 运行: 3.1s] [成功] 综合耗时: 229.0057 ms
测 256_sbrr: f=[8, 2, 2, 2, 2, 2], wgs=64, tpt=32 ... [建库: 37.6s | 运行: 2.9s] [成功] 综合耗时: 208.2343 ms
测 256_sbrr: f=[8, 2, 2, 2, 2, 2], wgs=64, tpt=64 ... [建库: 37.8s | 运行: 2.9s] [成功] 综合耗时: 192.2655 ms
测 256_sbrr: f=[8, 2, 2, 2, 2, 2], wgs=128, tpt=16 ... [建库: 39.0s | 运行: 3.1s] [成功] 综合耗时: 230.5765 ms
测 256_sbrr: f=[8, 2, 2, 2, 2, 2], wgs=128, tpt=32 ... [建库: 37.9s | 运行: 2.9s] [成功] 综合耗时: 190.5244 ms
测 256_sbrr: f=[8, 2, 2, 2, 2, 2], wgs=128, tpt=64 ... [建库: 37.7s | 运行: 2.8s] [成功] 综合耗时: 195.0792 ms
测 256_sbrr: f=[8, 2, 2, 2, 2, 2], wgs=128, tpt=128 ... [建库: 38.5s | 运行: 2.7s] [成功] 综合耗时: 188.6031 ms
测 256_sbrr: f=[8, 2, 2, 2, 2, 2], wgs=256, tpt=16 ... [建库: 38.1s | 运行: 3.1s] [成功] 综合耗时: 234.0676 ms
测 256_sbrr: f=[8, 2, 2, 2, 2, 2], wgs=256, tpt=32 ... [建库: 37.9s | 运行: 2.9s] [成功] 综合耗时: 190.4359 ms
测 256_sbrr: f=[8, 2, 2, 2, 2, 2], wgs=256, tpt=64 ... [建库: 37.3s | 运行: 2.9s] [成功] 综合耗时: 192.6310 ms
测 256_sbrr: f=[8, 2, 2, 2, 2, 2], wgs=256, tpt=128 ... [建库: 37.2s | 运行: 3.1s] [成功] 综合耗时: 202.0579 ms
测 256_sbrr: f=[8, 2, 2, 2, 2, 2], wgs=256, tpt=256 ... [建库: 38.0s | 运行: 3.2s] [成功] 综合耗时: 205.5748 ms
测 256_sbrr: f=[8, 2, 2, 2, 2, 2], wgs=512, tpt=32 ... [建库: 37.8s | 运行: 2.9s] [成功] 综合耗时: 192.0810 ms
测 256_sbrr: f=[8, 2, 2, 2, 2, 2], wgs=512, tpt=64 ... [建库: 37.3s | 运行: 2.8s] [成功] 综合耗时: 184.9069 ms
测 256_sbrr: f=[8, 2, 2, 2, 2, 2], wgs=512, tpt=128 ... [建库: 38.0s | 运行: 2.9s] [成功] 综合耗时: 185.2101 ms
测 256_sbrr: f=[8, 2, 2, 2, 2, 2], wgs=512, tpt=256 ... [建库: 37.7s | 运行: 3.3s] [成功] 综合耗时: 220.7083 ms
测 256_sbrr: f=[8, 2, 2, 2, 2, 2], wgs=512, tpt=512 ... [建库: 37.3s | 运行: 3.0s] [成功] 综合耗时: 241.7698 ms
测 256_sbrr: f=[8, 2, 2, 2, 2, 2], wgs=1024, tpt=64 ... [建库: 38.1s | 运行: 2.8s] [成功] 综合耗时: 186.5544 ms
测 256_sbrr: f=[8, 2, 2, 2, 2, 2], wgs=1024, tpt=128 ... [建库: 37.5s | 运行: 2.9s] [成功] 综合耗时: 189.9196 ms
测 256_sbrr: f=[8, 2, 2, 2, 2, 2], wgs=1024, tpt=256 ... [建库: 37.5s | 运行: 3.2s] [成功] 综合耗时: 236.6943 ms
测 256_sbrr: f=[8, 2, 2, 2, 2, 2], wgs=1024, tpt=512 ... [建库: 38.9s | 运行: 3.5s] [成功] 综合耗时: 262.6887 ms
测 256_sbrr: f=[8, 2, 2, 2, 2, 2], wgs=1024, tpt=1024 ... [建库: 37.6s | 运行: 3.8s] [成功] 综合耗时: 335.3583 ms
测 256_sbrr: f=[4, 4, 4, 4], wgs=64, tpt=16 ... [建库: 37.5s | 运行: 3.0s] [成功] 综合耗时: 206.2375 ms
测 256_sbrr: f=[4, 4, 4, 4], wgs=64, tpt=32 ... [建库: 37.4s | 运行: 2.9s] [成功] 综合耗时: 196.1573 ms
测 256_sbrr: f=[4, 4, 4, 4], wgs=64, tpt=64 ... [建库: 37.3s | 运行: 2.7s] [成功] 综合耗时: 183.3433 ms
测 256_sbrr: f=[4, 4, 4, 4], wgs=128, tpt=16 ... [建库: 39.4s | 运行: 3.0s] [成功] 综合耗时: 206.1752 ms
测 256_sbrr: f=[4, 4, 4, 4], wgs=128, tpt=32 ... [建库: 38.2s | 运行: 2.9s] [成功] 综合耗时: 191.3237 ms
测 256_sbrr: f=[4, 4, 4, 4], wgs=128, tpt=64 ... [建库: 37.5s | 运行: 2.9s] [成功] 综合耗时: 185.8727 ms
测 256_sbrr: f=[4, 4, 4, 4], wgs=128, tpt=128 ... [建库: 39.0s | 运行: 2.8s] [成功] 综合耗时: 186.7502 ms
测 256_sbrr: f=[4, 4, 4, 4], wgs=256, tpt=16 ... [建库: 37.1s | 运行: 3.1s] [成功] 综合耗时: 220.1540 ms
测 256_sbrr: f=[4, 4, 4, 4], wgs=256, tpt=32 ... [建库: 37.4s | 运行: 2.8s] [成功] 综合耗时: 176.9009 ms
测 256_sbrr: f=[4, 4, 4, 4], wgs=256, tpt=64 ... [建库: 38.0s | 运行: 2.8s] [成功] 综合耗时: 173.0117 ms
测 256_sbrr: f=[4, 4, 4, 4], wgs=256, tpt=128 ... [建库: 37.9s | 运行: 2.8s] [成功] 综合耗时: 189.8815 ms
测 256_sbrr: f=[4, 4, 4, 4], wgs=256, tpt=256 ... [建库: 37.8s | 运行: 3.1s] [成功] 综合耗时: 213.9981 ms
测 256_sbrr: f=[4, 4, 4, 4], wgs=512, tpt=32 ... [建库: 38.2s | 运行: 3.0s] [成功] 综合耗时: 191.5979 ms
测 256_sbrr: f=[4, 4, 4, 4], wgs=512, tpt=64 ... [建库: 37.6s | 运行: 2.8s] [成功] 综合耗时: 179.8052 ms
测 256_sbrr: f=[4, 4, 4, 4], wgs=512, tpt=128 ... [建库: 37.4s | 运行: 2.8s] [成功] 综合耗时: 188.0154 ms
测 256_sbrr: f=[4, 4, 4, 4], wgs=512, tpt=256 ... [建库: 37.5s | 运行: 2.9s] [成功] 综合耗时: 210.4491 ms
测 256_sbrr: f=[4, 4, 4, 4], wgs=512, tpt=512 ... [建库: 42.3s | 运行: 3.2s] [成功] 综合耗时: 229.4190 ms
测 256_sbrr: f=[4, 4, 4, 4], wgs=1024, tpt=64 ... [建库: 37.3s | 运行: 2.8s] [成功] 综合耗时: 174.6102 ms
测 256_sbrr: f=[4, 4, 4, 4], wgs=1024, tpt=128 ... [建库: 43.3s | 运行: 2.9s] [成功] 综合耗时: 187.0992 ms
测 256_sbrr: f=[4, 4, 4, 4], wgs=1024, tpt=256 ... [建库: 38.4s | 运行: 3.0s] [成功] 综合耗时: 212.1212 ms
测 256_sbrr: f=[4, 4, 4, 4], wgs=1024, tpt=512 ... [建库: 39.0s | 运行: 3.2s] [成功] 综合耗时: 241.7100 ms
测 256_sbrr: f=[4, 4, 4, 4], wgs=1024, tpt=1024 ... [建库: 37.6s | 运行: 3.7s] [成功] 综合耗时: 286.4395 ms
测 256_sbrr: f=[16, 4, 2, 2], wgs=64, tpt=16 ... [建库: 37.9s | 运行: 3.0s] [成功] 综合耗时: 209.4810 ms
测 256_sbrr: f=[16, 4, 2, 2], wgs=64, tpt=32 ... [建库: 37.9s | 运行: 2.9s] [成功] 综合耗时: 211.2226 ms
测 256_sbrr: f=[16, 4, 2, 2], wgs=64, tpt=64 ... [建库: 38.0s | 运行: 2.9s] [成功] 综合耗时: 211.4183 ms
测 256_sbrr: f=[16, 4, 2, 2], wgs=128, tpt=16 ... [建库: 37.7s | 运行: 3.0s] [成功] 综合耗时: 212.9072 ms
测 256_sbrr: f=[16, 4, 2, 2], wgs=128, tpt=32 ... [建库: 38.0s | 运行: 2.9s] [成功] 综合耗时: 193.0385 ms
测 256_sbrr: f=[16, 4, 2, 2], wgs=128, tpt=64 ... [建库: 39.0s | 运行: 3.0s] [成功] 综合耗时: 209.3132 ms
测 256_sbrr: f=[16, 4, 2, 2], wgs=128, tpt=128 ... [建库: 37.4s | 运行: 3.1s] [成功] 综合耗时: 222.2941 ms
测 256_sbrr: f=[16, 4, 2, 2], wgs=256, tpt=16 ... [建库: 37.7s | 运行: 3.0s] [成功] 综合耗时: 212.0387 ms
测 256_sbrr: f=[16, 4, 2, 2], wgs=256, tpt=32 ... [建库: 43.5s | 运行: 2.9s] [成功] 综合耗时: 193.9512 ms
测 256_sbrr: f=[16, 4, 2, 2], wgs=256, tpt=64 ... [建库: 38.0s | 运行: 2.9s] [成功] 综合耗时: 201.4410 ms
测 256_sbrr: f=[16, 4, 2, 2], wgs=256, tpt=128 ... [建库: 37.9s | 运行: 3.3s] [成功] 综合耗时: 224.3197 ms
测 256_sbrr: f=[16, 4, 2, 2], wgs=256, tpt=256 ... [建库: 37.4s | 运行: 3.3s] [成功] 综合耗时: 258.4052 ms
测 256_sbrr: f=[16, 4, 2, 2], wgs=512, tpt=32 ... [建库: 37.3s | 运行: 2.9s] [成功] 综合耗时: 198.5859 ms
测 256_sbrr: f=[16, 4, 2, 2], wgs=512, tpt=64 ... [建库: 40.2s | 运行: 2.9s] [成功] 综合耗时: 204.7140 ms
测 256_sbrr: f=[16, 4, 2, 2], wgs=512, tpt=128 ... [建库: 38.0s | 运行: 3.1s] [成功] 综合耗时: 230.9468 ms
测 256_sbrr: f=[16, 4, 2, 2], wgs=512, tpt=256 ... [建库: 38.2s | 运行: 3.4s] [成功] 综合耗时: 281.7524 ms
测 256_sbrr: f=[16, 4, 2, 2], wgs=512, tpt=512 ... [建库: 37.6s | 运行: 3.6s] [成功] 综合耗时: 343.3657 ms
测 256_sbrr: f=[16, 4, 2, 2], wgs=1024, tpt=64 ... [建库: 37.2s | 运行: 3.0s] [成功] 综合耗时: 214.9110 ms
测 256_sbrr: f=[16, 4, 2, 2], wgs=1024, tpt=128 ... [建库: 37.5s | 运行: 3.4s] [成功] 综合耗时: 278.4151 ms
测 256_sbrr: f=[16, 4, 2, 2], wgs=1024, tpt=256 ... [建库: 37.8s | 运行: 3.8s] [成功] 综合耗时: 355.9806 ms
测 256_sbrr: f=[16, 4, 2, 2], wgs=1024, tpt=512 ... [建库: 38.0s | 运行: 4.8s] [成功] 综合耗时: 544.3768 ms
测 256_sbrr: f=[16, 4, 2, 2], wgs=1024, tpt=1024 ... [建库: 38.4s | 运行: 5.7s] [成功] 综合耗时: 688.8741 ms
测 256_sbrr: f=[16, 16], wgs=64, tpt=16 ... [建库: 38.5s | 运行: 2.9s] [成功] 综合耗时: 185.2117 ms
测 256_sbrr: f=[16, 16], wgs=64, tpt=32 ... [建库: 37.3s | 运行: 2.9s] [成功] 综合耗时: 214.5700 ms
测 256_sbrr: f=[16, 16], wgs=64, tpt=64 ... [建库: 37.2s | 运行: 3.1s] [成功] 综合耗时: 228.6108 ms
测 256_sbrr: f=[16, 16], wgs=128, tpt=16 ... [建库: 37.6s | 运行: 2.9s] [成功] 综合耗时: 186.4536 ms
测 256_sbrr: f=[16, 16], wgs=128, tpt=32 ... [建库: 38.0s | 运行: 2.9s] [成功] 综合耗时: 195.5312 ms
测 256_sbrr: f=[16, 16], wgs=128, tpt=64 ... [建库: 37.7s | 运行: 3.0s] [成功] 综合耗时: 230.8817 ms
测 256_sbrr: f=[16, 16], wgs=128, tpt=128 ... [建库: 37.5s | 运行: 3.2s] [成功] 综合耗时: 249.7355 ms
测 256_sbrr: f=[16, 16], wgs=256, tpt=16 ... [建库: 37.5s | 运行: 3.0s] [成功] 综合耗时: 200.0577 ms
测 256_sbrr: f=[16, 16], wgs=256, tpt=32 ... [建库: 37.4s | 运行: 2.9s] [成功] 综合耗时: 198.9185 ms
测 256_sbrr: f=[16, 16], wgs=256, tpt=64 ... [建库: 37.7s | 运行: 3.0s] [成功] 综合耗时: 220.9883 ms
测 256_sbrr: f=[16, 16], wgs=256, tpt=128 ... [建库: 37.5s | 运行: 3.5s] [成功] 综合耗时: 257.4523 ms
测 256_sbrr: f=[16, 16], wgs=256, tpt=256 ... [建库: 37.6s | 运行: 3.6s] [成功] 综合耗时: 322.4522 ms
测 256_sbrr: f=[16, 16], wgs=512, tpt=32 ... [建库: 37.4s | 运行: 2.9s] [成功] 综合耗时: 202.7384 ms
测 256_sbrr: f=[16, 16], wgs=512, tpt=64 ... [建库: 37.9s | 运行: 3.1s] [成功] 综合耗时: 223.8425 ms
测 256_sbrr: f=[16, 16], wgs=512, tpt=128 ... [建库: 44.3s | 运行: 3.3s] [成功] 综合耗时: 262.6015 ms
测 256_sbrr: f=[16, 16], wgs=512, tpt=256 ... [建库: 45.1s | 运行: 3.6s] [成功] 综合耗时: 339.0719 ms
测 256_sbrr: f=[16, 16], wgs=512, tpt=512 ... [建库: 37.7s | 运行: 3.9s] [成功] 综合耗时: 393.4883 ms
测 256_sbrr: f=[16, 16], wgs=1024, tpt=64 ... [建库: 37.7s | 运行: 3.4s] [成功] 综合耗时: 279.4937 ms
测 256_sbrr: f=[16, 16], wgs=1024, tpt=128 ... [建库: 37.3s | 运行: 3.7s] [成功] 综合耗时: 345.6752 ms
测 256_sbrr: f=[16, 16], wgs=1024, tpt=256 ... [建库: 38.0s | 运行: 4.6s] [成功] 综合耗时: 492.2864 ms
测 256_sbrr: f=[16, 16], wgs=1024, tpt=512 ... [建库: 42.7s | 运行: 5.6s] [成功] 综合耗时: 678.2273 ms
测 256_sbrr: f=[16, 16], wgs=1024, tpt=1024 ... [建库: 37.4s | 运行: 8.5s] [成功] 综合耗时: 1180.8650 ms
测 256_sbrr: f=[8, 4, 2, 2, 2], wgs=64, tpt=16 ... [建库: 37.6s | 运行: 3.0s] [成功] 综合耗时: 218.3015 ms
测 256_sbrr: f=[8, 4, 2, 2, 2], wgs=64, tpt=32 ... [建库: 37.4s | 运行: 3.0s] [成功] 综合耗时: 216.4074 ms
测 256_sbrr: f=[8, 4, 2, 2, 2], wgs=64, tpt=64 ... [建库: 37.4s | 运行: 3.1s] [成功] 综合耗时: 189.7998 ms
测 256_sbrr: f=[8, 4, 2, 2, 2], wgs=128, tpt=16 ... [建库: 43.1s | 运行: 3.2s] [成功] 综合耗时: 233.4482 ms
测 256_sbrr: f=[8, 4, 2, 2, 2], wgs=128, tpt=32 ... [建库: 37.5s | 运行: 2.9s] [成功] 综合耗时: 184.7378 ms
测 256_sbrr: f=[8, 4, 2, 2, 2], wgs=128, tpt=64 ... [建库: 37.8s | 运行: 2.8s] [成功] 综合耗时: 194.3451 ms
测 256_sbrr: f=[8, 4, 2, 2, 2], wgs=128, tpt=128 ... [建库: 37.9s | 运行: 2.9s] [成功] 综合耗时: 193.6404 ms
测 256_sbrr: f=[8, 4, 2, 2, 2], wgs=256, tpt=16 ... [建库: 37.8s | 运行: 3.2s] [成功] 综合耗时: 234.5769 ms
测 256_sbrr: f=[8, 4, 2, 2, 2], wgs=256, tpt=32 ... [建库: 38.2s | 运行: 2.9s] [成功] 综合耗时: 184.9613 ms
测 256_sbrr: f=[8, 4, 2, 2, 2], wgs=256, tpt=64 ... [建库: 37.5s | 运行: 2.8s] [成功] 综合耗时: 179.3375 ms
测 256_sbrr: f=[8, 4, 2, 2, 2], wgs=256, tpt=128 ... [建库: 39.3s | 运行: 3.1s] [成功] 综合耗时: 193.8269 ms
测 256_sbrr: f=[8, 4, 2, 2, 2], wgs=256, tpt=256 ... [建库: 37.6s | 运行: 3.3s] [成功] 综合耗时: 224.9565 ms
测 256_sbrr: f=[8, 4, 2, 2, 2], wgs=512, tpt=32 ... [建库: 37.6s | 运行: 2.8s] [成功] 综合耗时: 185.6300 ms
测 256_sbrr: f=[8, 4, 2, 2, 2], wgs=512, tpt=64 ... [建库: 38.3s | 运行: 3.0s] [成功] 综合耗时: 194.8666 ms
测 256_sbrr: f=[8, 4, 2, 2, 2], wgs=512, tpt=128 ... [建库: 37.3s | 运行: 2.9s] [成功] 综合耗时: 188.2571 ms
测 256_sbrr: f=[8, 4, 2, 2, 2], wgs=512, tpt=256 ... [建库: 38.3s | 运行: 3.2s] [成功] 综合耗时: 234.5398 ms
测 256_sbrr: f=[8, 4, 2, 2, 2], wgs=512, tpt=512 ... [建库: 37.4s | 运行: 3.1s] [成功] 综合耗时: 251.9653 ms
测 256_sbrr: f=[8, 4, 2, 2, 2], wgs=1024, tpt=64 ... [建库: 38.2s | 运行: 3.0s] [成功] 综合耗时: 191.7375 ms
测 256_sbrr: f=[8, 4, 2, 2, 2], wgs=1024, tpt=128 ... [建库: 37.9s | 运行: 2.9s] [成功] 综合耗时: 190.9866 ms
测 256_sbrr: f=[8, 4, 2, 2, 2], wgs=1024, tpt=256 ... [建库: 37.8s | 运行: 3.2s] [成功] 综合耗时: 239.2875 ms
测 256_sbrr: f=[8, 4, 2, 2, 2], wgs=1024, tpt=512 ... [建库: 37.6s | 运行: 3.3s] [成功] 综合耗时: 273.0499 ms
测 256_sbrr: f=[8, 4, 2, 2, 2], wgs=1024, tpt=1024 ... [建库: 37.6s | 运行: 4.1s] [成功] 综合耗时: 362.9628 ms
测 256_sbrr: f=[8, 8, 2, 2], wgs=64, tpt=16 ... [建库: 38.9s | 运行: 3.0s] [成功] 综合耗时: 211.9717 ms
测 256_sbrr: f=[8, 8, 2, 2], wgs=64, tpt=32 ... [建库: 37.6s | 运行: 2.9s] [成功] 综合耗时: 209.0912 ms
测 256_sbrr: f=[8, 8, 2, 2], wgs=64, tpt=64 ... [建库: 37.3s | 运行: 3.2s] [成功] 综合耗时: 206.8352 ms
测 256_sbrr: f=[8, 8, 2, 2], wgs=128, tpt=16 ... [建库: 37.2s | 运行: 3.0s] [成功] 综合耗时: 209.4779 ms
测 256_sbrr: f=[8, 8, 2, 2], wgs=128, tpt=32 ... [建库: 37.3s | 运行: 2.9s] [成功] 综合耗时: 190.8791 ms
测 256_sbrr: f=[8, 8, 2, 2], wgs=128, tpt=64 ... [建库: 43.4s | 运行: 2.9s] [成功] 综合耗时: 208.9862 ms
测 256_sbrr: f=[8, 8, 2, 2], wgs=128, tpt=128 ... [建库: 38.3s | 运行: 3.0s] [成功] 综合耗时: 202.5500 ms
测 256_sbrr: f=[8, 8, 2, 2], wgs=256, tpt=16 ... [建库: 37.4s | 运行: 3.1s] [成功] 综合耗时: 223.5379 ms
测 256_sbrr: f=[8, 8, 2, 2], wgs=256, tpt=32 ... [建库: 37.4s | 运行: 2.8s] [成功] 综合耗时: 178.2262 ms
测 256_sbrr: f=[8, 8, 2, 2], wgs=256, tpt=64 ... [建库: 38.0s | 运行: 2.9s] [成功] 综合耗时: 191.3706 ms
测 256_sbrr: f=[8, 8, 2, 2], wgs=256, tpt=128 ... [建库: 38.2s | 运行: 3.0s] [成功] 综合耗时: 205.3889 ms
测 256_sbrr: f=[8, 8, 2, 2], wgs=256, tpt=256 ... [建库: 38.4s | 运行: 3.1s] [成功] 综合耗时: 230.0629 ms
测 256_sbrr: f=[8, 8, 2, 2], wgs=512, tpt=32 ... [建库: 37.9s | 运行: 2.8s] [成功] 综合耗时: 180.3374 ms
测 256_sbrr: f=[8, 8, 2, 2], wgs=512, tpt=64 ... [建库: 37.7s | 运行: 2.8s] [成功] 综合耗时: 186.4604 ms
测 256_sbrr: f=[8, 8, 2, 2], wgs=512, tpt=128 ... [建库: 37.5s | 运行: 2.9s] [成功] 综合耗时: 195.1444 ms
测 256_sbrr: f=[8, 8, 2, 2], wgs=512, tpt=256 ... [建库: 40.1s | 运行: 3.2s] [成功] 综合耗时: 236.2029 ms
测 256_sbrr: f=[8, 8, 2, 2], wgs=512, tpt=512 ... [建库: 37.6s | 运行: 3.4s] [成功] 综合耗时: 282.3132 ms
测 256_sbrr: f=[8, 8, 2, 2], wgs=1024, tpt=64 ... [建库: 37.4s | 运行: 3.0s] [成功] 综合耗时: 201.4619 ms
测 256_sbrr: f=[8, 8, 2, 2], wgs=1024, tpt=128 ... [建库: 38.1s | 运行: 2.9s] [成功] 综合耗时: 200.3589 ms
测 256_sbrr: f=[8, 8, 2, 2], wgs=1024, tpt=256 ... [建库: 37.3s | 运行: 3.1s] [成功] 综合耗时: 241.7170 ms
测 256_sbrr: f=[8, 8, 2, 2], wgs=1024, tpt=512 ... [建库: 37.7s | 运行: 3.8s] [成功] 综合耗时: 316.6138 ms
测 256_sbrr: f=[8, 8, 2, 2], wgs=1024, tpt=1024 ... [建库: 37.4s | 运行: 4.1s] [成功] 综合耗时: 431.1261 ms
测 256_sbrr: f=[2, 2, 2, 2, 2, 2, 2, 2], wgs=64, tpt=16 ... [建库: 37.4s | 运行: 3.3s] [成功] 综合耗时: 259.1375 ms
测 256_sbrr: f=[2, 2, 2, 2, 2, 2, 2, 2], wgs=64, tpt=32 ... [建库: 37.7s | 运行: 2.9s] [成功] 综合耗时: 228.0881 ms
测 256_sbrr: f=[2, 2, 2, 2, 2, 2, 2, 2], wgs=64, tpt=64 ... [建库: 37.5s | 运行: 2.9s] [成功] 综合耗时: 199.6130 ms
测 256_sbrr: f=[2, 2, 2, 2, 2, 2, 2, 2], wgs=128, tpt=16 ... [建库: 38.5s | 运行: 3.5s] [成功] 综合耗时: 276.6666 ms
测 256_sbrr: f=[2, 2, 2, 2, 2, 2, 2, 2], wgs=128, tpt=32 ... [建库: 37.5s | 运行: 3.1s] [成功] 综合耗时: 216.2953 ms
测 256_sbrr: f=[2, 2, 2, 2, 2, 2, 2, 2], wgs=128, tpt=64 ... [建库: 37.5s | 运行: 3.3s] [成功] 综合耗时: 206.9975 ms
测 256_sbrr: f=[2, 2, 2, 2, 2, 2, 2, 2], wgs=128, tpt=128 ... [建库: 37.5s | 运行: 2.8s] [成功] 综合耗时: 188.5620 ms
测 256_sbrr: f=[2, 2, 2, 2, 2, 2, 2, 2], wgs=256, tpt=16 ... [建库: 38.4s | 运行: 3.3s] [成功] 综合耗时: 268.0542 ms
测 256_sbrr: f=[2, 2, 2, 2, 2, 2, 2, 2], wgs=256, tpt=32 ... [建库: 37.2s | 运行: 3.0s] [成功] 综合耗时: 202.4655 ms
测 256_sbrr: f=[2, 2, 2, 2, 2, 2, 2, 2], wgs=256, tpt=64 ... [建库: 37.4s | 运行: 3.0s] [成功] 综合耗时: 198.5640 ms
测 256_sbrr: f=[2, 2, 2, 2, 2, 2, 2, 2], wgs=256, tpt=128 ... [建库: 37.8s | 运行: 3.0s] [成功] 综合耗时: 195.5015 ms
测 256_sbrr: f=[2, 2, 2, 2, 2, 2, 2, 2], wgs=256, tpt=256 ... [建库: 38.2s | 运行: 3.3s] [成功] 综合耗时: 207.9423 ms
测 256_sbrr: f=[2, 2, 2, 2, 2, 2, 2, 2], wgs=512, tpt=32 ... [建库: 37.9s | 运行: 3.0s] [成功] 综合耗时: 203.4654 ms
测 256_sbrr: f=[2, 2, 2, 2, 2, 2, 2, 2], wgs=512, tpt=64 ... [建库: 37.6s | 运行: 2.9s] [成功] 综合耗时: 186.7052 ms
测 256_sbrr: f=[2, 2, 2, 2, 2, 2, 2, 2], wgs=512, tpt=128 ... [建库: 37.3s | 运行: 2.8s] [成功] 综合耗时: 174.7672 ms
测 256_sbrr: f=[2, 2, 2, 2, 2, 2, 2, 2], wgs=512, tpt=256 ... [建库: 37.9s | 运行: 3.0s] [成功] 综合耗时: 199.8736 ms
测 256_sbrr: f=[2, 2, 2, 2, 2, 2, 2, 2], wgs=512, tpt=512 ... [建库: 38.2s | 运行: 2.9s] [成功] 综合耗时: 216.9235 ms
测 256_sbrr: f=[2, 2, 2, 2, 2, 2, 2, 2], wgs=1024, tpt=64 ... [建库: 38.3s | 运行: 2.9s] [成功] 综合耗时: 190.7545 ms
测 256_sbrr: f=[2, 2, 2, 2, 2, 2, 2, 2], wgs=1024, tpt=128 ... [建库: 37.9s | 运行: 2.9s] [成功] 综合耗时: 187.6998 ms
测 256_sbrr: f=[2, 2, 2, 2, 2, 2, 2, 2], wgs=1024, tpt=256 ... [建库: 37.1s | 运行: 2.9s] [成功] 综合耗时: 194.2665 ms
测 256_sbrr: f=[2, 2, 2, 2, 2, 2, 2, 2], wgs=1024, tpt=512 ... [建库: 38.3s | 运行: 3.3s] [成功] 综合耗时: 236.7223 ms
测 256_sbrr: f=[2, 2, 2, 2, 2, 2, 2, 2], wgs=1024, tpt=1024 ... [建库: 37.9s | 运行: 3.6s] [成功] 综合耗时: 278.7111 ms
测 256_sbrr: f=[4, 2, 2, 2, 2, 2, 2], wgs=64, tpt=16 ... [建库: 39.4s | 运行: 3.2s] [成功] 综合耗时: 245.7295 ms
测 256_sbrr: f=[4, 2, 2, 2, 2, 2, 2], wgs=64, tpt=32 ... [建库: 37.6s | 运行: 2.9s] [成功] 综合耗时: 214.6262 ms
测 256_sbrr: f=[4, 2, 2, 2, 2, 2, 2], wgs=64, tpt=64 ... [建库: 37.2s | 运行: 2.9s] [成功] 综合耗时: 197.6374 ms
测 256_sbrr: f=[4, 2, 2, 2, 2, 2, 2], wgs=128, tpt=16 ... [建库: 37.1s | 运行: 3.2s] [成功] 综合耗时: 249.9017 ms
测 256_sbrr: f=[4, 2, 2, 2, 2, 2, 2], wgs=128, tpt=32 ... [建库: 37.3s | 运行: 2.9s] [成功] 综合耗时: 194.8507 ms
测 256_sbrr: f=[4, 2, 2, 2, 2, 2, 2], wgs=128, tpt=64 ... [建库: 37.1s | 运行: 3.0s] [成功] 综合耗时: 194.6338 ms
测 256_sbrr: f=[4, 2, 2, 2, 2, 2, 2], wgs=128, tpt=128 ... [建库: 37.2s | 运行: 2.9s] [成功] 综合耗时: 180.9279 ms
测 256_sbrr: f=[4, 2, 2, 2, 2, 2, 2], wgs=256, tpt=16 ... [建库: 38.4s | 运行: 3.2s] [成功] 综合耗时: 252.3647 ms
测 256_sbrr: f=[4, 2, 2, 2, 2, 2, 2], wgs=256, tpt=32 ... [建库: 37.4s | 运行: 2.9s] [成功] 综合耗时: 195.2931 ms
测 256_sbrr: f=[4, 2, 2, 2, 2, 2, 2], wgs=256, tpt=64 ... [建库: 37.2s | 运行: 3.0s] [成功] 综合耗时: 195.4553 ms
测 256_sbrr: f=[4, 2, 2, 2, 2, 2, 2], wgs=256, tpt=128 ... [建库: 39.2s | 运行: 2.9s] [成功] 综合耗时: 184.2963 ms
测 256_sbrr: f=[4, 2, 2, 2, 2, 2, 2], wgs=256, tpt=256 ... [建库: 37.2s | 运行: 2.8s] [成功] 综合耗时: 193.6765 ms
测 256_sbrr: f=[4, 2, 2, 2, 2, 2, 2], wgs=512, tpt=32 ... [建库: 37.3s | 运行: 2.9s] [成功] 综合耗时: 195.5703 ms
测 256_sbrr: f=[4, 2, 2, 2, 2, 2, 2], wgs=512, tpt=64 ... [建库: 39.9s | 运行: 2.8s] [成功] 综合耗时: 183.1694 ms
测 256_sbrr: f=[4, 2, 2, 2, 2, 2, 2], wgs=512, tpt=128 ... [建库: 37.8s | 运行: 2.7s] [成功] 综合耗时: 174.4579 ms
测 256_sbrr: f=[4, 2, 2, 2, 2, 2, 2], wgs=512, tpt=256 ... [建库: 39.6s | 运行: 3.1s] [成功] 综合耗时: 210.7679 ms
测 256_sbrr: f=[4, 2, 2, 2, 2, 2, 2], wgs=512, tpt=512 ... [建库: 38.0s | 运行: 3.0s] [成功] 综合耗时: 226.6486 ms
测 256_sbrr: f=[4, 2, 2, 2, 2, 2, 2], wgs=1024, tpt=64 ... [建库: 39.0s | 运行: 3.0s] [成功] 综合耗时: 198.8187 ms
测 256_sbrr: f=[4, 2, 2, 2, 2, 2, 2], wgs=1024, tpt=128 ... [建库: 38.1s | 运行: 2.9s] [成功] 综合耗时: 193.0288 ms
测 256_sbrr: f=[4, 2, 2, 2, 2, 2, 2], wgs=1024, tpt=256 ... [建库: 37.8s | 运行: 2.9s] [成功] 综合耗时: 193.8146 ms
测 256_sbrr: f=[4, 2, 2, 2, 2, 2, 2], wgs=1024, tpt=512 ... [建库: 37.2s | 运行: 3.4s] [成功] 综合耗时: 236.2841 ms
测 256_sbrr: f=[4, 2, 2, 2, 2, 2, 2], wgs=1024, tpt=1024 ... [建库: 37.4s | 运行: 3.6s] [成功] 综合耗时: 275.6310 ms
测 256_sbrr: f=[4, 4, 2, 2, 2, 2], wgs=64, tpt=16 ... [建库: 38.1s | 运行: 3.1s] [成功] 综合耗时: 228.7310 ms
测 256_sbrr: f=[4, 4, 2, 2, 2, 2], wgs=64, tpt=32 ... [建库: 37.8s | 运行: 2.9s] [成功] 综合耗时: 209.3757 ms
测 256_sbrr: f=[4, 4, 2, 2, 2, 2], wgs=64, tpt=64 ... [建库: 37.1s | 运行: 3.2s] [成功] 综合耗时: 198.8193 ms
测 256_sbrr: f=[4, 4, 2, 2, 2, 2], wgs=128, tpt=16 ... [建库: 37.7s | 运行: 3.1s] [成功] 综合耗时: 228.4544 ms
测 256_sbrr: f=[4, 4, 2, 2, 2, 2], wgs=128, tpt=32 ... [建库: 37.3s | 运行: 2.9s] [成功] 综合耗时: 191.2932 ms
测 256_sbrr: f=[4, 4, 2, 2, 2, 2], wgs=128, tpt=64 ... [建库: 38.6s | 运行: 2.9s] [成功] 综合耗时: 187.4256 ms
测 256_sbrr: f=[4, 4, 2, 2, 2, 2], wgs=128, tpt=128 ... [建库: 38.0s | 运行: 3.0s] [成功] 综合耗时: 195.6934 ms
测 256_sbrr: f=[4, 4, 2, 2, 2, 2], wgs=256, tpt=16 ... [建库: 38.5s | 运行: 3.1s] [成功] 综合耗时: 231.7939 ms
测 256_sbrr: f=[4, 4, 2, 2, 2, 2], wgs=256, tpt=32 ... [建库: 37.4s | 运行: 3.0s] [成功] 综合耗时: 202.8411 ms
测 256_sbrr: f=[4, 4, 2, 2, 2, 2], wgs=256, tpt=64 ... [建库: 37.7s | 运行: 2.8s] [成功] 综合耗时: 177.5157 ms
测 256_sbrr: f=[4, 4, 2, 2, 2, 2], wgs=256, tpt=128 ... [建库: 38.6s | 运行: 3.0s] [成功] 综合耗时: 184.9122 ms
测 256_sbrr: f=[4, 4, 2, 2, 2, 2], wgs=256, tpt=256 ... [建库: 38.6s | 运行: 2.9s] [成功] 综合耗时: 200.0340 ms
测 256_sbrr: f=[4, 4, 2, 2, 2, 2], wgs=512, tpt=32 ... [建库: 37.2s | 运行: 3.0s] [成功] 综合耗时: 204.0343 ms
测 256_sbrr: f=[4, 4, 2, 2, 2, 2], wgs=512, tpt=64 ... [建库: 38.0s | 运行: 2.8s] [成功] 综合耗时: 179.4746 ms
测 256_sbrr: f=[4, 4, 2, 2, 2, 2], wgs=512, tpt=128 ... [建库: 38.5s | 运行: 2.8s] [成功] 综合耗时: 177.9701 ms
测 256_sbrr: f=[4, 4, 2, 2, 2, 2], wgs=512, tpt=256 ... [建库: 38.5s | 运行: 2.8s] [成功] 综合耗时: 206.1093 ms
测 256_sbrr: f=[4, 4, 2, 2, 2, 2], wgs=512, tpt=512 ... [建库: 37.7s | 运行: 3.1s] [成功] 综合耗时: 223.7778 ms
测 256_sbrr: f=[4, 4, 2, 2, 2, 2], wgs=1024, tpt=64 ... [建库: 37.5s | 运行: 2.8s] [成功] 综合耗时: 183.0189 ms
测 256_sbrr: f=[4, 4, 2, 2, 2, 2], wgs=1024, tpt=128 ... [建库: 37.5s | 运行: 2.8s] [成功] 综合耗时: 184.2334 ms
测 256_sbrr: f=[4, 4, 2, 2, 2, 2], wgs=1024, tpt=256 ... [建库: 37.3s | 运行: 3.0s] [成功] 综合耗时: 210.5343 ms
测 256_sbrr: f=[4, 4, 2, 2, 2, 2], wgs=1024, tpt=512 ... [建库: 37.1s | 运行: 3.1s] [成功] 综合耗时: 229.6282 ms
测 256_sbrr: f=[4, 4, 2, 2, 2, 2], wgs=1024, tpt=1024 ... [建库: 37.4s | 运行: 3.6s] [成功] 综合耗时: 278.3657 ms
测 256_sbrr: f=[8, 8, 4], wgs=64, tpt=16 ... [建库: 37.7s | 运行: 2.9s] [成功] 综合耗时: 199.5736 ms
测 256_sbrr: f=[8, 8, 4], wgs=64, tpt=32 ... [建库: 38.0s | 运行: 3.1s] [成功] 综合耗时: 192.3781 ms
测 256_sbrr: f=[8, 8, 4], wgs=64, tpt=64 ... [建库: 38.3s | 运行: 2.9s] [成功] 综合耗时: 193.5332 ms
测 256_sbrr: f=[8, 8, 4], wgs=128, tpt=16 ... [建库: 37.5s | 运行: 2.9s] [成功] 综合耗时: 199.3891 ms
测 256_sbrr: f=[8, 8, 4], wgs=128, tpt=32 ... [建库: 37.5s | 运行: 2.8s] [成功] 综合耗时: 173.4011 ms
测 256_sbrr: f=[8, 8, 4], wgs=128, tpt=64 ... [建库: 42.8s | 运行: 3.1s] [成功] 综合耗时: 193.2717 ms
测 256_sbrr: f=[8, 8, 4], wgs=128, tpt=128 ... [建库: 37.5s | 运行: 3.2s] [成功] 综合耗时: 204.9716 ms
测 256_sbrr: f=[8, 8, 4], wgs=256, tpt=16 ... [建库: 37.7s | 运行: 2.9s] [成功] 综合耗时: 201.5197 ms
测 256_sbrr: f=[8, 8, 4], wgs=256, tpt=32 ... [建库: 37.0s | 运行: 2.9s] [成功] 综合耗时: 186.4501 ms
测 256_sbrr: f=[8, 8, 4], wgs=256, tpt=64 ... [建库: 38.1s | 运行: 2.8s] [成功] 综合耗时: 181.4094 ms
测 256_sbrr: f=[8, 8, 4], wgs=256, tpt=128 ... [建库: 37.4s | 运行: 3.0s] [成功] 综合耗时: 208.8677 ms
测 256_sbrr: f=[8, 8, 4], wgs=256, tpt=256 ... [建库: 37.5s | 运行: 3.3s] [成功] 综合耗时: 229.9288 ms
测 256_sbrr: f=[8, 8, 4], wgs=512, tpt=32 ... [建库: 38.1s | 运行: 2.8s] [成功] 综合耗时: 172.7792 ms
测 256_sbrr: f=[8, 8, 4], wgs=512, tpt=64 ... [建库: 37.8s | 运行: 2.9s] [成功] 综合耗时: 185.2729 ms
测 256_sbrr: f=[8, 8, 4], wgs=512, tpt=128 ... [建库: 37.3s | 运行: 3.0s] [成功] 综合耗时: 199.0602 ms
测 256_sbrr: f=[8, 8, 4], wgs=512, tpt=256 ... [建库: 37.4s | 运行: 3.3s] [成功] 综合耗时: 239.9557 ms
测 256_sbrr: f=[8, 8, 4], wgs=512, tpt=512 ... [建库: 38.4s | 运行: 3.4s] [成功] 综合耗时: 286.6119 ms
测 256_sbrr: f=[8, 8, 4], wgs=1024, tpt=64 ... [建库: 38.0s | 运行: 2.9s] [成功] 综合耗时: 185.1317 ms
测 256_sbrr: f=[8, 8, 4], wgs=1024, tpt=128 ... [建库: 38.3s | 运行: 3.0s] [成功] 综合耗时: 203.7758 ms
测 256_sbrr: f=[8, 8, 4], wgs=1024, tpt=256 ... [建库: 37.7s | 运行: 3.1s] [成功] 综合耗时: 240.8436 ms
测 256_sbrr: f=[8, 8, 4], wgs=1024, tpt=512 ... [建库: 38.1s | 运行: 3.6s] [成功] 综合耗时: 306.9808 ms
测 256_sbrr: f=[8, 8, 4], wgs=1024, tpt=1024 ... [建库: 37.2s | 运行: 4.2s] [成功] 综合耗时: 418.7858 ms
测 256_sbrr: f=[4, 4, 4, 2, 2], wgs=64, tpt=16 ... [建库: 38.6s | 运行: 3.0s] [成功] 综合耗时: 217.7730 ms
测 256_sbrr: f=[4, 4, 4, 2, 2], wgs=64, tpt=32 ... [建库: 38.0s | 运行: 3.1s] [成功] 综合耗时: 215.7013 ms
测 256_sbrr: f=[4, 4, 4, 2, 2], wgs=64, tpt=64 ... [建库: 42.9s | 运行: 3.1s] [成功] 综合耗时: 188.8718 ms
测 256_sbrr: f=[4, 4, 4, 2, 2], wgs=128, tpt=16 ... [建库: 37.6s | 运行: 3.0s] [成功] 综合耗时: 220.8082 ms
测 256_sbrr: f=[4, 4, 4, 2, 2], wgs=128, tpt=32 ... [建库: 37.4s | 运行: 3.0s] [成功] 综合耗时: 198.3308 ms
测 256_sbrr: f=[4, 4, 4, 2, 2], wgs=128, tpt=64 ... [建库: 37.5s | 运行: 3.1s] [成功] 综合耗时: 184.5712 ms
测 256_sbrr: f=[4, 4, 4, 2, 2], wgs=128, tpt=128 ... [建库: 37.6s | 运行: 2.8s] [成功] 综合耗时: 187.4243 ms
测 256_sbrr: f=[4, 4, 4, 2, 2], wgs=256, tpt=16 ... [建库: 37.4s | 运行: 3.0s] [成功] 综合耗时: 219.1754 ms
测 256_sbrr: f=[4, 4, 4, 2, 2], wgs=256, tpt=32 ... [建库: 37.6s | 运行: 3.0s] [成功] 综合耗时: 197.8989 ms
测 256_sbrr: f=[4, 4, 4, 2, 2], wgs=256, tpt=64 ... [建库: 37.2s | 运行: 2.8s] [成功] 综合耗时: 179.5580 ms
测 256_sbrr: f=[4, 4, 4, 2, 2], wgs=256, tpt=128 ... [建库: 40.5s | 运行: 2.8s] [成功] 综合耗时: 188.4204 ms
测 256_sbrr: f=[4, 4, 4, 2, 2], wgs=256, tpt=256 ... [建库: 38.0s | 运行: 3.1s] [成功] 综合耗时: 215.1688 ms
测 256_sbrr: f=[4, 4, 4, 2, 2], wgs=512, tpt=32 ... [建库: 38.0s | 运行: 3.0s] [成功] 综合耗时: 198.9267 ms
测 256_sbrr: f=[4, 4, 4, 2, 2], wgs=512, tpt=64 ... [建库: 37.4s | 运行: 2.8s] [成功] 综合耗时: 177.0237 ms
测 256_sbrr: f=[4, 4, 4, 2, 2], wgs=512, tpt=128 ... [建库: 37.8s | 运行: 2.8s] [成功] 综合耗时: 184.2824 ms
测 256_sbrr: f=[4, 4, 4, 2, 2], wgs=512, tpt=256 ... [建库: 37.2s | 运行: 2.9s] [成功] 综合耗时: 208.2592 ms
测 256_sbrr: f=[4, 4, 4, 2, 2], wgs=512, tpt=512 ... [建库: 40.4s | 运行: 3.1s] [成功] 综合耗时: 231.8780 ms
测 256_sbrr: f=[4, 4, 4, 2, 2], wgs=1024, tpt=64 ... [建库: 37.2s | 运行: 2.8s] [成功] 综合耗时: 178.1547 ms
测 256_sbrr: f=[4, 4, 4, 2, 2], wgs=1024, tpt=128 ... [建库: 37.7s | 运行: 2.9s] [成功] 综合耗时: 186.8846 ms
测 256_sbrr: f=[4, 4, 4, 2, 2], wgs=1024, tpt=256 ... [建库: 37.5s | 运行: 3.1s] [成功] 综合耗时: 227.4388 ms
测 256_sbrr: f=[4, 4, 4, 2, 2], wgs=1024, tpt=512 ... [建库: 37.4s | 运行: 3.2s] [成功] 综合耗时: 254.3293 ms
测 256_sbrr: f=[4, 4, 4, 2, 2], wgs=1024, tpt=1024 ... [建库: 37.5s | 运行: 3.5s] [成功] 综合耗时: 292.2703 ms
测 256_sbrr: f=[16, 2, 2, 2, 2], wgs=64, tpt=16 ... [建库: 37.3s | 运行: 3.1s] [成功] 综合耗时: 220.9157 ms
测 256_sbrr: f=[16, 2, 2, 2, 2], wgs=64, tpt=32 ... [建库: 37.5s | 运行: 2.9s] [成功] 综合耗时: 216.6650 ms
测 256_sbrr: f=[16, 2, 2, 2, 2], wgs=64, tpt=64 ... [建库: 37.5s | 运行: 2.9s] [成功] 综合耗时: 210.0719 ms
测 256_sbrr: f=[16, 2, 2, 2, 2], wgs=128, tpt=16 ... [建库: 37.7s | 运行: 3.0s] [成功] 综合耗时: 221.6818 ms
测 256_sbrr: f=[16, 2, 2, 2, 2], wgs=128, tpt=32 ... [建库: 40.4s | 运行: 2.9s] [成功] 综合耗时: 196.0149 ms
测 256_sbrr: f=[16, 2, 2, 2, 2], wgs=128, tpt=64 ... [建库: 37.1s | 运行: 2.9s] [成功] 综合耗时: 212.3730 ms
测 256_sbrr: f=[16, 2, 2, 2, 2], wgs=128, tpt=128 ... [建库: 37.5s | 运行: 3.1s] [成功] 综合耗时: 217.3228 ms
测 256_sbrr: f=[16, 2, 2, 2, 2], wgs=256, tpt=16 ... [建库: 37.1s | 运行: 3.1s] [成功] 综合耗时: 224.9664 ms
测 256_sbrr: f=[16, 2, 2, 2, 2], wgs=256, tpt=32 ... [建库: 37.8s | 运行: 2.9s] [成功] 综合耗时: 197.5368 ms
测 256_sbrr: f=[16, 2, 2, 2, 2], wgs=256, tpt=64 ... [建库: 37.8s | 运行: 3.0s] [成功] 综合耗时: 205.5927 ms
测 256_sbrr: f=[16, 2, 2, 2, 2], wgs=256, tpt=128 ... [建库: 37.5s | 运行: 3.4s] [成功] 综合耗时: 230.4923 ms
测 256_sbrr: f=[16, 2, 2, 2, 2], wgs=256, tpt=256 ... [建库: 37.9s | 运行: 3.4s] [成功] 综合耗时: 265.2786 ms
测 256_sbrr: f=[16, 2, 2, 2, 2], wgs=512, tpt=32 ... [建库: 39.3s | 运行: 2.9s] [成功] 综合耗时: 204.0273 ms
测 256_sbrr: f=[16, 2, 2, 2, 2], wgs=512, tpt=64 ... [建库: 37.9s | 运行: 3.0s] [成功] 综合耗时: 205.9689 ms
测 256_sbrr: f=[16, 2, 2, 2, 2], wgs=512, tpt=128 ... [建库: 38.0s | 运行: 3.1s] [成功] 综合耗时: 224.5192 ms
测 256_sbrr: f=[16, 2, 2, 2, 2], wgs=512, tpt=256 ... [建库: 37.7s | 运行: 3.2s] [成功] 综合耗时: 279.3389 ms
测 256_sbrr: f=[16, 2, 2, 2, 2], wgs=512, tpt=512 ... [建库: 40.6s | 运行: 3.6s] [成功] 综合耗时: 331.9505 ms
测 256_sbrr: f=[16, 2, 2, 2, 2], wgs=1024, tpt=64 ... [建库: 37.1s | 运行: 3.0s] [成功] 综合耗时: 216.7456 ms
测 256_sbrr: f=[16, 2, 2, 2, 2], wgs=1024, tpt=128 ... [建库: 37.4s | 运行: 3.2s] [成功] 综合耗时: 249.4495 ms
测 256_sbrr: f=[16, 2, 2, 2, 2], wgs=1024, tpt=256 ... [建库: 38.9s | 运行: 3.7s] [成功] 综合耗时: 338.8976 ms
测 256_sbrr: f=[16, 2, 2, 2, 2], wgs=1024, tpt=512 ... [建库: 37.1s | 运行: 4.2s] [成功] 综合耗时: 420.9155 ms
测 256_sbrr: f=[16, 2, 2, 2, 2], wgs=1024, tpt=1024 ... [建库: 37.6s | 运行: 5.2s] [成功] 综合耗时: 623.1642 ms

>>> 64K_z2z 调优结束 <<<
最强 256_sbrr: NS(length= 256, workgroup_size=512, threads_per_transform=32, factors=[8, 8, 4], runtime_compile=True),
最优耗时: 172.7792 ms


=======================================================
========== 启动 64K_d2z_z2d 任务组调优 ==========
========== N=65536, 涉及类型=[2, 3] ==========
=======================================================

>>> 开始爆破 128_sbrr (11 种因子排列) <<<
测 128_sbrr: f=[8, 4, 2, 2], wgs=64, tpt=16 ... [建库: 37.1s | 运行: 6.2s] [成功] 综合耗时: 459.8707 ms
测 128_sbrr: f=[8, 4, 2, 2], wgs=64, tpt=32 ... [建库: 37.5s | 运行: 5.9s] [成功] 综合耗时: 434.7302 ms
测 128_sbrr: f=[8, 4, 2, 2], wgs=64, tpt=64 ... [建库: 39.2s | 运行: 6.4s] [成功] 综合耗时: 430.1364 ms
测 128_sbrr: f=[8, 4, 2, 2], wgs=128, tpt=16 ... [建库: 37.2s | 运行: 5.6s] [成功] 综合耗时: 456.1016 ms
测 128_sbrr: f=[8, 4, 2, 2], wgs=128, tpt=32 ... [建库: 44.4s | 运行: 5.8s] [成功] 综合耗时: 438.1635 ms
测 128_sbrr: f=[8, 4, 2, 2], wgs=128, tpt=64 ... [建库: 37.7s | 运行: 5.8s] [成功] 综合耗时: 431.1926 ms
测 128_sbrr: f=[8, 4, 2, 2], wgs=128, tpt=128 ... [建库: 37.8s | 运行: 5.8s] [成功] 综合耗时: 433.1473 ms
测 128_sbrr: f=[8, 4, 2, 2], wgs=256, tpt=16 ... [建库: 37.5s | 运行: 6.0s] [成功] 综合耗时: 456.3728 ms
测 128_sbrr: f=[8, 4, 2, 2], wgs=256, tpt=32 ... [建库: 40.3s | 运行: 6.0s] [成功] 综合耗时: 438.9965 ms
测 128_sbrr: f=[8, 4, 2, 2], wgs=256, tpt=64 ... [建库: 38.2s | 运行: 5.8s] [成功] 综合耗时: 445.8267 ms
测 128_sbrr: f=[8, 4, 2, 2], wgs=256, tpt=128 ... [建库: 37.8s | 运行: 5.9s] [成功] 综合耗时: 437.8014 ms
测 128_sbrr: f=[8, 4, 2, 2], wgs=256, tpt=256 ... [建库: 38.2s | 运行: 6.4s] [成功] 综合耗时: 449.5934 ms
测 128_sbrr: f=[8, 4, 2, 2], wgs=512, tpt=16 ... [建库: 37.9s | 运行: 5.9s] [成功] 综合耗时: 475.9074 ms
测 128_sbrr: f=[8, 4, 2, 2], wgs=512, tpt=32 ... [建库: 37.5s | 运行: 6.0s] [成功] 综合耗时: 451.9524 ms
测 128_sbrr: f=[8, 4, 2, 2], wgs=512, tpt=64 ... [建库: 37.3s | 运行: 5.7s] [成功] 综合耗时: 452.4145 ms
测 128_sbrr: f=[8, 4, 2, 2], wgs=512, tpt=128 ... [建库: 37.8s | 运行: 6.0s] [成功] 综合耗时: 453.4034 ms
测 128_sbrr: f=[8, 4, 2, 2], wgs=512, tpt=256 ... [建库: 40.0s | 运行: 6.3s] [成功] 综合耗时: 466.6203 ms
测 128_sbrr: f=[8, 4, 2, 2], wgs=512, tpt=512 ... [建库: 37.5s | 运行: 6.2s] [成功] 综合耗时: 488.7419 ms
测 128_sbrr: f=[8, 4, 2, 2], wgs=1024, tpt=32 ... [建库: 37.5s | 运行: 6.3s] [成功] 综合耗时: 443.1453 ms
测 128_sbrr: f=[8, 4, 2, 2], wgs=1024, tpt=64 ... [建库: 37.2s | 运行: 6.1s] [成功] 综合耗时: 444.0098 ms
测 128_sbrr: f=[8, 4, 2, 2], wgs=1024, tpt=128 ... [建库: 37.4s | 运行: 5.8s] [成功] 综合耗时: 454.3754 ms
测 128_sbrr: f=[8, 4, 2, 2], wgs=1024, tpt=256 ... [建库: 37.7s | 运行: 5.9s] [成功] 综合耗时: 485.5766 ms
测 128_sbrr: f=[8, 4, 2, 2], wgs=1024, tpt=512 ... [建库: 37.5s | 运行: 6.6s] [成功] 综合耗时: 504.7913 ms
测 128_sbrr: f=[8, 4, 2, 2], wgs=1024, tpt=1024 ... [建库: 37.4s | 运行: 6.7s] [成功] 综合耗时: 575.6021 ms
测 128_sbrr: f=[4, 4, 2, 2, 2], wgs=64, tpt=16 ... [建库: 37.5s | 运行: 5.8s] [成功] 综合耗时: 460.6003 ms
测 128_sbrr: f=[4, 4, 2, 2, 2], wgs=64, tpt=32 ... [建库: 37.9s | 运行: 5.8s] [成功] 综合耗时: 426.5897 ms
测 128_sbrr: f=[4, 4, 2, 2, 2], wgs=64, tpt=64 ... [建库: 38.0s | 运行: 5.6s] [成功] 综合耗时: 421.0190 ms
测 128_sbrr: f=[4, 4, 2, 2, 2], wgs=128, tpt=16 ... [建库: 37.9s | 运行: 5.8s] [成功] 综合耗时: 469.7005 ms
测 128_sbrr: f=[4, 4, 2, 2, 2], wgs=128, tpt=32 ... [建库: 38.4s | 运行: 5.9s] [成功] 综合耗时: 439.1649 ms
测 128_sbrr: f=[4, 4, 2, 2, 2], wgs=128, tpt=64 ... [建库: 37.8s | 运行: 5.8s] [成功] 综合耗时: 425.8510 ms
测 128_sbrr: f=[4, 4, 2, 2, 2], wgs=128, tpt=128 ... [建库: 37.0s | 运行: 6.4s] [成功] 综合耗时: 428.9393 ms
测 128_sbrr: f=[4, 4, 2, 2, 2], wgs=256, tpt=16 ... [建库: 37.5s | 运行: 5.6s] [成功] 综合耗时: 469.8976 ms
测 128_sbrr: f=[4, 4, 2, 2, 2], wgs=256, tpt=32 ... [建库: 37.2s | 运行: 5.9s] [成功] 综合耗时: 439.7962 ms
测 128_sbrr: f=[4, 4, 2, 2, 2], wgs=256, tpt=64 ... [建库: 37.3s | 运行: 5.8s] [成功] 综合耗时: 439.1812 ms
测 128_sbrr: f=[4, 4, 2, 2, 2], wgs=256, tpt=128 ... [建库: 37.4s | 运行: 6.1s] [成功] 综合耗时: 429.6547 ms
测 128_sbrr: f=[4, 4, 2, 2, 2], wgs=256, tpt=256 ... [建库: 37.4s | 运行: 5.8s] [成功] 综合耗时: 436.9141 ms
测 128_sbrr: f=[4, 4, 2, 2, 2], wgs=512, tpt=16 ... [建库: 37.9s | 运行: 5.8s] [成功] 综合耗时: 469.9293 ms
测 128_sbrr: f=[4, 4, 2, 2, 2], wgs=512, tpt=32 ... [建库: 40.2s | 运行: 5.7s] [成功] 综合耗时: 432.9492 ms
测 128_sbrr: f=[4, 4, 2, 2, 2], wgs=512, tpt=64 ... [建库: 37.3s | 运行: 5.7s] [成功] 综合耗时: 432.3863 ms
测 128_sbrr: f=[4, 4, 2, 2, 2], wgs=512, tpt=128 ... [建库: 38.0s | 运行: 5.8s] [成功] 综合耗时: 442.2423 ms
测 128_sbrr: f=[4, 4, 2, 2, 2], wgs=512, tpt=256 ... [建库: 37.6s | 运行: 6.4s] [成功] 综合耗时: 440.9004 ms
测 128_sbrr: f=[4, 4, 2, 2, 2], wgs=512, tpt=512 ... [建库: 37.3s | 运行: 6.5s] [成功] 综合耗时: 462.0056 ms
测 128_sbrr: f=[4, 4, 2, 2, 2], wgs=1024, tpt=32 ... [建库: 38.1s | 运行: 5.9s] [成功] 综合耗时: 444.6536 ms
测 128_sbrr: f=[4, 4, 2, 2, 2], wgs=1024, tpt=64 ... [建库: 38.0s | 运行: 5.8s] [成功] 综合耗时: 438.2238 ms
测 128_sbrr: f=[4, 4, 2, 2, 2], wgs=1024, tpt=128 ... [建库: 38.2s | 运行: 5.9s] [成功] 综合耗时: 448.1452 ms
测 128_sbrr: f=[4, 4, 2, 2, 2], wgs=1024, tpt=256 ... [建库: 37.9s | 运行: 6.1s] [成功] 综合耗时: 468.5877 ms
测 128_sbrr: f=[4, 4, 2, 2, 2], wgs=1024, tpt=512 ... [建库: 37.3s | 运行: 6.4s] [成功] 综合耗时: 467.3617 ms
测 128_sbrr: f=[4, 4, 2, 2, 2], wgs=1024, tpt=1024 ... [建库: 37.2s | 运行: 6.4s] [成功] 综合耗时: 508.4767 ms
测 128_sbrr: f=[2, 2, 2, 2, 2, 2, 2], wgs=64, tpt=16 ... [建库: 37.7s | 运行: 5.8s] [成功] 综合耗时: 479.4084 ms
测 128_sbrr: f=[2, 2, 2, 2, 2, 2, 2], wgs=64, tpt=32 ... [建库: 38.2s | 运行: 6.1s] [成功] 综合耗时: 427.8027 ms
测 128_sbrr: f=[2, 2, 2, 2, 2, 2, 2], wgs=64, tpt=64 ... [建库: 37.8s | 运行: 5.9s] [成功] 综合耗时: 417.7334 ms
测 128_sbrr: f=[2, 2, 2, 2, 2, 2, 2], wgs=128, tpt=16 ... [建库: 37.8s | 运行: 5.9s] [成功] 综合耗时: 476.8837 ms
测 128_sbrr: f=[2, 2, 2, 2, 2, 2, 2], wgs=128, tpt=32 ... [建库: 37.3s | 运行: 6.0s] [成功] 综合耗时: 441.6585 ms
测 128_sbrr: f=[2, 2, 2, 2, 2, 2, 2], wgs=128, tpt=64 ... [建库: 37.4s | 运行: 6.0s] [成功] 综合耗时: 417.8593 ms
测 128_sbrr: f=[2, 2, 2, 2, 2, 2, 2], wgs=128, tpt=128 ... [建库: 37.3s | 运行: 5.9s] [成功] 综合耗时: 430.8986 ms
测 128_sbrr: f=[2, 2, 2, 2, 2, 2, 2], wgs=256, tpt=16 ... [建库: 38.5s | 运行: 5.9s] [成功] 综合耗时: 480.8163 ms
测 128_sbrr: f=[2, 2, 2, 2, 2, 2, 2], wgs=256, tpt=32 ... [建库: 37.5s | 运行: 5.5s] [成功] 综合耗时: 448.6897 ms
测 128_sbrr: f=[2, 2, 2, 2, 2, 2, 2], wgs=256, tpt=64 ... [建库: 38.3s | 运行: 5.9s] [成功] 综合耗时: 432.3001 ms
测 128_sbrr: f=[2, 2, 2, 2, 2, 2, 2], wgs=256, tpt=128 ... [建库: 37.5s | 运行: 5.9s] [成功] 综合耗时: 428.8911 ms
测 128_sbrr: f=[2, 2, 2, 2, 2, 2, 2], wgs=256, tpt=256 ... [建库: 37.9s | 运行: 6.1s] [成功] 综合耗时: 441.5198 ms
测 128_sbrr: f=[2, 2, 2, 2, 2, 2, 2], wgs=512, tpt=16 ... [建库: 37.1s | 运行: 5.8s] [成功] 综合耗时: 480.2407 ms
测 128_sbrr: f=[2, 2, 2, 2, 2, 2, 2], wgs=512, tpt=32 ... [建库: 38.0s | 运行: 5.9s] [成功] 综合耗时: 442.1266 ms
测 128_sbrr: f=[2, 2, 2, 2, 2, 2, 2], wgs=512, tpt=64 ... [建库: 37.5s | 运行: 6.1s] [成功] 综合耗时: 431.4082 ms
测 128_sbrr: f=[2, 2, 2, 2, 2, 2, 2], wgs=512, tpt=128 ... [建库: 37.1s | 运行: 6.0s] [成功] 综合耗时: 439.6236 ms
测 128_sbrr: f=[2, 2, 2, 2, 2, 2, 2], wgs=512, tpt=256 ... [建库: 37.6s | 运行: 5.8s] [成功] 综合耗时: 443.6273 ms
测 128_sbrr: f=[2, 2, 2, 2, 2, 2, 2], wgs=512, tpt=512 ... [建库: 37.6s | 运行: 5.7s] [成功] 综合耗时: 452.5573 ms
测 128_sbrr: f=[2, 2, 2, 2, 2, 2, 2], wgs=1024, tpt=32 ... [建库: 37.4s | 运行: 6.1s] [成功] 综合耗时: 449.4964 ms
测 128_sbrr: f=[2, 2, 2, 2, 2, 2, 2], wgs=1024, tpt=64 ... [建库: 37.5s | 运行: 6.0s] [成功] 综合耗时: 433.8187 ms
测 128_sbrr: f=[2, 2, 2, 2, 2, 2, 2], wgs=1024, tpt=128 ... [建库: 37.7s | 运行: 5.8s] [成功] 综合耗时: 442.7411 ms
测 128_sbrr: f=[2, 2, 2, 2, 2, 2, 2], wgs=1024, tpt=256 ... [建库: 37.0s | 运行: 6.3s] [成功] 综合耗时: 451.0150 ms
测 128_sbrr: f=[2, 2, 2, 2, 2, 2, 2], wgs=1024, tpt=512 ... [建库: 38.0s | 运行: 6.2s] [成功] 综合耗时: 460.2211 ms
测 128_sbrr: f=[2, 2, 2, 2, 2, 2, 2], wgs=1024, tpt=1024 ... [建库: 37.4s | 运行: 6.5s] [成功] 综合耗时: 503.3079 ms
测 128_sbrr: f=[8, 8, 2], wgs=64, tpt=16 ... [建库: 37.5s | 运行: 6.0s] [成功] 综合耗时: 442.4727 ms
测 128_sbrr: f=[8, 8, 2], wgs=64, tpt=32 ... [建库: 38.2s | 运行: 6.0s] [成功] 综合耗时: 435.5110 ms
测 128_sbrr: f=[8, 8, 2], wgs=64, tpt=64 ... [建库: 38.7s | 运行: 5.9s] [成功] 综合耗时: 435.0068 ms
测 128_sbrr: f=[8, 8, 2], wgs=128, tpt=16 ... [建库: 38.0s | 运行: 5.6s] [成功] 综合耗时: 443.7350 ms
测 128_sbrr: f=[8, 8, 2], wgs=128, tpt=32 ... [建库: 37.4s | 运行: 5.7s] [成功] 综合耗时: 443.1645 ms
测 128_sbrr: f=[8, 8, 2], wgs=128, tpt=64 ... [建库: 37.3s | 运行: 6.0s] [成功] 综合耗时: 432.7684 ms
测 128_sbrr: f=[8, 8, 2], wgs=128, tpt=128 ... [建库: 38.0s | 运行: 6.1s] [成功] 综合耗时: 449.8635 ms
测 128_sbrr: f=[8, 8, 2], wgs=256, tpt=16 ... [建库: 38.5s | 运行: 5.7s] [成功] 综合耗时: 446.5656 ms
测 128_sbrr: f=[8, 8, 2], wgs=256, tpt=32 ... [建库: 38.1s | 运行: 5.8s] [成功] 综合耗时: 443.5825 ms
测 128_sbrr: f=[8, 8, 2], wgs=256, tpt=64 ... [建库: 37.9s | 运行: 5.6s] [成功] 综合耗时: 451.1197 ms
测 128_sbrr: f=[8, 8, 2], wgs=256, tpt=128 ... [建库: 38.2s | 运行: 6.1s] [成功] 综合耗时: 446.2882 ms
测 128_sbrr: f=[8, 8, 2], wgs=256, tpt=256 ... [建库: 38.1s | 运行: 6.0s] [成功] 综合耗时: 470.2065 ms
测 128_sbrr: f=[8, 8, 2], wgs=512, tpt=16 ... [建库: 37.2s | 运行: 5.8s] [成功] 综合耗时: 446.0967 ms
测 128_sbrr: f=[8, 8, 2], wgs=512, tpt=32 ... [建库: 37.2s | 运行: 5.9s] [成功] 综合耗时: 447.3259 ms
测 128_sbrr: f=[8, 8, 2], wgs=512, tpt=64 ... [建库: 37.4s | 运行: 6.0s] [成功] 综合耗时: 448.7634 ms
测 128_sbrr: f=[8, 8, 2], wgs=512, tpt=128 ... [建库: 37.5s | 运行: 5.9s] [成功] 综合耗时: 469.2701 ms
测 128_sbrr: f=[8, 8, 2], wgs=512, tpt=256 ... [建库: 37.7s | 运行: 6.2s] [成功] 综合耗时: 473.4069 ms
测 128_sbrr: f=[8, 8, 2], wgs=512, tpt=512 ... [建库: 38.0s | 运行: 6.5s] [成功] 综合耗时: 520.0878 ms
测 128_sbrr: f=[8, 8, 2], wgs=1024, tpt=32 ... [建库: 37.4s | 运行: 6.0s] [成功] 综合耗时: 447.2790 ms
测 128_sbrr: f=[8, 8, 2], wgs=1024, tpt=64 ... [建库: 37.4s | 运行: 5.8s] [成功] 综合耗时: 448.2810 ms
测 128_sbrr: f=[8, 8, 2], wgs=1024, tpt=128 ... [建库: 37.8s | 运行: 6.1s] [成功] 综合耗时: 462.9549 ms
测 128_sbrr: f=[8, 8, 2], wgs=1024, tpt=256 ... [建库: 38.1s | 运行: 6.6s] [成功] 综合耗时: 499.9329 ms
测 128_sbrr: f=[8, 8, 2], wgs=1024, tpt=512 ... [建库: 37.1s | 运行: 6.3s] [成功] 综合耗时: 537.5496 ms
测 128_sbrr: f=[8, 8, 2], wgs=1024, tpt=1024 ... [建库: 38.2s | 运行: 7.2s] [成功] 综合耗时: 653.1667 ms
测 128_sbrr: f=[8, 4, 4], wgs=64, tpt=16 ... [建库: 37.5s | 运行: 6.1s] [成功] 综合耗时: 447.3515 ms
测 128_sbrr: f=[8, 4, 4], wgs=64, tpt=32 ... [建库: 37.9s | 运行: 5.8s] [成功] 综合耗时: 420.0684 ms
测 128_sbrr: f=[8, 4, 4], wgs=64, tpt=64 ... [建库: 37.7s | 运行: 5.6s] [成功] 综合耗时: 431.5561 ms
测 128_sbrr: f=[8, 4, 4], wgs=128, tpt=16 ... [建库: 37.6s | 运行: 5.8s] [成功] 综合耗时: 457.1678 ms
测 128_sbrr: f=[8, 4, 4], wgs=128, tpt=32 ... [建库: 38.0s | 运行: 6.2s] [成功] 综合耗时: 434.8499 ms
测 128_sbrr: f=[8, 4, 4], wgs=128, tpt=64 ... [建库: 37.9s | 运行: 6.1s] [成功] 综合耗时: 427.7052 ms
测 128_sbrr: f=[8, 4, 4], wgs=128, tpt=128 ... [建库: 39.8s | 运行: 5.7s] [成功] 综合耗时: 434.8847 ms
测 128_sbrr: f=[8, 4, 4], wgs=256, tpt=16 ... [建库: 37.6s | 运行: 5.9s] [成功] 综合耗时: 445.0506 ms
测 128_sbrr: f=[8, 4, 4], wgs=256, tpt=32 ... [建库: 37.7s | 运行: 5.9s] [成功] 综合耗时: 440.8302 ms
测 128_sbrr: f=[8, 4, 4], wgs=256, tpt=64 ... [建库: 38.0s | 运行: 6.0s] [成功] 综合耗时: 446.3187 ms
测 128_sbrr: f=[8, 4, 4], wgs=256, tpt=128 ... [建库: 37.0s | 运行: 5.6s] [成功] 综合耗时: 440.4695 ms
测 128_sbrr: f=[8, 4, 4], wgs=256, tpt=256 ... [建库: 37.9s | 运行: 5.8s] [成功] 综合耗时: 451.6189 ms
测 128_sbrr: f=[8, 4, 4], wgs=512, tpt=16 ... [建库: 37.7s | 运行: 6.0s] [成功] 综合耗时: 450.4739 ms
测 128_sbrr: f=[8, 4, 4], wgs=512, tpt=32 ... [建库: 37.2s | 运行: 5.7s] [成功] 综合耗时: 445.3579 ms
测 128_sbrr: f=[8, 4, 4], wgs=512, tpt=64 ... [建库: 37.9s | 运行: 5.9s] [成功] 综合耗时: 451.3925 ms
测 128_sbrr: f=[8, 4, 4], wgs=512, tpt=128 ... [建库: 37.9s | 运行: 6.3s] [成功] 综合耗时: 460.0639 ms
测 128_sbrr: f=[8, 4, 4], wgs=512, tpt=256 ... [建库: 37.6s | 运行: 6.1s] [成功] 综合耗时: 457.3719 ms
测 128_sbrr: f=[8, 4, 4], wgs=512, tpt=512 ... [建库: 37.9s | 运行: 6.4s] [成功] 综合耗时: 488.3747 ms
测 128_sbrr: f=[8, 4, 4], wgs=1024, tpt=32 ... [建库: 37.3s | 运行: 5.8s] [成功] 综合耗时: 442.3667 ms
测 128_sbrr: f=[8, 4, 4], wgs=1024, tpt=64 ... [建库: 37.6s | 运行: 5.6s] [成功] 综合耗时: 452.1292 ms
测 128_sbrr: f=[8, 4, 4], wgs=1024, tpt=128 ... [建库: 37.2s | 运行: 5.8s] [成功] 综合耗时: 465.2327 ms
测 128_sbrr: f=[8, 4, 4], wgs=1024, tpt=256 ... [建库: 37.5s | 运行: 5.8s] [成功] 综合耗时: 485.9193 ms
测 128_sbrr: f=[8, 4, 4], wgs=1024, tpt=512 ... [建库: 38.0s | 运行: 6.4s] [成功] 综合耗时: 506.9442 ms
测 128_sbrr: f=[8, 4, 4], wgs=1024, tpt=1024 ... [建库: 37.1s | 运行: 7.0s] [成功] 综合耗时: 565.8083 ms
测 128_sbrr: f=[4, 4, 4, 2], wgs=64, tpt=16 ... [建库: 38.5s | 运行: 5.8s] [成功] 综合耗时: 451.7243 ms
测 128_sbrr: f=[4, 4, 4, 2], wgs=64, tpt=32 ... [建库: 37.5s | 运行: 5.6s] [成功] 综合耗时: 420.0273 ms
测 128_sbrr: f=[4, 4, 4, 2], wgs=64, tpt=64 ... [建库: 37.6s | 运行: 5.5s] [成功] 综合耗时: 425.2780 ms
测 128_sbrr: f=[4, 4, 4, 2], wgs=128, tpt=16 ... [建库: 37.4s | 运行: 6.0s] [成功] 综合耗时: 453.2198 ms
测 128_sbrr: f=[4, 4, 4, 2], wgs=128, tpt=32 ... [建库: 37.1s | 运行: 5.9s] [成功] 综合耗时: 438.4668 ms
测 128_sbrr: f=[4, 4, 4, 2], wgs=128, tpt=64 ... [建库: 37.8s | 运行: 5.8s] [成功] 综合耗时: 425.7598 ms
测 128_sbrr: f=[4, 4, 4, 2], wgs=128, tpt=128 ... [建库: 37.7s | 运行: 5.8s] [成功] 综合耗时: 430.0745 ms
测 128_sbrr: f=[4, 4, 4, 2], wgs=256, tpt=16 ... [建库: 37.7s | 运行: 5.8s] [成功] 综合耗时: 461.8173 ms
测 128_sbrr: f=[4, 4, 4, 2], wgs=256, tpt=32 ... [建库: 37.4s | 运行: 5.5s] [成功] 综合耗时: 430.0758 ms
测 128_sbrr: f=[4, 4, 4, 2], wgs=256, tpt=64 ... [建库: 40.8s | 运行: 6.1s] [成功] 综合耗时: 433.8494 ms
测 128_sbrr: f=[4, 4, 4, 2], wgs=256, tpt=128 ... [建库: 38.0s | 运行: 6.0s] [成功] 综合耗时: 435.8452 ms
测 128_sbrr: f=[4, 4, 4, 2], wgs=256, tpt=256 ... [建库: 38.6s | 运行: 6.1s] [成功] 综合耗时: 445.0159 ms
测 128_sbrr: f=[4, 4, 4, 2], wgs=512, tpt=16 ... [建库: 37.6s | 运行: 5.6s] [成功] 综合耗时: 450.5647 ms
测 128_sbrr: f=[4, 4, 4, 2], wgs=512, tpt=32 ... [建库: 37.8s | 运行: 5.8s] [成功] 综合耗时: 429.5286 ms
测 128_sbrr: f=[4, 4, 4, 2], wgs=512, tpt=64 ... [建库: 38.0s | 运行: 5.6s] [成功] 综合耗时: 433.4817 ms
测 128_sbrr: f=[4, 4, 4, 2], wgs=512, tpt=128 ... [建库: 38.2s | 运行: 5.9s] [成功] 综合耗时: 442.9919 ms
测 128_sbrr: f=[4, 4, 4, 2], wgs=512, tpt=256 ... [建库: 37.5s | 运行: 5.9s] [成功] 综合耗时: 445.0860 ms
测 128_sbrr: f=[4, 4, 4, 2], wgs=512, tpt=512 ... [建库: 38.0s | 运行: 6.7s] [成功] 综合耗时: 473.2999 ms
测 128_sbrr: f=[4, 4, 4, 2], wgs=1024, tpt=32 ... [建库: 37.6s | 运行: 5.7s] [成功] 综合耗时: 435.7731 ms
测 128_sbrr: f=[4, 4, 4, 2], wgs=1024, tpt=64 ... [建库: 37.2s | 运行: 5.6s] [成功] 综合耗时: 437.8774 ms
测 128_sbrr: f=[4, 4, 4, 2], wgs=1024, tpt=128 ... [建库: 37.7s | 运行: 5.8s] [成功] 综合耗时: 448.1527 ms
测 128_sbrr: f=[4, 4, 4, 2], wgs=1024, tpt=256 ... [建库: 37.2s | 运行: 6.0s] [成功] 综合耗时: 476.7466 ms
测 128_sbrr: f=[4, 4, 4, 2], wgs=1024, tpt=512 ... [建库: 37.8s | 运行: 6.1s] [成功] 综合耗时: 470.4551 ms
测 128_sbrr: f=[4, 4, 4, 2], wgs=1024, tpt=1024 ... [建库: 37.3s | 运行: 6.5s] [成功] 综合耗时: 528.2673 ms
测 128_sbrr: f=[16, 4, 2], wgs=64, tpt=16 ... [建库: 37.9s | 运行: 5.9s] [成功] 综合耗时: 466.8074 ms
测 128_sbrr: f=[16, 4, 2], wgs=64, tpt=32 ... [建库: 37.4s | 运行: 6.2s] [成功] 综合耗时: 451.7808 ms
测 128_sbrr: f=[16, 4, 2], wgs=64, tpt=64 ... [建库: 37.4s | 运行: 6.3s] [成功] 综合耗时: 466.8104 ms
测 128_sbrr: f=[16, 4, 2], wgs=128, tpt=16 ... [建库: 36.9s | 运行: 6.0s] [成功] 综合耗时: 476.0184 ms
测 128_sbrr: f=[16, 4, 2], wgs=128, tpt=32 ... [建库: 38.3s | 运行: 5.9s] [成功] 综合耗时: 462.1210 ms
测 128_sbrr: f=[16, 4, 2], wgs=128, tpt=64 ... [建库: 38.4s | 运行: 6.1s] [成功] 综合耗时: 448.9850 ms
测 128_sbrr: f=[16, 4, 2], wgs=128, tpt=128 ... [建库: 37.9s | 运行: 6.2s] [成功] 综合耗时: 467.0039 ms
测 128_sbrr: f=[16, 4, 2], wgs=256, tpt=16 ... [建库: 39.2s | 运行: 6.1s] [成功] 综合耗时: 464.0539 ms
测 128_sbrr: f=[16, 4, 2], wgs=256, tpt=32 ... [建库: 37.7s | 运行: 6.0s] [成功] 综合耗时: 460.7270 ms
测 128_sbrr: f=[16, 4, 2], wgs=256, tpt=64 ... [建库: 37.3s | 运行: 6.2s] [成功] 综合耗时: 478.9323 ms
测 128_sbrr: f=[16, 4, 2], wgs=256, tpt=128 ... [建库: 38.3s | 运行: 5.8s] [成功] 综合耗时: 464.7974 ms
测 128_sbrr: f=[16, 4, 2], wgs=256, tpt=256 ... [建库: 37.7s | 运行: 6.3s] [成功] 综合耗时: 491.0685 ms
测 128_sbrr: f=[16, 4, 2], wgs=512, tpt=16 ... [建库: 37.9s | 运行: 6.1s] [成功] 综合耗时: 467.4949 ms
测 128_sbrr: f=[16, 4, 2], wgs=512, tpt=32 ... [建库: 37.2s | 运行: 5.7s] [成功] 综合耗时: 471.5815 ms
测 128_sbrr: f=[16, 4, 2], wgs=512, tpt=64 ... [建库: 37.2s | 运行: 6.0s] [成功] 综合耗时: 480.2113 ms
测 128_sbrr: f=[16, 4, 2], wgs=512, tpt=128 ... [建库: 37.8s | 运行: 6.2s] [成功] 综合耗时: 498.9186 ms
测 128_sbrr: f=[16, 4, 2], wgs=512, tpt=256 ... [建库: 37.7s | 运行: 6.2s] [成功] 综合耗时: 523.6213 ms
测 128_sbrr: f=[16, 4, 2], wgs=512, tpt=512 ... [建库: 37.3s | 运行: 6.5s] [成功] 综合耗时: 582.2668 ms
测 128_sbrr: f=[16, 4, 2], wgs=1024, tpt=32 ... [建库: 39.1s | 运行: 6.1s] [成功] 综合耗时: 474.7744 ms
测 128_sbrr: f=[16, 4, 2], wgs=1024, tpt=64 ... [建库: 37.7s | 运行: 6.2s] [成功] 综合耗时: 508.9067 ms
测 128_sbrr: f=[16, 4, 2], wgs=1024, tpt=128 ... [建库: 37.9s | 运行: 6.5s] [成功] 综合耗时: 540.3745 ms
测 128_sbrr: f=[16, 4, 2], wgs=1024, tpt=256 ... [建库: 37.5s | 运行: 6.7s] [成功] 综合耗时: 615.7177 ms
测 128_sbrr: f=[16, 4, 2], wgs=1024, tpt=512 ... [建库: 38.1s | 运行: 7.5s] [成功] 综合耗时: 768.9185 ms
测 128_sbrr: f=[16, 4, 2], wgs=1024, tpt=1024 ... [建库: 41.0s | 运行: 8.5s] [成功] 综合耗时: 890.4297 ms
测 128_sbrr: f=[8, 2, 2, 2, 2], wgs=64, tpt=16 ... [建库: 37.8s | 运行: 5.6s] [成功] 综合耗时: 463.2501 ms
测 128_sbrr: f=[8, 2, 2, 2, 2], wgs=64, tpt=32 ... [建库: 38.2s | 运行: 6.3s] [成功] 综合耗时: 429.0696 ms
测 128_sbrr: f=[8, 2, 2, 2, 2], wgs=64, tpt=64 ... [建库: 37.7s | 运行: 6.0s] [成功] 综合耗时: 429.5878 ms
测 128_sbrr: f=[8, 2, 2, 2, 2], wgs=128, tpt=16 ... [建库: 39.2s | 运行: 6.0s] [成功] 综合耗时: 459.8847 ms
测 128_sbrr: f=[8, 2, 2, 2, 2], wgs=128, tpt=32 ... [建库: 37.7s | 运行: 5.8s] [成功] 综合耗时: 445.0493 ms
测 128_sbrr: f=[8, 2, 2, 2, 2], wgs=128, tpt=64 ... [建库: 37.9s | 运行: 5.9s] [成功] 综合耗时: 422.3465 ms
测 128_sbrr: f=[8, 2, 2, 2, 2], wgs=128, tpt=128 ... [建库: 38.2s | 运行: 5.9s] [成功] 综合耗时: 435.0398 ms
测 128_sbrr: f=[8, 2, 2, 2, 2], wgs=256, tpt=16 ... [建库: 37.5s | 运行: 6.0s] [成功] 综合耗时: 464.0144 ms
测 128_sbrr: f=[8, 2, 2, 2, 2], wgs=256, tpt=32 ... [建库: 38.4s | 运行: 5.9s] [成功] 综合耗时: 440.6983 ms
测 128_sbrr: f=[8, 2, 2, 2, 2], wgs=256, tpt=64 ... [建库: 37.7s | 运行: 5.7s] [成功] 综合耗时: 436.6336 ms
测 128_sbrr: f=[8, 2, 2, 2, 2], wgs=256, tpt=128 ... [建库: 37.6s | 运行: 5.8s] [成功] 综合耗时: 436.6277 ms
测 128_sbrr: f=[8, 2, 2, 2, 2], wgs=256, tpt=256 ... [建库: 38.1s | 运行: 6.3s] [成功] 综合耗时: 451.5158 ms
测 128_sbrr: f=[8, 2, 2, 2, 2], wgs=512, tpt=16 ... [建库: 38.0s | 运行: 5.8s] [成功] 综合耗时: 468.8655 ms
测 128_sbrr: f=[8, 2, 2, 2, 2], wgs=512, tpt=32 ... [建库: 37.4s | 运行: 5.9s] [成功] 综合耗时: 441.9684 ms
测 128_sbrr: f=[8, 2, 2, 2, 2], wgs=512, tpt=64 ... [建库: 37.9s | 运行: 6.1s] [成功] 综合耗时: 440.5222 ms
测 128_sbrr: f=[8, 2, 2, 2, 2], wgs=512, tpt=128 ... [建库: 38.1s | 运行: 6.4s] [成功] 综合耗时: 455.2127 ms
测 128_sbrr: f=[8, 2, 2, 2, 2], wgs=512, tpt=256 ... [建库: 37.2s | 运行: 6.1s] [成功] 综合耗时: 454.4721 ms
测 128_sbrr: f=[8, 2, 2, 2, 2], wgs=512, tpt=512 ... [建库: 37.5s | 运行: 6.1s] [成功] 综合耗时: 474.1865 ms
测 128_sbrr: f=[8, 2, 2, 2, 2], wgs=1024, tpt=32 ... [建库: 37.6s | 运行: 6.0s] [成功] 综合耗时: 443.8981 ms
测 128_sbrr: f=[8, 2, 2, 2, 2], wgs=1024, tpt=64 ... [建库: 37.8s | 运行: 5.9s] [成功] 综合耗时: 445.6963 ms
测 128_sbrr: f=[8, 2, 2, 2, 2], wgs=1024, tpt=128 ... [建库: 37.7s | 运行: 5.8s] [成功] 综合耗时: 453.4230 ms
测 128_sbrr: f=[8, 2, 2, 2, 2], wgs=1024, tpt=256 ... [建库: 37.7s | 运行: 6.2s] [成功] 综合耗时: 490.0473 ms
测 128_sbrr: f=[8, 2, 2, 2, 2], wgs=1024, tpt=512 ... [建库: 38.0s | 运行: 6.2s] [成功] 综合耗时: 490.9346 ms
测 128_sbrr: f=[8, 2, 2, 2, 2], wgs=1024, tpt=1024 ... [建库: 37.8s | 运行: 6.7s] [成功] 综合耗时: 546.2544 ms
测 128_sbrr: f=[16, 2, 2, 2], wgs=64, tpt=16 ... [建库: 47.3s | 运行: 6.1s] [成功] 综合耗时: 470.5277 ms
测 128_sbrr: f=[16, 2, 2, 2], wgs=64, tpt=32 ... [建库: 37.5s | 运行: 6.1s] [成功] 综合耗时: 441.5181 ms
测 128_sbrr: f=[16, 2, 2, 2], wgs=64, tpt=64 ... [建库: 38.0s | 运行: 6.3s] [成功] 综合耗时: 446.5215 ms
测 128_sbrr: f=[16, 2, 2, 2], wgs=128, tpt=16 ... [建库: 37.8s | 运行: 5.6s] [成功] 综合耗时: 482.0420 ms
测 128_sbrr: f=[16, 2, 2, 2], wgs=128, tpt=32 ... [建库: 37.5s | 运行: 5.8s] [成功] 综合耗时: 465.9084 ms
测 128_sbrr: f=[16, 2, 2, 2], wgs=128, tpt=64 ... [建库: 37.5s | 运行: 5.8s] [成功] 综合耗时: 450.4747 ms
测 128_sbrr: f=[16, 2, 2, 2], wgs=128, tpt=128 ... [建库: 38.5s | 运行: 6.2s] [成功] 综合耗时: 459.4502 ms
测 128_sbrr: f=[16, 2, 2, 2], wgs=256, tpt=16 ... [建库: 38.0s | 运行: 5.8s] [成功] 综合耗时: 478.2481 ms
测 128_sbrr: f=[16, 2, 2, 2], wgs=256, tpt=32 ... [建库: 37.5s | 运行: 5.9s] [成功] 综合耗时: 465.4165 ms
测 128_sbrr: f=[16, 2, 2, 2], wgs=256, tpt=64 ... [建库: 38.6s | 运行: 5.7s] [成功] 综合耗时: 469.4782 ms
测 128_sbrr: f=[16, 2, 2, 2], wgs=256, tpt=128 ... [建库: 37.5s | 运行: 6.3s] [成功] 综合耗时: 463.0446 ms
测 128_sbrr: f=[16, 2, 2, 2], wgs=256, tpt=256 ... [建库: 38.8s | 运行: 6.2s] [成功] 综合耗时: 495.0192 ms
测 128_sbrr: f=[16, 2, 2, 2], wgs=512, tpt=16 ... [建库: 37.9s | 运行: 5.8s] [成功] 综合耗时: 476.1058 ms
测 128_sbrr: f=[16, 2, 2, 2], wgs=512, tpt=32 ... [建库: 39.4s | 运行: 6.0s] [成功] 综合耗时: 472.7645 ms
测 128_sbrr: f=[16, 2, 2, 2], wgs=512, tpt=64 ... [建库: 39.0s | 运行: 6.1s] [成功] 综合耗时: 475.4977 ms
测 128_sbrr: f=[16, 2, 2, 2], wgs=512, tpt=128 ... [建库: 37.5s | 运行: 6.4s] [成功] 综合耗时: 495.0706 ms
测 128_sbrr: f=[16, 2, 2, 2], wgs=512, tpt=256 ... [建库: 37.2s | 运行: 6.2s] [成功] 综合耗时: 517.2797 ms
测 128_sbrr: f=[16, 2, 2, 2], wgs=512, tpt=512 ... [建库: 37.7s | 运行: 6.8s] [成功] 综合耗时: 557.1743 ms
测 128_sbrr: f=[16, 2, 2, 2], wgs=1024, tpt=32 ... [建库: 37.3s | 运行: 6.1s] [成功] 综合耗时: 488.2903 ms
测 128_sbrr: f=[16, 2, 2, 2], wgs=1024, tpt=64 ... [建库: 40.7s | 运行: 6.2s] [成功] 综合耗时: 485.1075 ms
测 128_sbrr: f=[16, 2, 2, 2], wgs=1024, tpt=128 ... [建库: 37.4s | 运行: 6.5s] [成功] 综合耗时: 534.3834 ms
测 128_sbrr: f=[16, 2, 2, 2], wgs=1024, tpt=256 ... [建库: 38.3s | 运行: 6.8s] [成功] 综合耗时: 591.3369 ms
测 128_sbrr: f=[16, 2, 2, 2], wgs=1024, tpt=512 ... [建库: 37.5s | 运行: 7.1s] [成功] 综合耗时: 655.5089 ms
测 128_sbrr: f=[16, 2, 2, 2], wgs=1024, tpt=1024 ... [建库: 38.3s | 运行: 8.2s] [成功] 综合耗时: 834.4173 ms
测 128_sbrr: f=[16, 8], wgs=64, tpt=16 ... [建库: 37.9s | 运行: 5.8s] [成功] 综合耗时: 462.6094 ms
测 128_sbrr: f=[16, 8], wgs=64, tpt=32 ... [建库: 39.5s | 运行: 6.0s] [成功] 综合耗时: 447.4525 ms
测 128_sbrr: f=[16, 8], wgs=64, tpt=64 ... [建库: 37.8s | 运行: 6.0s] [成功] 综合耗时: 452.6011 ms
测 128_sbrr: f=[16, 8], wgs=128, tpt=16 ... [建库: 39.9s | 运行: 5.8s] [成功] 综合耗时: 464.1138 ms
测 128_sbrr: f=[16, 8], wgs=128, tpt=32 ... [建库: 38.0s | 运行: 6.0s] [成功] 综合耗时: 473.1186 ms
测 128_sbrr: f=[16, 8], wgs=128, tpt=64 ... [建库: 37.6s | 运行: 5.8s] [成功] 综合耗时: 457.4788 ms
测 128_sbrr: f=[16, 8], wgs=128, tpt=128 ... [建库: 38.0s | 运行: 6.2s] [成功] 综合耗时: 472.3489 ms
测 128_sbrr: f=[16, 8], wgs=256, tpt=16 ... [建库: 37.5s | 运行: 6.0s] [成功] 综合耗时: 470.0356 ms
测 128_sbrr: f=[16, 8], wgs=256, tpt=32 ... [建库: 37.5s | 运行: 6.2s] [成功] 综合耗时: 471.0805 ms
测 128_sbrr: f=[16, 8], wgs=256, tpt=64 ... [建库: 38.5s | 运行: 5.7s] [成功] 综合耗时: 484.6426 ms
测 128_sbrr: f=[16, 8], wgs=256, tpt=128 ... [建库: 37.5s | 运行: 6.2s] [成功] 综合耗时: 469.4426 ms
测 128_sbrr: f=[16, 8], wgs=256, tpt=256 ... [建库: 38.1s | 运行: 6.4s] [成功] 综合耗时: 505.3982 ms
测 128_sbrr: f=[16, 8], wgs=512, tpt=16 ... [建库: 37.6s | 运行: 6.1s] [成功] 综合耗时: 463.5875 ms
测 128_sbrr: f=[16, 8], wgs=512, tpt=32 ... [建库: 37.7s | 运行: 6.1s] [成功] 综合耗时: 469.9320 ms
测 128_sbrr: f=[16, 8], wgs=512, tpt=64 ... [建库: 37.4s | 运行: 6.0s] [成功] 综合耗时: 490.5940 ms
测 128_sbrr: f=[16, 8], wgs=512, tpt=128 ... [建库: 37.3s | 运行: 6.2s] [成功] 综合耗时: 518.5976 ms
测 128_sbrr: f=[16, 8], wgs=512, tpt=256 ... [建库: 37.3s | 运行: 6.5s] [成功] 综合耗时: 529.9423 ms
测 128_sbrr: f=[16, 8], wgs=512, tpt=512 ... [建库: 37.7s | 运行: 7.0s] [成功] 综合耗时: 586.0505 ms
测 128_sbrr: f=[16, 8], wgs=1024, tpt=32 ... [建库: 38.7s | 运行: 6.3s] [成功] 综合耗时: 506.4082 ms
测 128_sbrr: f=[16, 8], wgs=1024, tpt=64 ... [建库: 38.6s | 运行: 6.0s] [成功] 综合耗时: 522.7857 ms
测 128_sbrr: f=[16, 8], wgs=1024, tpt=128 ... [建库: 40.1s | 运行: 6.5s] [成功] 综合耗时: 561.6051 ms
测 128_sbrr: f=[16, 8], wgs=1024, tpt=256 ... [建库: 46.7s | 运行: 7.2s] [成功] 综合耗时: 673.0079 ms
测 128_sbrr: f=[16, 8], wgs=1024, tpt=512 ... [建库: 38.0s | 运行: 7.6s] [成功] 综合耗时: 750.0101 ms
测 128_sbrr: f=[16, 8], wgs=1024, tpt=1024 ... [建库: 37.5s | 运行: 9.7s] [成功] 综合耗时: 1108.0930 ms
测 128_sbrr: f=[4, 2, 2, 2, 2, 2], wgs=64, tpt=16 ... [建库: 38.1s | 运行: 5.6s] [成功] 综合耗时: 478.6956 ms
测 128_sbrr: f=[4, 2, 2, 2, 2, 2], wgs=64, tpt=32 ... [建库: 37.3s | 运行: 5.9s] [成功] 综合耗时: 428.5593 ms
测 128_sbrr: f=[4, 2, 2, 2, 2, 2], wgs=64, tpt=64 ... [建库: 37.2s | 运行: 6.1s] [成功] 综合耗时: 420.5520 ms
测 128_sbrr: f=[4, 2, 2, 2, 2, 2], wgs=128, tpt=16 ... [建库: 39.7s | 运行: 6.1s] [成功] 综合耗时: 470.4157 ms
测 128_sbrr: f=[4, 2, 2, 2, 2, 2], wgs=128, tpt=32 ... [建库: 42.6s | 运行: 6.0s] [成功] 综合耗时: 442.8283 ms
测 128_sbrr: f=[4, 2, 2, 2, 2, 2], wgs=128, tpt=64 ... [建库: 38.3s | 运行: 6.3s] [成功] 综合耗时: 431.0571 ms
测 128_sbrr: f=[4, 2, 2, 2, 2, 2], wgs=128, tpt=128 ... [建库: 38.0s | 运行: 6.0s] [成功] 综合耗时: 430.1409 ms
测 128_sbrr: f=[4, 2, 2, 2, 2, 2], wgs=256, tpt=16 ... [建库: 37.9s | 运行: 5.6s] [成功] 综合耗时: 473.0971 ms
测 128_sbrr: f=[4, 2, 2, 2, 2, 2], wgs=256, tpt=32 ... [建库: 38.3s | 运行: 6.3s] [成功] 综合耗时: 444.4374 ms
测 128_sbrr: f=[4, 2, 2, 2, 2, 2], wgs=256, tpt=64 ... [建库: 37.3s | 运行: 5.9s] [成功] 综合耗时: 430.2821 ms
测 128_sbrr: f=[4, 2, 2, 2, 2, 2], wgs=256, tpt=128 ... [建库: 37.3s | 运行: 6.0s] [成功] 综合耗时: 432.1292 ms
测 128_sbrr: f=[4, 2, 2, 2, 2, 2], wgs=256, tpt=256 ... [建库: 38.6s | 运行: 6.2s] [成功] 综合耗时: 436.9947 ms
测 128_sbrr: f=[4, 2, 2, 2, 2, 2], wgs=512, tpt=16 ... [建库: 37.8s | 运行: 5.8s] [成功] 综合耗时: 472.9481 ms
测 128_sbrr: f=[4, 2, 2, 2, 2, 2], wgs=512, tpt=32 ... [建库: 37.6s | 运行: 6.0s] [成功] 综合耗时: 438.1888 ms
测 128_sbrr: f=[4, 2, 2, 2, 2, 2], wgs=512, tpt=64 ... [建库: 37.4s | 运行: 5.7s] [成功] 综合耗时: 431.4193 ms
测 128_sbrr: f=[4, 2, 2, 2, 2, 2], wgs=512, tpt=128 ... [建库: 37.3s | 运行: 5.5s] [成功] 综合耗时: 438.9445 ms
测 128_sbrr: f=[4, 2, 2, 2, 2, 2], wgs=512, tpt=256 ... [建库: 37.9s | 运行: 5.7s] [成功] 综合耗时: 435.6768 ms
测 128_sbrr: f=[4, 2, 2, 2, 2, 2], wgs=512, tpt=512 ... [建库: 38.0s | 运行: 6.1s] [成功] 综合耗时: 452.5550 ms
测 128_sbrr: f=[4, 2, 2, 2, 2, 2], wgs=1024, tpt=32 ... [建库: 37.6s | 运行: 6.1s] [成功] 综合耗时: 444.6778 ms
测 128_sbrr: f=[4, 2, 2, 2, 2, 2], wgs=1024, tpt=64 ... [建库: 38.4s | 运行: 5.9s] [成功] 综合耗时: 431.7914 ms
测 128_sbrr: f=[4, 2, 2, 2, 2, 2], wgs=1024, tpt=128 ... [建库: 38.1s | 运行: 5.9s] [成功] 综合耗时: 443.3008 ms
测 128_sbrr: f=[4, 2, 2, 2, 2, 2], wgs=1024, tpt=256 ... [建库: 37.4s | 运行: 5.9s] [成功] 综合耗时: 465.2291 ms
测 128_sbrr: f=[4, 2, 2, 2, 2, 2], wgs=1024, tpt=512 ... [建库: 38.9s | 运行: 6.1s] [成功] 综合耗时: 466.1430 ms
测 128_sbrr: f=[4, 2, 2, 2, 2, 2], wgs=1024, tpt=1024 ... [建库: 38.2s | 运行: 6.1s] [成功] 综合耗时: 495.8279 ms

--- 锁定 128_sbrr 最强配置 ---

>>> 开始爆破 256_sbrr (15 种因子排列) <<<
测 256_sbrr: f=[8, 4, 4, 2], wgs=64, tpt=16 ... [建库: 38.0s | 运行: 5.8s] [成功] 综合耗时: 433.7233 ms
测 256_sbrr: f=[8, 4, 4, 2], wgs=64, tpt=32 ... [建库: 37.6s | 运行: 5.7s] [成功] 综合耗时: 362.6570 ms
测 256_sbrr: f=[8, 4, 4, 2], wgs=64, tpt=64 ... [建库: 37.9s | 运行: 5.3s] [成功] 综合耗时: 350.6631 ms
测 256_sbrr: f=[8, 4, 4, 2], wgs=128, tpt=16 ... [建库: 39.8s | 运行: 5.6s] [成功] 综合耗时: 442.2075 ms
测 256_sbrr: f=[8, 4, 4, 2], wgs=128, tpt=32 ... [建库: 37.7s | 运行: 5.4s] [成功] 综合耗时: 376.7575 ms
测 256_sbrr: f=[8, 4, 4, 2], wgs=128, tpt=64 ... [建库: 38.1s | 运行: 5.9s] [成功] 综合耗时: 349.0311 ms
测 256_sbrr: f=[8, 4, 4, 2], wgs=128, tpt=128 ... [建库: 37.6s | 运行: 5.4s] [成功] 综合耗时: 358.0785 ms
测 256_sbrr: f=[8, 4, 4, 2], wgs=256, tpt=16 ... [建库: 38.4s | 运行: 5.9s] [成功] 综合耗时: 428.8148 ms
测 256_sbrr: f=[8, 4, 4, 2], wgs=256, tpt=32 ... [建库: 37.5s | 运行: 5.6s] [成功] 综合耗时: 384.2415 ms
测 256_sbrr: f=[8, 4, 4, 2], wgs=256, tpt=64 ... [建库: 38.5s | 运行: 5.9s] [成功] 综合耗时: 363.2323 ms
测 256_sbrr: f=[8, 4, 4, 2], wgs=256, tpt=128 ... [建库: 37.0s | 运行: 5.6s] [成功] 综合耗时: 354.6865 ms
测 256_sbrr: f=[8, 4, 4, 2], wgs=256, tpt=256 ... [建库: 37.5s | 运行: 6.0s] [成功] 综合耗时: 362.3618 ms
测 256_sbrr: f=[8, 4, 4, 2], wgs=512, tpt=32 ... [建库: 37.5s | 运行: 5.9s] [成功] 综合耗时: 376.8744 ms
测 256_sbrr: f=[8, 4, 4, 2], wgs=512, tpt=64 ... [建库: 38.1s | 运行: 5.5s] [成功] 综合耗时: 368.9150 ms
测 256_sbrr: f=[8, 4, 4, 2], wgs=512, tpt=128 ... [建库: 38.2s | 运行: 5.8s] [成功] 综合耗时: 364.3955 ms
测 256_sbrr: f=[8, 4, 4, 2], wgs=512, tpt=256 ... [建库: 37.6s | 运行: 5.7s] [成功] 综合耗时: 362.4745 ms
测 256_sbrr: f=[8, 4, 4, 2], wgs=512, tpt=512 ... [建库: 37.2s | 运行: 6.0s] [成功] 综合耗时: 383.1269 ms
测 256_sbrr: f=[8, 4, 4, 2], wgs=1024, tpt=64 ... [建库: 37.9s | 运行: 5.6s] [成功] 综合耗时: 369.6697 ms
测 256_sbrr: f=[8, 4, 4, 2], wgs=1024, tpt=128 ... [建库: 39.7s | 运行: 5.4s] [成功] 综合耗时: 381.2476 ms
测 256_sbrr: f=[8, 4, 4, 2], wgs=1024, tpt=256 ... [建库: 37.9s | 运行: 5.9s] [成功] 综合耗时: 392.3489 ms
测 256_sbrr: f=[8, 4, 4, 2], wgs=1024, tpt=512 ... [建库: 38.0s | 运行: 5.7s] [成功] 综合耗时: 389.3283 ms
测 256_sbrr: f=[8, 4, 4, 2], wgs=1024, tpt=1024 ... [建库: 37.6s | 运行: 6.2s] [成功] 综合耗时: 446.4804 ms
测 256_sbrr: f=[16, 8, 2], wgs=64, tpt=16 ... [建库: 37.8s | 运行: 5.5s] [成功] 综合耗时: 419.4946 ms
测 256_sbrr: f=[16, 8, 2], wgs=64, tpt=32 ... [建库: 37.4s | 运行: 5.9s] [成功] 综合耗时: 362.4926 ms
测 256_sbrr: f=[16, 8, 2], wgs=64, tpt=64 ... [建库: 37.5s | 运行: 5.7s] [成功] 综合耗时: 372.8086 ms
测 256_sbrr: f=[16, 8, 2], wgs=128, tpt=16 ... [建库: 38.4s | 运行: 5.7s] [成功] 综合耗时: 424.9889 ms
测 256_sbrr: f=[16, 8, 2], wgs=128, tpt=32 ... [建库: 38.6s | 运行: 5.8s] [成功] 综合耗时: 388.6122 ms
测 256_sbrr: f=[16, 8, 2], wgs=128, tpt=64 ... [建库: 37.6s | 运行: 5.9s] [成功] 综合耗时: 373.4574 ms
测 256_sbrr: f=[16, 8, 2], wgs=128, tpt=128 ... [建库: 37.8s | 运行: 5.8s] [成功] 综合耗时: 380.4268 ms
测 256_sbrr: f=[16, 8, 2], wgs=256, tpt=16 ... [建库: 38.1s | 运行: 5.6s] [成功] 综合耗时: 418.2777 ms
测 256_sbrr: f=[16, 8, 2], wgs=256, tpt=32 ... [建库: 37.6s | 运行: 5.7s] [成功] 综合耗时: 390.3502 ms
测 256_sbrr: f=[16, 8, 2], wgs=256, tpt=64 ... [建库: 37.9s | 运行: 5.6s] [成功] 综合耗时: 400.5650 ms
测 256_sbrr: f=[16, 8, 2], wgs=256, tpt=128 ... [建库: 37.2s | 运行: 5.8s] [成功] 综合耗时: 376.2433 ms
测 256_sbrr: f=[16, 8, 2], wgs=256, tpt=256 ... [建库: 37.1s | 运行: 6.0s] [成功] 综合耗时: 396.5081 ms
测 256_sbrr: f=[16, 8, 2], wgs=512, tpt=32 ... [建库: 37.3s | 运行: 5.6s] [成功] 综合耗时: 399.5692 ms
测 256_sbrr: f=[16, 8, 2], wgs=512, tpt=64 ... [建库: 37.5s | 运行: 6.1s] [成功] 综合耗时: 403.6902 ms
测 256_sbrr: f=[16, 8, 2], wgs=512, tpt=128 ... [建库: 37.6s | 运行: 5.9s] [成功] 综合耗时: 415.9750 ms
测 256_sbrr: f=[16, 8, 2], wgs=512, tpt=256 ... [建库: 37.8s | 运行: 6.0s] [成功] 综合耗时: 422.7573 ms
测 256_sbrr: f=[16, 8, 2], wgs=512, tpt=512 ... [建库: 40.9s | 运行: 6.0s] [成功] 综合耗时: 461.2731 ms
测 256_sbrr: f=[16, 8, 2], wgs=1024, tpt=64 ... [建库: 37.2s | 运行: 6.0s] [成功] 综合耗时: 416.3847 ms
测 256_sbrr: f=[16, 8, 2], wgs=1024, tpt=128 ... [建库: 37.2s | 运行: 6.3s] [成功] 综合耗时: 436.8372 ms
测 256_sbrr: f=[16, 8, 2], wgs=1024, tpt=256 ... [建库: 38.0s | 运行: 6.1s] [成功] 综合耗时: 476.0315 ms
测 256_sbrr: f=[16, 8, 2], wgs=1024, tpt=512 ... [建库: 37.1s | 运行: 6.9s] [成功] 综合耗时: 537.2940 ms
测 256_sbrr: f=[16, 8, 2], wgs=1024, tpt=1024 ... [建库: 37.6s | 运行: 7.1s] [成功] 综合耗时: 659.6563 ms
测 256_sbrr: f=[16, 4, 4], wgs=64, tpt=16 ... [建库: 38.0s | 运行: 5.7s] [成功] 综合耗时: 425.5466 ms
测 256_sbrr: f=[16, 4, 4], wgs=64, tpt=32 ... [建库: 40.0s | 运行: 5.7s] [成功] 综合耗时: 364.2228 ms
测 256_sbrr: f=[16, 4, 4], wgs=64, tpt=64 ... [建库: 37.4s | 运行: 5.7s] [成功] 综合耗时: 357.6259 ms
测 256_sbrr: f=[16, 4, 4], wgs=128, tpt=16 ... [建库: 39.6s | 运行: 5.7s] [成功] 综合耗时: 413.0142 ms
测 256_sbrr: f=[16, 4, 4], wgs=128, tpt=32 ... [建库: 37.4s | 运行: 5.6s] [成功] 综合耗时: 397.2074 ms
测 256_sbrr: f=[16, 4, 4], wgs=128, tpt=64 ... [建库: 37.7s | 运行: 5.9s] [成功] 综合耗时: 363.3224 ms
测 256_sbrr: f=[16, 4, 4], wgs=128, tpt=128 ... [建库: 37.7s | 运行: 5.6s] [成功] 综合耗时: 369.2513 ms
测 256_sbrr: f=[16, 4, 4], wgs=256, tpt=16 ... [建库: 37.5s | 运行: 5.4s] [成功] 综合耗时: 410.6311 ms
测 256_sbrr: f=[16, 4, 4], wgs=256, tpt=32 ... [建库: 37.8s | 运行: 5.8s] [成功] 综合耗时: 391.7870 ms
测 256_sbrr: f=[16, 4, 4], wgs=256, tpt=64 ... [建库: 38.1s | 运行: 5.9s] [成功] 综合耗时: 389.8876 ms
测 256_sbrr: f=[16, 4, 4], wgs=256, tpt=128 ... [建库: 37.8s | 运行: 5.8s] [成功] 综合耗时: 373.9012 ms
测 256_sbrr: f=[16, 4, 4], wgs=256, tpt=256 ... [建库: 37.1s | 运行: 6.0s] [成功] 综合耗时: 383.4429 ms
测 256_sbrr: f=[16, 4, 4], wgs=512, tpt=32 ... [建库: 37.1s | 运行: 5.8s] [成功] 综合耗时: 396.9415 ms
测 256_sbrr: f=[16, 4, 4], wgs=512, tpt=64 ... [建库: 38.9s | 运行: 5.7s] [成功] 综合耗时: 393.0760 ms
测 256_sbrr: f=[16, 4, 4], wgs=512, tpt=128 ... [建库: 37.8s | 运行: 5.8s] [成功] 综合耗时: 400.8085 ms
测 256_sbrr: f=[16, 4, 4], wgs=512, tpt=256 ... [建库: 38.1s | 运行: 5.6s] [成功] 综合耗时: 407.0036 ms
测 256_sbrr: f=[16, 4, 4], wgs=512, tpt=512 ... [建库: 37.1s | 运行: 5.7s] [成功] 综合耗时: 434.6487 ms
测 256_sbrr: f=[16, 4, 4], wgs=1024, tpt=64 ... [建库: 38.1s | 运行: 5.5s] [成功] 综合耗时: 392.7808 ms
测 256_sbrr: f=[16, 4, 4], wgs=1024, tpt=128 ... [建库: 37.5s | 运行: 5.8s] [成功] 综合耗时: 430.9711 ms
测 256_sbrr: f=[16, 4, 4], wgs=1024, tpt=256 ... [建库: 37.6s | 运行: 6.3s] [成功] 综合耗时: 461.4998 ms
测 256_sbrr: f=[16, 4, 4], wgs=1024, tpt=512 ... [建库: 37.9s | 运行: 6.2s] [成功] 综合耗时: 491.2697 ms
测 256_sbrr: f=[16, 4, 4], wgs=1024, tpt=1024 ... [建库: 38.2s | 运行: 6.8s] [成功] 综合耗时: 584.5891 ms
测 256_sbrr: f=[8, 2, 2, 2, 2, 2], wgs=64, tpt=16 ... [建库: 38.1s | 运行: 6.3s] [成功] 综合耗时: 459.3058 ms
测 256_sbrr: f=[8, 2, 2, 2, 2, 2], wgs=64, tpt=32 ... [建库: 37.9s | 运行: 5.8s] [成功] 综合耗时: 372.7581 ms
测 256_sbrr: f=[8, 2, 2, 2, 2, 2], wgs=64, tpt=64 ... [建库: 38.5s | 运行: 5.7s] [成功] 综合耗时: 347.1733 ms
测 256_sbrr: f=[8, 2, 2, 2, 2, 2], wgs=128, tpt=16 ... [建库: 38.1s | 运行: 5.8s] [成功] 综合耗时: 458.3273 ms
测 256_sbrr: f=[8, 2, 2, 2, 2, 2], wgs=128, tpt=32 ... [建库: 37.2s | 运行: 5.6s] [成功] 综合耗时: 394.2045 ms
测 256_sbrr: f=[8, 2, 2, 2, 2, 2], wgs=128, tpt=64 ... [建库: 37.2s | 运行: 5.9s] [成功] 综合耗时: 355.4293 ms
测 256_sbrr: f=[8, 2, 2, 2, 2, 2], wgs=128, tpt=128 ... [建库: 38.2s | 运行: 5.6s] [成功] 综合耗时: 343.6725 ms
测 256_sbrr: f=[8, 2, 2, 2, 2, 2], wgs=256, tpt=16 ... [建库: 37.4s | 运行: 5.9s] [成功] 综合耗时: 463.4839 ms
测 256_sbrr: f=[8, 2, 2, 2, 2, 2], wgs=256, tpt=32 ... [建库: 38.4s | 运行: 5.6s] [成功] 综合耗时: 396.9181 ms
测 256_sbrr: f=[8, 2, 2, 2, 2, 2], wgs=256, tpt=64 ... [建库: 37.5s | 运行: 5.6s] [成功] 综合耗时: 374.2009 ms
测 256_sbrr: f=[8, 2, 2, 2, 2, 2], wgs=256, tpt=128 ... [建库: 37.7s | 运行: 5.9s] [成功] 综合耗时: 347.5845 ms
测 256_sbrr: f=[8, 2, 2, 2, 2, 2], wgs=256, tpt=256 ... [建库: 37.2s | 运行: 5.9s] [成功] 综合耗时: 360.1617 ms
测 256_sbrr: f=[8, 2, 2, 2, 2, 2], wgs=512, tpt=32 ... [建库: 37.5s | 运行: 5.7s] [成功] 综合耗时: 398.7874 ms
测 256_sbrr: f=[8, 2, 2, 2, 2, 2], wgs=512, tpt=64 ... [建库: 38.3s | 运行: 5.5s] [成功] 综合耗时: 371.2900 ms
测 256_sbrr: f=[8, 2, 2, 2, 2, 2], wgs=512, tpt=128 ... [建库: 37.7s | 运行: 5.5s] [成功] 综合耗时: 363.2362 ms
测 256_sbrr: f=[8, 2, 2, 2, 2, 2], wgs=512, tpt=256 ... [建库: 39.8s | 运行: 6.0s] [成功] 综合耗时: 360.6908 ms
测 256_sbrr: f=[8, 2, 2, 2, 2, 2], wgs=512, tpt=512 ... [建库: 38.0s | 运行: 5.6s] [成功] 综合耗时: 371.4499 ms
测 256_sbrr: f=[8, 2, 2, 2, 2, 2], wgs=1024, tpt=64 ... [建库: 37.4s | 运行: 5.5s] [成功] 综合耗时: 375.7977 ms
测 256_sbrr: f=[8, 2, 2, 2, 2, 2], wgs=1024, tpt=128 ... [建库: 42.9s | 运行: 5.8s] [成功] 综合耗时: 373.5847 ms
测 256_sbrr: f=[8, 2, 2, 2, 2, 2], wgs=1024, tpt=256 ... [建库: 37.5s | 运行: 5.9s] [成功] 综合耗时: 384.3417 ms
测 256_sbrr: f=[8, 2, 2, 2, 2, 2], wgs=1024, tpt=512 ... [建库: 37.3s | 运行: 6.1s] [成功] 综合耗时: 386.5681 ms
测 256_sbrr: f=[8, 2, 2, 2, 2, 2], wgs=1024, tpt=1024 ... [建库: 37.9s | 运行: 5.9s] [成功] 综合耗时: 422.6417 ms
测 256_sbrr: f=[4, 4, 4, 4], wgs=64, tpt=16 ... [建库: 37.7s | 运行: 5.5s] [成功] 综合耗时: 425.5211 ms
测 256_sbrr: f=[4, 4, 4, 4], wgs=64, tpt=32 ... [建库: 38.0s | 运行: 5.9s] [成功] 综合耗时: 354.3657 ms
测 256_sbrr: f=[4, 4, 4, 4], wgs=64, tpt=64 ... [建库: 38.3s | 运行: 5.5s] [成功] 综合耗时: 345.0801 ms
测 256_sbrr: f=[4, 4, 4, 4], wgs=128, tpt=16 ... [建库: 37.6s | 运行: 5.6s] [成功] 综合耗时: 420.0158 ms
测 256_sbrr: f=[4, 4, 4, 4], wgs=128, tpt=32 ... [建库: 38.8s | 运行: 5.9s] [成功] 综合耗时: 379.8773 ms
测 256_sbrr: f=[4, 4, 4, 4], wgs=128, tpt=64 ... [建库: 37.5s | 运行: 5.7s] [成功] 综合耗时: 349.1546 ms
测 256_sbrr: f=[4, 4, 4, 4], wgs=128, tpt=128 ... [建库: 37.4s | 运行: 5.9s] [成功] 综合耗时: 350.8863 ms
测 256_sbrr: f=[4, 4, 4, 4], wgs=256, tpt=16 ... [建库: 37.3s | 运行: 5.8s] [成功] 综合耗时: 425.0159 ms
测 256_sbrr: f=[4, 4, 4, 4], wgs=256, tpt=32 ... [建库: 38.1s | 运行: 5.7s] [成功] 综合耗时: 383.7222 ms
测 256_sbrr: f=[4, 4, 4, 4], wgs=256, tpt=64 ... [建库: 39.1s | 运行: 5.6s] [成功] 综合耗时: 355.8382 ms
测 256_sbrr: f=[4, 4, 4, 4], wgs=256, tpt=128 ... [建库: 37.7s | 运行: 5.9s] [成功] 综合耗时: 346.3805 ms
测 256_sbrr: f=[4, 4, 4, 4], wgs=256, tpt=256 ... [建库: 38.8s | 运行: 5.8s] [成功] 综合耗时: 347.2721 ms
测 256_sbrr: f=[4, 4, 4, 4], wgs=512, tpt=32 ... [建库: 37.9s | 运行: 5.9s] [成功] 综合耗时: 378.1795 ms
测 256_sbrr: f=[4, 4, 4, 4], wgs=512, tpt=64 ... [建库: 37.3s | 运行: 5.8s] [成功] 综合耗时: 363.7718 ms
测 256_sbrr: f=[4, 4, 4, 4], wgs=512, tpt=128 ... [建库: 38.3s | 运行: 5.6s] [成功] 综合耗时: 368.9571 ms
测 256_sbrr: f=[4, 4, 4, 4], wgs=512, tpt=256 ... [建库: 38.2s | 运行: 5.8s] [成功] 综合耗时: 362.6180 ms
测 256_sbrr: f=[4, 4, 4, 4], wgs=512, tpt=512 ... [建库: 37.8s | 运行: 5.9s] [成功] 综合耗时: 363.9513 ms
测 256_sbrr: f=[4, 4, 4, 4], wgs=1024, tpt=64 ... [建库: 38.1s | 运行: 5.6s] [成功] 综合耗时: 364.0586 ms
测 256_sbrr: f=[4, 4, 4, 4], wgs=1024, tpt=128 ... [建库: 38.2s | 运行: 5.6s] [成功] 综合耗时: 370.7180 ms
测 256_sbrr: f=[4, 4, 4, 4], wgs=1024, tpt=256 ... [建库: 38.2s | 运行: 5.6s] [成功] 综合耗时: 379.4984 ms
测 256_sbrr: f=[4, 4, 4, 4], wgs=1024, tpt=512 ... [建库: 37.9s | 运行: 5.4s] [成功] 综合耗时: 369.0345 ms
测 256_sbrr: f=[4, 4, 4, 4], wgs=1024, tpt=1024 ... [建库: 38.1s | 运行: 5.9s] [成功] 综合耗时: 392.9617 ms
测 256_sbrr: f=[16, 4, 2, 2], wgs=64, tpt=16 ... [建库: 37.4s | 运行: 5.7s] [成功] 综合耗时: 432.4016 ms
测 256_sbrr: f=[16, 4, 2, 2], wgs=64, tpt=32 ... [建库: 37.9s | 运行: 5.8s] [成功] 综合耗时: 363.2037 ms
测 256_sbrr: f=[16, 4, 2, 2], wgs=64, tpt=64 ... [建库: 37.5s | 运行: 5.7s] [成功] 综合耗时: 361.8906 ms
测 256_sbrr: f=[16, 4, 2, 2], wgs=128, tpt=16 ... [建库: 37.5s | 运行: 5.6s] [成功] 综合耗时: 429.7234 ms
测 256_sbrr: f=[16, 4, 2, 2], wgs=128, tpt=32 ... [建库: 37.3s | 运行: 5.6s] [成功] 综合耗时: 393.0910 ms
测 256_sbrr: f=[16, 4, 2, 2], wgs=128, tpt=64 ... [建库: 37.6s | 运行: 5.8s] [成功] 综合耗时: 361.4287 ms
测 256_sbrr: f=[16, 4, 2, 2], wgs=128, tpt=128 ... [建库: 39.6s | 运行: 5.9s] [成功] 综合耗时: 364.2885 ms
测 256_sbrr: f=[16, 4, 2, 2], wgs=256, tpt=16 ... [建库: 37.3s | 运行: 5.6s] [成功] 综合耗时: 430.3695 ms
测 256_sbrr: f=[16, 4, 2, 2], wgs=256, tpt=32 ... [建库: 37.3s | 运行: 5.7s] [成功] 综合耗时: 395.9640 ms
测 256_sbrr: f=[16, 4, 2, 2], wgs=256, tpt=64 ... [建库: 37.9s | 运行: 6.0s] [成功] 综合耗时: 392.5964 ms
测 256_sbrr: f=[16, 4, 2, 2], wgs=256, tpt=128 ... [建库: 37.5s | 运行: 5.4s] [成功] 综合耗时: 367.4472 ms
测 256_sbrr: f=[16, 4, 2, 2], wgs=256, tpt=256 ... [建库: 37.5s | 运行: 5.7s] [成功] 综合耗时: 387.6583 ms
测 256_sbrr: f=[16, 4, 2, 2], wgs=512, tpt=32 ... [建库: 37.6s | 运行: 5.4s] [成功] 综合耗时: 402.6391 ms
测 256_sbrr: f=[16, 4, 2, 2], wgs=512, tpt=64 ... [建库: 37.9s | 运行: 5.8s] [成功] 综合耗时: 403.7115 ms
测 256_sbrr: f=[16, 4, 2, 2], wgs=512, tpt=128 ... [建库: 37.7s | 运行: 5.7s] [成功] 综合耗时: 409.4081 ms
测 256_sbrr: f=[16, 4, 2, 2], wgs=512, tpt=256 ... [建库: 37.4s | 运行: 6.1s] [成功] 综合耗时: 402.4116 ms
测 256_sbrr: f=[16, 4, 2, 2], wgs=512, tpt=512 ... [建库: 38.2s | 运行: 5.7s] [成功] 综合耗时: 434.4192 ms
测 256_sbrr: f=[16, 4, 2, 2], wgs=1024, tpt=64 ... [建库: 37.8s | 运行: 5.6s] [成功] 综合耗时: 405.4418 ms
测 256_sbrr: f=[16, 4, 2, 2], wgs=1024, tpt=128 ... [建库: 37.1s | 运行: 5.8s] [成功] 综合耗时: 427.0227 ms
测 256_sbrr: f=[16, 4, 2, 2], wgs=1024, tpt=256 ... [建库: 37.3s | 运行: 6.2s] [成功] 综合耗时: 473.5231 ms
测 256_sbrr: f=[16, 4, 2, 2], wgs=1024, tpt=512 ... [建库: 38.6s | 运行: 6.2s] [成功] 综合耗时: 506.8146 ms
测 256_sbrr: f=[16, 4, 2, 2], wgs=1024, tpt=1024 ... [建库: 37.4s | 运行: 6.9s] [成功] 综合耗时: 594.3659 ms
测 256_sbrr: f=[16, 16], wgs=64, tpt=16 ... [建库: 38.5s | 运行: 5.6s] [成功] 综合耗时: 388.9599 ms
测 256_sbrr: f=[16, 16], wgs=64, tpt=32 ... [建库: 37.1s | 运行: 5.6s] [成功] 综合耗时: 370.7476 ms
测 256_sbrr: f=[16, 16], wgs=64, tpt=64 ... [建库: 38.0s | 运行: 5.6s] [成功] 综合耗时: 377.2599 ms
测 256_sbrr: f=[16, 16], wgs=128, tpt=16 ... [建库: 38.0s | 运行: 6.0s] [成功] 综合耗时: 393.8666 ms
测 256_sbrr: f=[16, 16], wgs=128, tpt=32 ... [建库: 37.9s | 运行: 5.6s] [成功] 综合耗时: 408.8532 ms
测 256_sbrr: f=[16, 16], wgs=128, tpt=64 ... [建库: 38.0s | 运行: 5.9s] [成功] 综合耗时: 380.1656 ms
测 256_sbrr: f=[16, 16], wgs=128, tpt=128 ... [建库: 37.9s | 运行: 6.0s] [成功] 综合耗时: 394.4995 ms
测 256_sbrr: f=[16, 16], wgs=256, tpt=16 ... [建库: 37.3s | 运行: 5.5s] [成功] 综合耗时: 398.4769 ms
测 256_sbrr: f=[16, 16], wgs=256, tpt=32 ... [建库: 37.3s | 运行: 6.1s] [成功] 综合耗时: 401.6823 ms
测 256_sbrr: f=[16, 16], wgs=256, tpt=64 ... [建库: 37.8s | 运行: 5.8s] [成功] 综合耗时: 413.2534 ms
测 256_sbrr: f=[16, 16], wgs=256, tpt=128 ... [建库: 38.3s | 运行: 5.5s] [成功] 综合耗时: 386.6188 ms
测 256_sbrr: f=[16, 16], wgs=256, tpt=256 ... [建库: 37.9s | 运行: 6.0s] [成功] 综合耗时: 420.8159 ms
测 256_sbrr: f=[16, 16], wgs=512, tpt=32 ... [建库: 37.7s | 运行: 6.1s] [成功] 综合耗时: 403.3617 ms
测 256_sbrr: f=[16, 16], wgs=512, tpt=64 ... [建库: 37.8s | 运行: 5.5s] [成功] 综合耗时: 416.8895 ms
测 256_sbrr: f=[16, 16], wgs=512, tpt=128 ... [建库: 43.4s | 运行: 5.8s] [成功] 综合耗时: 432.8613 ms
测 256_sbrr: f=[16, 16], wgs=512, tpt=256 ... [建库: 37.6s | 运行: 6.3s] [成功] 综合耗时: 437.8834 ms
测 256_sbrr: f=[16, 16], wgs=512, tpt=512 ... [建库: 37.7s | 运行: 6.6s] [成功] 综合耗时: 465.2745 ms
测 256_sbrr: f=[16, 16], wgs=1024, tpt=64 ... [建库: 38.3s | 运行: 6.0s] [成功] 综合耗时: 457.5943 ms
测 256_sbrr: f=[16, 16], wgs=1024, tpt=128 ... [建库: 38.8s | 运行: 6.0s] [成功] 综合耗时: 472.0036 ms
测 256_sbrr: f=[16, 16], wgs=1024, tpt=256 ... [建库: 37.5s | 运行: 6.7s] [成功] 综合耗时: 532.2197 ms
测 256_sbrr: f=[16, 16], wgs=1024, tpt=512 ... [建库: 37.9s | 运行: 7.1s] [成功] 综合耗时: 597.1155 ms
测 256_sbrr: f=[16, 16], wgs=1024, tpt=1024 ... [建库: 38.6s | 运行: 7.8s] [成功] 综合耗时: 763.7341 ms
测 256_sbrr: f=[8, 4, 2, 2, 2], wgs=64, tpt=16 ... [建库: 38.0s | 运行: 5.7s] [成功] 综合耗时: 445.9102 ms
测 256_sbrr: f=[8, 4, 2, 2, 2], wgs=64, tpt=32 ... [建库: 38.1s | 运行: 5.7s] [成功] 综合耗时: 367.1043 ms
测 256_sbrr: f=[8, 4, 2, 2, 2], wgs=64, tpt=64 ... [建库: 37.9s | 运行: 5.8s] [成功] 综合耗时: 354.4168 ms
测 256_sbrr: f=[8, 4, 2, 2, 2], wgs=128, tpt=16 ... [建库: 38.6s | 运行: 5.7s] [成功] 综合耗时: 456.5448 ms
测 256_sbrr: f=[8, 4, 2, 2, 2], wgs=128, tpt=32 ... [建库: 37.6s | 运行: 5.7s] [成功] 综合耗时: 387.8017 ms
测 256_sbrr: f=[8, 4, 2, 2, 2], wgs=128, tpt=64 ... [建库: 38.2s | 运行: 5.6s] [成功] 综合耗时: 356.2727 ms
测 256_sbrr: f=[8, 4, 2, 2, 2], wgs=128, tpt=128 ... [建库: 38.0s | 运行: 5.4s] [成功] 综合耗时: 348.5896 ms
测 256_sbrr: f=[8, 4, 2, 2, 2], wgs=256, tpt=16 ... [建库: 39.5s | 运行: 5.9s] [成功] 综合耗时: 450.9322 ms
测 256_sbrr: f=[8, 4, 2, 2, 2], wgs=256, tpt=32 ... [建库: 38.2s | 运行: 5.4s] [成功] 综合耗时: 389.1682 ms
测 256_sbrr: f=[8, 4, 2, 2, 2], wgs=256, tpt=64 ... [建库: 37.4s | 运行: 5.6s] [成功] 综合耗时: 380.8384 ms
测 256_sbrr: f=[8, 4, 2, 2, 2], wgs=256, tpt=128 ... [建库: 37.6s | 运行: 5.7s] [成功] 综合耗时: 356.5424 ms
测 256_sbrr: f=[8, 4, 2, 2, 2], wgs=256, tpt=256 ... [建库: 38.5s | 运行: 5.6s] [成功] 综合耗时: 371.4821 ms
测 256_sbrr: f=[8, 4, 2, 2, 2], wgs=512, tpt=32 ... [建库: 37.7s | 运行: 5.5s] [成功] 综合耗时: 389.6209 ms
测 256_sbrr: f=[8, 4, 2, 2, 2], wgs=512, tpt=64 ... [建库: 37.5s | 运行: 5.8s] [成功] 综合耗时: 376.2115 ms
测 256_sbrr: f=[8, 4, 2, 2, 2], wgs=512, tpt=128 ... [建库: 37.7s | 运行: 5.8s] [成功] 综合耗时: 366.6549 ms
测 256_sbrr: f=[8, 4, 2, 2, 2], wgs=512, tpt=256 ... [建库: 37.5s | 运行: 5.7s] [成功] 综合耗时: 363.6358 ms
测 256_sbrr: f=[8, 4, 2, 2, 2], wgs=512, tpt=512 ... [建库: 38.7s | 运行: 5.7s] [成功] 综合耗时: 382.1171 ms
测 256_sbrr: f=[8, 4, 2, 2, 2], wgs=1024, tpt=64 ... [建库: 37.6s | 运行: 5.6s] [成功] 综合耗时: 372.8421 ms
测 256_sbrr: f=[8, 4, 2, 2, 2], wgs=1024, tpt=128 ... [建库: 38.1s | 运行: 5.6s] [成功] 综合耗时: 377.0646 ms
测 256_sbrr: f=[8, 4, 2, 2, 2], wgs=1024, tpt=256 ... [建库: 37.9s | 运行: 5.8s] [成功] 综合耗时: 390.3946 ms
测 256_sbrr: f=[8, 4, 2, 2, 2], wgs=1024, tpt=512 ... [建库: 37.6s | 运行: 5.7s] [成功] 综合耗时: 393.4636 ms
测 256_sbrr: f=[8, 4, 2, 2, 2], wgs=1024, tpt=1024 ... [建库: 37.3s | 运行: 6.0s] [成功] 综合耗时: 433.5082 ms
测 256_sbrr: f=[8, 8, 2, 2], wgs=64, tpt=16 ... [建库: 38.3s | 运行: 5.7s] [成功] 综合耗时: 427.4467 ms
测 256_sbrr: f=[8, 8, 2, 2], wgs=64, tpt=32 ... [建库: 37.3s | 运行: 5.6s] [成功] 综合耗时: 356.3981 ms
测 256_sbrr: f=[8, 8, 2, 2], wgs=64, tpt=64 ... [建库: 37.4s | 运行: 5.8s] [成功] 综合耗时: 361.0457 ms
测 256_sbrr: f=[8, 8, 2, 2], wgs=128, tpt=16 ... [建库: 37.5s | 运行: 5.9s] [成功] 综合耗时: 432.0900 ms
测 256_sbrr: f=[8, 8, 2, 2], wgs=128, tpt=32 ... [建库: 38.0s | 运行: 5.5s] [成功] 综合耗时: 381.5908 ms
测 256_sbrr: f=[8, 8, 2, 2], wgs=128, tpt=64 ... [建库: 37.3s | 运行: 5.7s] [成功] 综合耗时: 354.4089 ms
测 256_sbrr: f=[8, 8, 2, 2], wgs=128, tpt=128 ... [建库: 37.6s | 运行: 6.1s] [成功] 综合耗时: 358.4241 ms
测 256_sbrr: f=[8, 8, 2, 2], wgs=256, tpt=16 ... [建库: 38.8s | 运行: 5.7s] [成功] 综合耗时: 427.6623 ms
测 256_sbrr: f=[8, 8, 2, 2], wgs=256, tpt=32 ... [建库: 37.7s | 运行: 5.7s] [成功] 综合耗时: 377.0294 ms
测 256_sbrr: f=[8, 8, 2, 2], wgs=256, tpt=64 ... [建库: 37.5s | 运行: 5.7s] [成功] 综合耗时: 371.8002 ms
测 256_sbrr: f=[8, 8, 2, 2], wgs=256, tpt=128 ... [建库: 38.2s | 运行: 5.9s] [成功] 综合耗时: 365.4245 ms
测 256_sbrr: f=[8, 8, 2, 2], wgs=256, tpt=256 ... [建库: 37.5s | 运行: 5.5s] [成功] 综合耗时: 367.9556 ms
测 256_sbrr: f=[8, 8, 2, 2], wgs=512, tpt=32 ... [建库: 37.7s | 运行: 5.8s] [成功] 综合耗时: 384.7612 ms
测 256_sbrr: f=[8, 8, 2, 2], wgs=512, tpt=64 ... [建库: 38.1s | 运行: 5.6s] [成功] 综合耗时: 376.6201 ms
测 256_sbrr: f=[8, 8, 2, 2], wgs=512, tpt=128 ... [建库: 37.4s | 运行: 5.4s] [成功] 综合耗时: 372.4609 ms
测 256_sbrr: f=[8, 8, 2, 2], wgs=512, tpt=256 ... [建库: 37.4s | 运行: 6.0s] [成功] 综合耗时: 379.9292 ms
测 256_sbrr: f=[8, 8, 2, 2], wgs=512, tpt=512 ... [建库: 37.0s | 运行: 6.1s] [成功] 综合耗时: 395.6845 ms
测 256_sbrr: f=[8, 8, 2, 2], wgs=1024, tpt=64 ... [建库: 37.7s | 运行: 5.2s] [成功] 综合耗时: 369.1895 ms
测 256_sbrr: f=[8, 8, 2, 2], wgs=1024, tpt=128 ... [建库: 38.0s | 运行: 6.0s] [成功] 综合耗时: 380.3496 ms
测 256_sbrr: f=[8, 8, 2, 2], wgs=1024, tpt=256 ... [建库: 38.9s | 运行: 6.1s] [成功] 综合耗时: 398.1627 ms
测 256_sbrr: f=[8, 8, 2, 2], wgs=1024, tpt=512 ... [建库: 38.0s | 运行: 5.7s] [成功] 综合耗时: 410.4789 ms
测 256_sbrr: f=[8, 8, 2, 2], wgs=1024, tpt=1024 ... [建库: 38.9s | 运行: 6.5s] [成功] 综合耗时: 466.1564 ms
测 256_sbrr: f=[2, 2, 2, 2, 2, 2, 2, 2], wgs=64, tpt=16 ... [建库: 37.5s | 运行: 6.0s] [成功] 综合耗时: 497.4917 ms
测 256_sbrr: f=[2, 2, 2, 2, 2, 2, 2, 2], wgs=64, tpt=32 ... [建库: 37.9s | 运行: 5.7s] [成功] 综合耗时: 388.5032 ms
测 256_sbrr: f=[2, 2, 2, 2, 2, 2, 2, 2], wgs=64, tpt=64 ... [建库: 38.1s | 运行: 5.7s] [成功] 综合耗时: 358.9465 ms
测 256_sbrr: f=[2, 2, 2, 2, 2, 2, 2, 2], wgs=128, tpt=16 ... [建库: 38.1s | 运行: 6.2s] [成功] 综合耗时: 511.9395 ms
测 256_sbrr: f=[2, 2, 2, 2, 2, 2, 2, 2], wgs=128, tpt=32 ... [建库: 38.1s | 运行: 5.7s] [成功] 综合耗时: 410.8822 ms
测 256_sbrr: f=[2, 2, 2, 2, 2, 2, 2, 2], wgs=128, tpt=64 ... [建库: 38.5s | 运行: 5.3s] [成功] 综合耗时: 352.2070 ms
测 256_sbrr: f=[2, 2, 2, 2, 2, 2, 2, 2], wgs=128, tpt=128 ... [建库: 37.3s | 运行: 5.7s] [成功] 综合耗时: 341.5068 ms
测 256_sbrr: f=[2, 2, 2, 2, 2, 2, 2, 2], wgs=256, tpt=16 ... [建库: 38.5s | 运行: 6.1s] [成功] 综合耗时: 504.9580 ms
测 256_sbrr: f=[2, 2, 2, 2, 2, 2, 2, 2], wgs=256, tpt=32 ... [建库: 37.7s | 运行: 5.7s] [成功] 综合耗时: 422.5388 ms
测 256_sbrr: f=[2, 2, 2, 2, 2, 2, 2, 2], wgs=256, tpt=64 ... [建库: 37.6s | 运行: 5.4s] [成功] 综合耗时: 375.2534 ms
测 256_sbrr: f=[2, 2, 2, 2, 2, 2, 2, 2], wgs=256, tpt=128 ... [建库: 37.2s | 运行: 5.5s] [成功] 综合耗时: 342.9171 ms
测 256_sbrr: f=[2, 2, 2, 2, 2, 2, 2, 2], wgs=256, tpt=256 ... [建库: 38.0s | 运行: 6.0s] [成功] 综合耗时: 358.0222 ms
测 256_sbrr: f=[2, 2, 2, 2, 2, 2, 2, 2], wgs=512, tpt=32 ... [建库: 37.4s | 运行: 5.6s] [成功] 综合耗时: 419.3757 ms
测 256_sbrr: f=[2, 2, 2, 2, 2, 2, 2, 2], wgs=512, tpt=64 ... [建库: 37.6s | 运行: 5.4s] [成功] 综合耗时: 380.8392 ms
测 256_sbrr: f=[2, 2, 2, 2, 2, 2, 2, 2], wgs=512, tpt=128 ... [建库: 38.0s | 运行: 5.7s] [成功] 综合耗时: 357.5694 ms
测 256_sbrr: f=[2, 2, 2, 2, 2, 2, 2, 2], wgs=512, tpt=256 ... [建库: 37.3s | 运行: 5.6s] [成功] 综合耗时: 355.9638 ms
测 256_sbrr: f=[2, 2, 2, 2, 2, 2, 2, 2], wgs=512, tpt=512 ... [建库: 37.7s | 运行: 5.7s] [成功] 综合耗时: 361.5248 ms
测 256_sbrr: f=[2, 2, 2, 2, 2, 2, 2, 2], wgs=1024, tpt=64 ... [建库: 37.1s | 运行: 5.6s] [成功] 综合耗时: 374.2737 ms
测 256_sbrr: f=[2, 2, 2, 2, 2, 2, 2, 2], wgs=1024, tpt=128 ... [建库: 38.0s | 运行: 5.8s] [成功] 综合耗时: 365.7706 ms
测 256_sbrr: f=[2, 2, 2, 2, 2, 2, 2, 2], wgs=1024, tpt=256 ... [建库: 37.9s | 运行: 5.5s] [成功] 综合耗时: 369.7293 ms
测 256_sbrr: f=[2, 2, 2, 2, 2, 2, 2, 2], wgs=1024, tpt=512 ... [建库: 37.9s | 运行: 5.9s] [成功] 综合耗时: 363.4475 ms
测 256_sbrr: f=[2, 2, 2, 2, 2, 2, 2, 2], wgs=1024, tpt=1024 ... [建库: 37.7s | 运行: 5.9s] [成功] 综合耗时: 385.3656 ms
测 256_sbrr: f=[4, 2, 2, 2, 2, 2, 2], wgs=64, tpt=16 ... [建库: 38.1s | 运行: 6.1s] [成功] 综合耗时: 496.6483 ms
测 256_sbrr: f=[4, 2, 2, 2, 2, 2, 2], wgs=64, tpt=32 ... [建库: 38.0s | 运行: 5.5s] [成功] 综合耗时: 367.9230 ms
测 256_sbrr: f=[4, 2, 2, 2, 2, 2, 2], wgs=64, tpt=64 ... [建库: 38.2s | 运行: 5.8s] [成功] 综合耗时: 343.7509 ms
测 256_sbrr: f=[4, 2, 2, 2, 2, 2, 2], wgs=128, tpt=16 ... [建库: 37.7s | 运行: 6.1s] [成功] 综合耗时: 496.3833 ms
测 256_sbrr: f=[4, 2, 2, 2, 2, 2, 2], wgs=128, tpt=32 ... [建库: 38.0s | 运行: 5.5s] [成功] 综合耗时: 399.5147 ms
测 256_sbrr: f=[4, 2, 2, 2, 2, 2, 2], wgs=128, tpt=64 ... [建库: 37.7s | 运行: 6.0s] [成功] 综合耗时: 350.6169 ms
测 256_sbrr: f=[4, 2, 2, 2, 2, 2, 2], wgs=128, tpt=128 ... [建库: 38.0s | 运行: 5.5s] [成功] 综合耗时: 343.2736 ms
测 256_sbrr: f=[4, 2, 2, 2, 2, 2, 2], wgs=256, tpt=16 ... [建库: 39.2s | 运行: 5.9s] [成功] 综合耗时: 483.2294 ms
测 256_sbrr: f=[4, 2, 2, 2, 2, 2, 2], wgs=256, tpt=32 ... [建库: 38.0s | 运行: 5.8s] [成功] 综合耗时: 407.4504 ms
测 256_sbrr: f=[4, 2, 2, 2, 2, 2, 2], wgs=256, tpt=64 ... [建库: 38.4s | 运行: 5.7s] [成功] 综合耗时: 370.4031 ms
测 256_sbrr: f=[4, 2, 2, 2, 2, 2, 2], wgs=256, tpt=128 ... [建库: 37.9s | 运行: 6.0s] [成功] 综合耗时: 348.6464 ms
测 256_sbrr: f=[4, 2, 2, 2, 2, 2, 2], wgs=256, tpt=256 ... [建库: 37.6s | 运行: 5.8s] [成功] 综合耗时: 343.8139 ms
测 256_sbrr: f=[4, 2, 2, 2, 2, 2, 2], wgs=512, tpt=32 ... [建库: 38.0s | 运行: 5.7s] [成功] 综合耗时: 403.0221 ms
测 256_sbrr: f=[4, 2, 2, 2, 2, 2, 2], wgs=512, tpt=64 ... [建库: 37.5s | 运行: 5.7s] [成功] 综合耗时: 379.3950 ms
测 256_sbrr: f=[4, 2, 2, 2, 2, 2, 2], wgs=512, tpt=128 ... [编译失败]
测 256_sbrr: f=[4, 2, 2, 2, 2, 2, 2], wgs=512, tpt=256 ... [编译失败]
测 256_sbrr: f=[4, 2, 2, 2, 2, 2, 2], wgs=512, tpt=512 ... [编译失败]
测 256_sbrr: f=[4, 2, 2, 2, 2, 2, 2], wgs=1024, tpt=64 ... [编译失败]
测 256_sbrr: f=[4, 2, 2, 2, 2, 2, 2], wgs=1024, tpt=128 ... [编译失败]
测 256_sbrr: f=[4, 2, 2, 2, 2, 2, 2], wgs=1024, tpt=256 ... [编译失败]
测 256_sbrr: f=[4, 2, 2, 2, 2, 2, 2], wgs=1024, tpt=512 ... [编译失败]
测 256_sbrr: f=[4, 2, 2, 2, 2, 2, 2], wgs=1024, tpt=1024 ... [编译失败]
测 256_sbrr: f=[4, 4, 2, 2, 2, 2], wgs=64, tpt=16 ... [编译失败]
测 256_sbrr: f=[4, 4, 2, 2, 2, 2], wgs=64, tpt=32 ... [编译失败]
测 256_sbrr: f=[4, 4, 2, 2, 2, 2], wgs=64, tpt=64 ... [编译失败]
测 256_sbrr: f=[4, 4, 2, 2, 2, 2], wgs=128, tpt=16 ... [编译失败]
测 256_sbrr: f=[4, 4, 2, 2, 2, 2], wgs=128, tpt=32 ... [编译失败]
测 256_sbrr: f=[4, 4, 2, 2, 2, 2], wgs=128, tpt=64 ... [编译失败]
测 256_sbrr: f=[4, 4, 2, 2, 2, 2], wgs=128, tpt=128 ... [建库: 37.3s | 运行: 5.8s] [成功] 综合耗时: 338.6608 ms
测 256_sbrr: f=[4, 4, 2, 2, 2, 2], wgs=256, tpt=16 ... [建库: 42.7s | 运行: 5.7s] [成功] 综合耗时: 455.7711 ms
测 256_sbrr: f=[4, 4, 2, 2, 2, 2], wgs=256, tpt=32 ... [建库: 38.8s | 运行: 5.9s] [成功] 综合耗时: 391.4643 ms
测 256_sbrr: f=[4, 4, 2, 2, 2, 2], wgs=256, tpt=64 ... [建库: 37.8s | 运行: 5.6s] [成功] 综合耗时: 367.9418 ms
测 256_sbrr: f=[4, 4, 2, 2, 2, 2], wgs=256, tpt=128 ... [建库: 37.7s | 运行: 5.9s] [成功] 综合耗时: 341.9668 ms
测 256_sbrr: f=[4, 4, 2, 2, 2, 2], wgs=256, tpt=256 ... [建库: 37.5s | 运行: 5.9s] [成功] 综合耗时: 348.1419 ms
测 256_sbrr: f=[4, 4, 2, 2, 2, 2], wgs=512, tpt=32 ... [建库: 38.2s | 运行: 5.4s] [成功] 综合耗时: 392.4742 ms
测 256_sbrr: f=[4, 4, 2, 2, 2, 2], wgs=512, tpt=64 ... [建库: 38.1s | 运行: 5.9s] [成功] 综合耗时: 363.7716 ms
测 256_sbrr: f=[4, 4, 2, 2, 2, 2], wgs=512, tpt=128 ... [建库: 37.7s | 运行: 5.5s] [成功] 综合耗时: 356.1222 ms
测 256_sbrr: f=[4, 4, 2, 2, 2, 2], wgs=512, tpt=256 ... [建库: 37.6s | 运行: 6.0s] [成功] 综合耗时: 351.0675 ms
测 256_sbrr: f=[4, 4, 2, 2, 2, 2], wgs=512, tpt=512 ... [建库: 37.9s | 运行: 5.6s] [成功] 综合耗时: 360.7332 ms
测 256_sbrr: f=[4, 4, 2, 2, 2, 2], wgs=1024, tpt=64 ... [建库: 39.7s | 运行: 6.8s] [成功] 综合耗时: 476.1992 ms
测 256_sbrr: f=[4, 4, 2, 2, 2, 2], wgs=1024, tpt=128 ... [建库: 44.5s | 运行: 6.0s] [成功] 综合耗时: 370.5189 ms
测 256_sbrr: f=[4, 4, 2, 2, 2, 2], wgs=1024, tpt=256 ... [建库: 44.6s | 运行: 5.9s] [成功] 综合耗时: 405.9000 ms
测 256_sbrr: f=[4, 4, 2, 2, 2, 2], wgs=1024, tpt=512 ... [建库: 39.4s | 运行: 5.6s] [成功] 综合耗时: 360.8317 ms
测 256_sbrr: f=[4, 4, 2, 2, 2, 2], wgs=1024, tpt=1024 ... [建库: 38.5s | 运行: 6.1s] [成功] 综合耗时: 388.7539 ms
测 256_sbrr: f=[8, 8, 4], wgs=64, tpt=16 ... [建库: 39.1s | 运行: 5.8s] [成功] 综合耗时: 421.5925 ms
测 256_sbrr: f=[8, 8, 4], wgs=64, tpt=32 ... [建库: 38.1s | 运行: 5.6s] [成功] 综合耗时: 347.6077 ms
测 256_sbrr: f=[8, 8, 4], wgs=64, tpt=64 ... [建库: 38.3s | 运行: 5.9s] [成功] 综合耗时: 345.2761 ms
测 256_sbrr: f=[8, 8, 4], wgs=128, tpt=16 ... [建库: 45.4s | 运行: 5.9s] [成功] 综合耗时: 440.9836 ms
测 256_sbrr: f=[8, 8, 4], wgs=128, tpt=32 ... [建库: 38.5s | 运行: 5.5s] [成功] 综合耗时: 373.7056 ms
测 256_sbrr: f=[8, 8, 4], wgs=128, tpt=64 ... [建库: 46.0s | 运行: 5.6s] [成功] 综合耗时: 347.2593 ms
测 256_sbrr: f=[8, 8, 4], wgs=128, tpt=128 ... [建库: 38.0s | 运行: 5.7s] [成功] 综合耗时: 359.2891 ms
测 256_sbrr: f=[8, 8, 4], wgs=256, tpt=16 ... [建库: 38.6s | 运行: 5.6s] [成功] 综合耗时: 413.9613 ms
测 256_sbrr: f=[8, 8, 4], wgs=256, tpt=32 ... [建库: 43.8s | 运行: 5.6s] [成功] 综合耗时: 379.6331 ms
测 256_sbrr: f=[8, 8, 4], wgs=256, tpt=64 ... [建库: 41.3s | 运行: 5.7s] [成功] 综合耗时: 364.6313 ms
测 256_sbrr: f=[8, 8, 4], wgs=256, tpt=128 ... [建库: 38.6s | 运行: 6.9s] [成功] 综合耗时: 473.0703 ms
测 256_sbrr: f=[8, 8, 4], wgs=256, tpt=256 ... [建库: 40.9s | 运行: 6.2s] [成功] 综合耗时: 373.8867 ms
测 256_sbrr: f=[8, 8, 4], wgs=512, tpt=32 ... [建库: 37.9s | 运行: 6.0s] [成功] 综合耗时: 365.9310 ms
测 256_sbrr: f=[8, 8, 4], wgs=512, tpt=64 ... [建库: 37.8s | 运行: 5.7s] [成功] 综合耗时: 372.5027 ms
测 256_sbrr: f=[8, 8, 4], wgs=512, tpt=128 ... [建库: 38.0s | 运行: 5.5s] [成功] 综合耗时: 374.4519 ms
测 256_sbrr: f=[8, 8, 4], wgs=512, tpt=256 ... [建库: 38.2s | 运行: 5.9s] [成功] 综合耗时: 370.2706 ms
测 256_sbrr: f=[8, 8, 4], wgs=512, tpt=512 ... [建库: 38.3s | 运行: 6.1s] [成功] 综合耗时: 407.0044 ms
测 256_sbrr: f=[8, 8, 4], wgs=1024, tpt=64 ... [建库: 42.4s | 运行: 5.7s] [成功] 综合耗时: 372.3097 ms
测 256_sbrr: f=[8, 8, 4], wgs=1024, tpt=128 ... [建库: 37.6s | 运行: 5.3s] [成功] 综合耗时: 377.7205 ms
测 256_sbrr: f=[8, 8, 4], wgs=1024, tpt=256 ... [建库: 37.6s | 运行: 5.7s] [成功] 综合耗时: 394.7882 ms
测 256_sbrr: f=[8, 8, 4], wgs=1024, tpt=512 ... [建库: 37.6s | 运行: 6.1s] [成功] 综合耗时: 406.0244 ms
测 256_sbrr: f=[8, 8, 4], wgs=1024, tpt=1024 ... [建库: 38.1s | 运行: 6.2s] [成功] 综合耗时: 465.8476 ms
测 256_sbrr: f=[4, 4, 4, 2, 2], wgs=64, tpt=16 ... [建库: 38.4s | 运行: 5.8s] [成功] 综合耗时: 445.9893 ms
测 256_sbrr: f=[4, 4, 4, 2, 2], wgs=64, tpt=32 ... [建库: 38.0s | 运行: 5.9s] [成功] 综合耗时: 362.8738 ms
测 256_sbrr: f=[4, 4, 4, 2, 2], wgs=64, tpt=64 ... [建库: 37.9s | 运行: 5.6s] [成功] 综合耗时: 340.5403 ms
测 256_sbrr: f=[4, 4, 4, 2, 2], wgs=128, tpt=16 ... [建库: 37.3s | 运行: 5.7s] [成功] 综合耗时: 439.9702 ms
测 256_sbrr: f=[4, 4, 4, 2, 2], wgs=128, tpt=32 ... [建库: 37.5s | 运行: 5.4s] [成功] 综合耗时: 383.8071 ms
测 256_sbrr: f=[4, 4, 4, 2, 2], wgs=128, tpt=64 ... [建库: 38.0s | 运行: 5.8s] [成功] 综合耗时: 339.6885 ms
测 256_sbrr: f=[4, 4, 4, 2, 2], wgs=128, tpt=128 ... [建库: 37.5s | 运行: 5.3s] [成功] 综合耗时: 349.0536 ms
测 256_sbrr: f=[4, 4, 4, 2, 2], wgs=256, tpt=16 ... [建库: 40.3s | 运行: 5.9s] [成功] 综合耗时: 447.7912 ms
测 256_sbrr: f=[4, 4, 4, 2, 2], wgs=256, tpt=32 ... [建库: 40.8s | 运行: 5.6s] [成功] 综合耗时: 382.7739 ms
测 256_sbrr: f=[4, 4, 4, 2, 2], wgs=256, tpt=64 ... [建库: 37.2s | 运行: 5.1s] [成功] 综合耗时: 356.0023 ms
测 256_sbrr: f=[4, 4, 4, 2, 2], wgs=256, tpt=128 ... [建库: 37.6s | 运行: 5.7s] [成功] 综合耗时: 342.3310 ms
测 256_sbrr: f=[4, 4, 4, 2, 2], wgs=256, tpt=256 ... [建库: 37.5s | 运行: 5.9s] [成功] 综合耗时: 348.8660 ms
测 256_sbrr: f=[4, 4, 4, 2, 2], wgs=512, tpt=32 ... [建库: 37.6s | 运行: 5.8s] [成功] 综合耗时: 389.1869 ms
测 256_sbrr: f=[4, 4, 4, 2, 2], wgs=512, tpt=64 ... [建库: 38.1s | 运行: 5.5s] [成功] 综合耗时: 357.9856 ms
测 256_sbrr: f=[4, 4, 4, 2, 2], wgs=512, tpt=128 ... [建库: 37.4s | 运行: 5.7s] [成功] 综合耗时: 359.3759 ms
测 256_sbrr: f=[4, 4, 4, 2, 2], wgs=512, tpt=256 ... [建库: 37.5s | 运行: 5.7s] [成功] 综合耗时: 359.8462 ms
测 256_sbrr: f=[4, 4, 4, 2, 2], wgs=512, tpt=512 ... [建库: 37.8s | 运行: 5.6s] [成功] 综合耗时: 363.1636 ms
测 256_sbrr: f=[4, 4, 4, 2, 2], wgs=1024, tpt=64 ... [建库: 37.8s | 运行: 5.8s] [成功] 综合耗时: 357.3672 ms
测 256_sbrr: f=[4, 4, 4, 2, 2], wgs=1024, tpt=128 ... [建库: 37.8s | 运行: 5.6s] [成功] 综合耗时: 368.4620 ms
测 256_sbrr: f=[4, 4, 4, 2, 2], wgs=1024, tpt=256 ... [建库: 38.4s | 运行: 5.7s] [成功] 综合耗时: 374.8926 ms
测 256_sbrr: f=[4, 4, 4, 2, 2], wgs=1024, tpt=512 ... [建库: 37.9s | 运行: 6.1s] [成功] 综合耗时: 374.7833 ms
测 256_sbrr: f=[4, 4, 4, 2, 2], wgs=1024, tpt=1024 ... [建库: 39.7s | 运行: 6.2s] [成功] 综合耗时: 403.8524 ms
测 256_sbrr: f=[16, 2, 2, 2, 2], wgs=64, tpt=16 ... [建库: 37.9s | 运行: 5.8s] [成功] 综合耗时: 451.2999 ms
测 256_sbrr: f=[16, 2, 2, 2, 2], wgs=64, tpt=32 ... [建库: 37.4s | 运行: 5.6s] [成功] 综合耗时: 373.7708 ms
测 256_sbrr: f=[16, 2, 2, 2, 2], wgs=64, tpt=64 ... [建库: 38.1s | 运行: 6.0s] [成功] 综合耗时: 359.1229 ms
测 256_sbrr: f=[16, 2, 2, 2, 2], wgs=128, tpt=16 ... [建库: 40.4s | 运行: 5.8s] [成功] 综合耗时: 448.6252 ms
测 256_sbrr: f=[16, 2, 2, 2, 2], wgs=128, tpt=32 ... [建库: 38.4s | 运行: 5.8s] [成功] 综合耗时: 415.2417 ms
测 256_sbrr: f=[16, 2, 2, 2, 2], wgs=128, tpt=64 ... [建库: 37.9s | 运行: 5.9s] [成功] 综合耗时: 369.6284 ms
测 256_sbrr: f=[16, 2, 2, 2, 2], wgs=128, tpt=128 ... [建库: 38.4s | 运行: 5.9s] [成功] 综合耗时: 372.0466 ms
测 256_sbrr: f=[16, 2, 2, 2, 2], wgs=256, tpt=16 ... [建库: 37.9s | 运行: 5.6s] [成功] 综合耗时: 447.4376 ms
测 256_sbrr: f=[16, 2, 2, 2, 2], wgs=256, tpt=32 ... [建库: 38.4s | 运行: 5.7s] [成功] 综合耗时: 395.5855 ms
测 256_sbrr: f=[16, 2, 2, 2, 2], wgs=256, tpt=64 ... [建库: 37.7s | 运行: 5.7s] [成功] 综合耗时: 411.0290 ms
测 256_sbrr: f=[16, 2, 2, 2, 2], wgs=256, tpt=128 ... [建库: 38.2s | 运行: 5.5s] [成功] 综合耗时: 367.1921 ms
测 256_sbrr: f=[16, 2, 2, 2, 2], wgs=256, tpt=256 ... [建库: 40.5s | 运行: 5.9s] [成功] 综合耗时: 382.5073 ms
测 256_sbrr: f=[16, 2, 2, 2, 2], wgs=512, tpt=32 ... [建库: 38.2s | 运行: 5.5s] [成功] 综合耗时: 403.5397 ms
测 256_sbrr: f=[16, 2, 2, 2, 2], wgs=512, tpt=64 ... [建库: 37.1s | 运行: 6.1s] [成功] 综合耗时: 394.1002 ms
测 256_sbrr: f=[16, 2, 2, 2, 2], wgs=512, tpt=128 ... [建库: 42.6s | 运行: 5.6s] [成功] 综合耗时: 398.1169 ms
测 256_sbrr: f=[16, 2, 2, 2, 2], wgs=512, tpt=256 ... [建库: 37.4s | 运行: 5.7s] [成功] 综合耗时: 396.1855 ms
测 256_sbrr: f=[16, 2, 2, 2, 2], wgs=512, tpt=512 ... [建库: 37.7s | 运行: 5.8s] [成功] 综合耗时: 426.1313 ms
测 256_sbrr: f=[16, 2, 2, 2, 2], wgs=1024, tpt=64 ... [建库: 38.5s | 运行: 5.6s] [成功] 综合耗时: 409.5642 ms
测 256_sbrr: f=[16, 2, 2, 2, 2], wgs=1024, tpt=128 ... [建库: 38.2s | 运行: 5.9s] [成功] 综合耗时: 402.9414 ms
测 256_sbrr: f=[16, 2, 2, 2, 2], wgs=1024, tpt=256 ... [建库: 38.0s | 运行: 5.6s] [成功] 综合耗时: 452.5495 ms
测 256_sbrr: f=[16, 2, 2, 2, 2], wgs=1024, tpt=512 ... [建库: 37.4s | 运行: 6.6s] [成功] 综合耗时: 461.7710 ms
测 256_sbrr: f=[16, 2, 2, 2, 2], wgs=1024, tpt=1024 ... [建库: 38.8s | 运行: 7.2s] [成功] 综合耗时: 559.2902 ms

>>> 64K_d2z_z2d 调优结束 <<<
最强 128_sbrr: NS(length= 128, workgroup_size=64, threads_per_transform=64, factors=[2, 2, 2, 2, 2, 2, 2], runtime_compile=True),
最强 256_sbrr: NS(length= 256, workgroup_size=128, threads_per_transform=128, factors=[4, 4, 2, 2, 2, 2], runtime_compile=True),
最优耗时: 338.6608 ms


=======================================================
========== 启动 128K_z2z 任务组调优 ==========
========== N=131072, 涉及类型=[0] ==========
=======================================================

>>> 开始爆破 256_sbrr (15 种因子排列) <<<
测 256_sbrr: f=[8, 4, 4, 2], wgs=64, tpt=16 ... [建库: 40.6s | 运行: 3.9s] [成功] 综合耗时: 351.5252 ms
测 256_sbrr: f=[8, 4, 4, 2], wgs=64, tpt=32 ... [建库: 38.3s | 运行: 3.7s] [成功] 综合耗时: 288.5492 ms
测 256_sbrr: f=[8, 4, 4, 2], wgs=64, tpt=64 ... [建库: 37.5s | 运行: 4.0s] [成功] 综合耗时: 310.5419 ms
测 256_sbrr: f=[8, 4, 4, 2], wgs=128, tpt=16 ... [建库: 38.1s | 运行: 3.9s] [成功] 综合耗时: 348.5956 ms
测 256_sbrr: f=[8, 4, 4, 2], wgs=128, tpt=32 ... [建库: 37.4s | 运行: 3.9s] [成功] 综合耗时: 312.6592 ms
测 256_sbrr: f=[8, 4, 4, 2], wgs=128, tpt=64 ... [建库: 37.7s | 运行: 3.8s] [成功] 综合耗时: 291.4981 ms
测 256_sbrr: f=[8, 4, 4, 2], wgs=128, tpt=128 ... [建库: 38.2s | 运行: 3.8s] [成功] 综合耗时: 292.1578 ms
测 256_sbrr: f=[8, 4, 4, 2], wgs=256, tpt=16 ... [建库: 38.2s | 运行: 3.9s] [成功] 综合耗时: 347.0854 ms
测 256_sbrr: f=[8, 4, 4, 2], wgs=256, tpt=32 ... [建库: 37.4s | 运行: 3.8s] [成功] 综合耗时: 314.7440 ms
测 256_sbrr: f=[8, 4, 4, 2], wgs=256, tpt=64 ... [建库: 39.5s | 运行: 3.8s] [成功] 综合耗时: 309.4327 ms
测 256_sbrr: f=[8, 4, 4, 2], wgs=256, tpt=128 ... [建库: 37.7s | 运行: 4.0s] [成功] 综合耗时: 292.6650 ms
测 256_sbrr: f=[8, 4, 4, 2], wgs=256, tpt=256 ... [建库: 37.5s | 运行: 4.2s] [成功] 综合耗时: 321.9767 ms
测 256_sbrr: f=[8, 4, 4, 2], wgs=512, tpt=32 ... [建库: 37.8s | 运行: 3.7s] [成功] 综合耗时: 319.5439 ms
测 256_sbrr: f=[8, 4, 4, 2], wgs=512, tpt=64 ... [建库: 37.4s | 运行: 4.0s] [成功] 综合耗时: 311.6685 ms
测 256_sbrr: f=[8, 4, 4, 2], wgs=512, tpt=128 ... [建库: 37.3s | 运行: 4.1s] [成功] 综合耗时: 323.6040 ms
测 256_sbrr: f=[8, 4, 4, 2], wgs=512, tpt=256 ... [建库: 37.3s | 运行: 4.1s] [成功] 综合耗时: 319.3581 ms
测 256_sbrr: f=[8, 4, 4, 2], wgs=512, tpt=512 ... [建库: 37.2s | 运行: 4.3s] [成功] 综合耗时: 383.3491 ms
测 256_sbrr: f=[8, 4, 4, 2], wgs=1024, tpt=64 ... [建库: 37.4s | 运行: 3.8s] [成功] 综合耗时: 312.6329 ms
测 256_sbrr: f=[8, 4, 4, 2], wgs=1024, tpt=128 ... [建库: 41.2s | 运行: 3.9s] [成功] 综合耗时: 323.3944 ms
测 256_sbrr: f=[8, 4, 4, 2], wgs=1024, tpt=256 ... [建库: 37.3s | 运行: 4.0s] [成功] 综合耗时: 365.0158 ms
测 256_sbrr: f=[8, 4, 4, 2], wgs=1024, tpt=512 ... [建库: 38.7s | 运行: 4.3s] [成功] 综合耗时: 376.7361 ms
测 256_sbrr: f=[8, 4, 4, 2], wgs=1024, tpt=1024 ... [建库: 37.2s | 运行: 4.8s] [成功] 综合耗时: 460.9383 ms
测 256_sbrr: f=[16, 8, 2], wgs=64, tpt=16 ... [建库: 37.9s | 运行: 3.9s] [成功] 综合耗时: 335.8319 ms
测 256_sbrr: f=[16, 8, 2], wgs=64, tpt=32 ... [建库: 37.2s | 运行: 4.0s] [成功] 综合耗时: 293.3807 ms
测 256_sbrr: f=[16, 8, 2], wgs=64, tpt=64 ... [建库: 38.0s | 运行: 4.1s] [成功] 综合耗时: 301.1776 ms
测 256_sbrr: f=[16, 8, 2], wgs=128, tpt=16 ... [建库: 38.2s | 运行: 3.8s] [成功] 综合耗时: 336.3472 ms
测 256_sbrr: f=[16, 8, 2], wgs=128, tpt=32 ... [建库: 37.5s | 运行: 3.8s] [成功] 综合耗时: 338.1489 ms
测 256_sbrr: f=[16, 8, 2], wgs=128, tpt=64 ... [建库: 37.8s | 运行: 3.7s] [成功] 综合耗时: 305.9291 ms
测 256_sbrr: f=[16, 8, 2], wgs=128, tpt=128 ... [建库: 38.2s | 运行: 3.9s] [成功] 综合耗时: 323.6335 ms
测 256_sbrr: f=[16, 8, 2], wgs=256, tpt=16 ... [建库: 39.0s | 运行: 3.9s] [成功] 综合耗时: 338.3901 ms
测 256_sbrr: f=[16, 8, 2], wgs=256, tpt=32 ... [建库: 37.8s | 运行: 3.8s] [成功] 综合耗时: 327.9316 ms
测 256_sbrr: f=[16, 8, 2], wgs=256, tpt=64 ... [建库: 39.2s | 运行: 3.8s] [成功] 综合耗时: 342.7941 ms
测 256_sbrr: f=[16, 8, 2], wgs=256, tpt=128 ... [建库: 40.3s | 运行: 4.2s] [成功] 综合耗时: 324.5198 ms
测 256_sbrr: f=[16, 8, 2], wgs=256, tpt=256 ... [建库: 37.6s | 运行: 4.1s] [成功] 综合耗时: 366.6607 ms
测 256_sbrr: f=[16, 8, 2], wgs=512, tpt=32 ... [建库: 38.1s | 运行: 3.8s] [成功] 综合耗时: 331.6755 ms
测 256_sbrr: f=[16, 8, 2], wgs=512, tpt=64 ... [建库: 38.5s | 运行: 4.0s] [成功] 综合耗时: 351.8025 ms
测 256_sbrr: f=[16, 8, 2], wgs=512, tpt=128 ... [建库: 38.6s | 运行: 4.2s] [成功] 综合耗时: 381.7854 ms
测 256_sbrr: f=[16, 8, 2], wgs=512, tpt=256 ... [建库: 37.8s | 运行: 4.3s] [成功] 综合耗时: 394.7412 ms
测 256_sbrr: f=[16, 8, 2], wgs=512, tpt=512 ... [编译失败]
测 256_sbrr: f=[16, 8, 2], wgs=1024, tpt=64 ... [编译失败]
测 256_sbrr: f=[16, 8, 2], wgs=1024, tpt=128 ...Traceback (most