nohup: ignoring input

=======================================================
========== 启动 N=524288 的两步解耦调优 ==========
=======================================================
Stage 1: 调优 4096_sbrr (34 种排列)
Stage 2: 调优 64_sbcc (9 种排列)

>>> 阶段 1：固定 64_sbcc 为保底值，爆破 4096_sbrr <<<
测 4096_sbrr: f=[8, 4, 2, 2, 2, 2, 2, 2, 2], wgs=64, tpt=64 ... [崩溃]
测 4096_sbrr: f=[8, 4, 2, 2, 2, 2, 2, 2, 2], wgs=128, tpt=128 ... [崩溃]
测 4096_sbrr: f=[8, 4, 2, 2, 2, 2, 2, 2, 2], wgs=256, tpt=256 ... [崩溃]
测 4096_sbrr: f=[8, 4, 2, 2, 2, 2, 2, 2, 2], wgs=512, tpt=512 ... [崩溃]
测 4096_sbrr: f=[8, 4, 2, 2, 2, 2, 2, 2, 2], wgs=1024, tpt=1024 ... [崩溃]
测 4096_sbrr: f=[16, 8, 8, 2, 2], wgs=64, tpt=64 ... [建库: 37.9s | 运行: 12.5s] [成功] 320.6646 ms
测 4096_sbrr: f=[16, 8, 8, 2, 2], wgs=128, tpt=128 ... [建库: 37.9s | 运行: 8.5s] [成功] 197.6351 ms
测 4096_sbrr: f=[16, 8, 8, 2, 2], wgs=256, tpt=256 ... [建库: 37.6s | 运行: 5.6s] [成功] 51.5964 ms
测 4096_sbrr: f=[16, 8, 8, 2, 2], wgs=512, tpt=512 ... [建库: 38.2s | 运行: 5.3s] [成功] 57.5536 ms
测 4096_sbrr: f=[16, 8, 8, 2, 2], wgs=1024, tpt=1024 ... [建库: 37.3s | 运行: 5.9s] [成功] 79.7554 ms
测 4096_sbrr: f=[2, 2, 2, 2, 2, 2, 2, 2, 2, 2, 2, 2], wgs=64, tpt=64 ... [崩溃]
测 4096_sbrr: f=[2, 2, 2, 2, 2, 2, 2, 2, 2, 2, 2, 2], wgs=128, tpt=128 ... [崩溃]
测 4096_sbrr: f=[2, 2, 2, 2, 2, 2, 2, 2, 2, 2, 2, 2], wgs=256, tpt=256 ... [崩溃]
测 4096_sbrr: f=[2, 2, 2, 2, 2, 2, 2, 2, 2, 2, 2, 2], wgs=512, tpt=512 ... [崩溃]
测 4096_sbrr: f=[2, 2, 2, 2, 2, 2, 2, 2, 2, 2, 2, 2], wgs=1024, tpt=1024 ... [崩溃]
测 4096_sbrr: f=[8, 4, 4, 2, 2, 2, 2, 2], wgs=64, tpt=64 ... [建库: 37.5s | 运行: 17.4s] [成功] 474.4720 ms
测 4096_sbrr: f=[8, 4, 4, 2, 2, 2, 2, 2], wgs=128, tpt=128 ... [建库: 38.1s | 运行: 9.9s] [成功] 283.6316 ms
测 4096_sbrr: f=[8, 4, 4, 2, 2, 2, 2, 2], wgs=256, tpt=256 ... [建库: 37.8s | 运行: 5.7s] [成功] 52.1900 ms
测 4096_sbrr: f=[8, 4, 4, 2, 2, 2, 2, 2], wgs=512, tpt=512 ... [建库: 36.9s | 运行: 5.3s] [成功] 51.9344 ms
测 4096_sbrr: f=[8, 4, 4, 2, 2, 2, 2, 2], wgs=1024, tpt=1024 ... [建库: 38.2s | 运行: 5.3s] [成功] 58.1904 ms
测 4096_sbrr: f=[16, 8, 4, 2, 2, 2], wgs=64, tpt=64 ... [建库: 37.3s | 运行: 14.4s] [成功] 371.9848 ms
测 4096_sbrr: f=[16, 8, 4, 2, 2, 2], wgs=128, tpt=128 ... [建库: 37.9s | 运行: 8.8s] [成功] 227.0865 ms
测 4096_sbrr: f=[16, 8, 4, 2, 2, 2], wgs=256, tpt=256 ... [建库: 37.1s | 运行: 5.9s] [成功] 51.4258 ms
测 4096_sbrr: f=[16, 8, 4, 2, 2, 2], wgs=512, tpt=512 ... [建库: 37.3s | 运行: 5.7s] [成功] 58.6235 ms
测 4096_sbrr: f=[16, 8, 4, 2, 2, 2], wgs=1024, tpt=1024 ... [建库: 37.9s | 运行: 5.9s] [成功] 78.1813 ms
测 4096_sbrr: f=[16, 8, 2, 2, 2, 2, 2], wgs=64, tpt=64 ... [建库: 37.3s | 运行: 15.8s] [成功] 420.5339 ms
测 4096_sbrr: f=[16, 8, 2, 2, 2, 2, 2], wgs=128, tpt=128 ... [建库: 37.2s | 运行: 9.5s] [成功] 254.3295 ms
测 4096_sbrr: f=[16, 8, 2, 2, 2, 2, 2], wgs=256, tpt=256 ... [建库: 37.6s | 运行: 5.9s] [成功] 52.2071 ms
测 4096_sbrr: f=[16, 8, 2, 2, 2, 2, 2], wgs=512, tpt=512 ... [建库: 37.7s | 运行: 5.8s] [成功] 59.6976 ms
测 4096_sbrr: f=[16, 8, 2, 2, 2, 2, 2], wgs=1024, tpt=1024 ... [建库: 38.0s | 运行: 5.8s] [成功] 78.3365 ms
测 4096_sbrr: f=[16, 16, 8, 2], wgs=64, tpt=64 ... [建库: 37.5s | 运行: 11.9s] [成功] 274.2776 ms
测 4096_sbrr: f=[16, 16, 8, 2], wgs=128, tpt=128 ... [建库: 37.9s | 运行: 8.0s] [成功] 161.5583 ms
测 4096_sbrr: f=[16, 16, 8, 2], wgs=256, tpt=256 ... [建库: 37.0s | 运行: 5.5s] [成功] 57.3348 ms
测 4096_sbrr: f=[16, 16, 8, 2], wgs=512, tpt=512 ... [建库: 37.2s | 运行: 5.8s] [成功] 61.9243 ms
测 4096_sbrr: f=[16, 16, 8, 2], wgs=1024, tpt=1024 ... [建库: 37.9s | 运行: 6.7s] [成功] 146.7802 ms
测 4096_sbrr: f=[4, 4, 4, 4, 2, 2, 2, 2], wgs=64, tpt=64 ... [建库: 37.8s | 运行: 16.9s] [成功] 478.7382 ms
测 4096_sbrr: f=[4, 4, 4, 4, 2, 2, 2, 2], wgs=128, tpt=128 ... [建库: 37.1s | 运行: 10.1s] [成功] 286.6075 ms
测 4096_sbrr: f=[4, 4, 4, 4, 2, 2, 2, 2], wgs=256, tpt=256 ... [建库: 37.6s | 运行: 5.6s] [成功] 52.1070 ms
测 4096_sbrr: f=[4, 4, 4, 4, 2, 2, 2, 2], wgs=512, tpt=512 ... [建库: 37.5s | 运行: 5.7s] [成功] 52.2534 ms
测 4096_sbrr: f=[4, 4, 4, 4, 2, 2, 2, 2], wgs=1024, tpt=1024 ... [建库: 37.7s | 运行: 5.2s] [成功] 53.2944 ms
测 4096_sbrr: f=[16, 2, 2, 2, 2, 2, 2, 2, 2], wgs=64, tpt=64 ... [崩溃]
测 4096_sbrr: f=[16, 2, 2, 2, 2, 2, 2, 2, 2], wgs=128, tpt=128 ... [崩溃]
测 4096_sbrr: f=[16, 2, 2, 2, 2, 2, 2, 2, 2], wgs=256, tpt=256 ... [崩溃]
测 4096_sbrr: f=[16, 2, 2, 2, 2, 2, 2, 2, 2], wgs=512, tpt=512 ... [崩溃]
测 4096_sbrr: f=[16, 2, 2, 2, 2, 2, 2, 2, 2], wgs=1024, tpt=1024 ... [崩溃]
测 4096_sbrr: f=[8, 8, 8, 8], wgs=64, tpt=64 ... [建库: 37.2s | 运行: 11.2s] [成功] 270.8711 ms
测 4096_sbrr: f=[8, 8, 8, 8], wgs=128, tpt=128 ... [建库: 37.4s | 运行: 7.8s] [成功] 185.8395 ms
测 4096_sbrr: f=[8, 8, 8, 8], wgs=256, tpt=256 ... [建库: 37.4s | 运行: 5.8s] [成功] 51.6914 ms
测 4096_sbrr: f=[8, 8, 8, 8], wgs=512, tpt=512 ... [建库: 38.0s | 运行: 5.4s] [成功] 54.0879 ms
测 4096_sbrr: f=[8, 8, 8, 8], wgs=1024, tpt=1024 ... [建库: 38.6s | 运行: 5.4s] [成功] 62.4892 ms
测 4096_sbrr: f=[8, 8, 8, 4, 2], wgs=64, tpt=64 ... [建库: 39.0s | 运行: 13.0s] [成功] 321.9962 ms
测 4096_sbrr: f=[8, 8, 8, 4, 2], wgs=128, tpt=128 ... [建库: 37.4s | 运行: 8.4s] [成功] 183.9977 ms
测 4096_sbrr: f=[8, 8, 8, 4, 2], wgs=256, tpt=256 ... [建库: 37.5s | 运行: 5.8s] [成功] 51.1827 ms
测 4096_sbrr: f=[8, 8, 8, 4, 2], wgs=512, tpt=512 ... [建库: 38.3s | 运行: 5.6s] [成功] 50.0696 ms
测 4096_sbrr: f=[8, 8, 8, 4, 2], wgs=1024, tpt=1024 ... [建库: 38.5s | 运行: 5.8s] [成功] 62.1808 ms
测 4096_sbrr: f=[16, 16, 4, 4], wgs=64, tpt=64 ... [建库: 37.1s | 运行: 11.6s] [成功] 276.8718 ms
测 4096_sbrr: f=[16, 16, 4, 4], wgs=128, tpt=128 ... [建库: 38.7s | 运行: 8.0s] [成功] 191.9079 ms
测 4096_sbrr: f=[16, 16, 4, 4], wgs=256, tpt=256 ... [建库: 38.3s | 运行: 5.8s] [成功] 56.5289 ms
测 4096_sbrr: f=[16, 16, 4, 4], wgs=512, tpt=512 ... [建库: 37.4s | 运行: 5.8s] [成功] 61.4367 ms
测 4096_sbrr: f=[16, 16, 4, 4], wgs=1024, tpt=1024 ... [建库: 37.1s | 运行: 6.6s] [成功] 176.1766 ms
测 4096_sbrr: f=[4, 4, 4, 2, 2, 2, 2, 2, 2], wgs=64, tpt=64 ... [崩溃]
测 4096_sbrr: f=[4, 4, 4, 2, 2, 2, 2, 2, 2], wgs=128, tpt=128 ... [崩溃]
测 4096_sbrr: f=[4, 4, 4, 2, 2, 2, 2, 2, 2], wgs=256, tpt=256 ... [崩溃]
测 4096_sbrr: f=[4, 4, 4, 2, 2, 2, 2, 2, 2], wgs=512, tpt=512 ... [崩溃]
测 4096_sbrr: f=[4, 4, 4, 2, 2, 2, 2, 2, 2], wgs=1024, tpt=1024 ... [崩溃]
测 4096_sbrr: f=[4, 4, 4, 4, 4, 4], wgs=64, tpt=64 ... [建库: 37.6s | 运行: 14.5s] [成功] 379.5729 ms
测 4096_sbrr: f=[4, 4, 4, 4, 4, 4], wgs=128, tpt=128 ... [建库: 37.7s | 运行: 8.8s] [成功] 230.4546 ms
测 4096_sbrr: f=[4, 4, 4, 4, 4, 4], wgs=256, tpt=256 ... [建库: 38.1s | 运行: 5.9s] [成功] 50.6719 ms
测 4096_sbrr: f=[4, 4, 4, 4, 4, 4], wgs=512, tpt=512 ... [建库: 37.3s | 运行: 5.3s] [成功] 54.6964 ms
测 4096_sbrr: f=[4, 4, 4, 4, 4, 4], wgs=1024, tpt=1024 ... [建库: 38.1s | 运行: 5.7s] [成功] 55.8456 ms
测 4096_sbrr: f=[4, 4, 2, 2, 2, 2, 2, 2, 2, 2], wgs=64, tpt=64 ... [崩溃]
测 4096_sbrr: f=[4, 4, 2, 2, 2, 2, 2, 2, 2, 2], wgs=128, tpt=128 ... [崩溃]
测 4096_sbrr: f=[4, 4, 2, 2, 2, 2, 2, 2, 2, 2], wgs=256, tpt=256 ... [崩溃]
测 4096_sbrr: f=[4, 4, 2, 2, 2, 2, 2, 2, 2, 2], wgs=512, tpt=512 ... [崩溃]
测 4096_sbrr: f=[4, 4, 2, 2, 2, 2, 2, 2, 2, 2], wgs=1024, tpt=1024 ... [崩溃]
测 4096_sbrr: f=[16, 16, 2, 2, 2, 2], wgs=64, tpt=64 ... [建库: 37.7s | 运行: 14.2s] [成功] 374.3317 ms
测 4096_sbrr: f=[16, 16, 2, 2, 2, 2], wgs=128, tpt=128 ... [建库: 38.4s | 运行: 8.8s] [成功] 217.0162 ms
测 4096_sbrr: f=[16, 16, 2, 2, 2, 2], wgs=256, tpt=256 ... [建库: 38.1s | 运行: 5.7s] [成功] 59.1333 ms
测 4096_sbrr: f=[16, 16, 2, 2, 2, 2], wgs=512, tpt=512 ... [建库: 37.5s | 运行: 5.5s] [成功] 64.2342 ms
测 4096_sbrr: f=[16, 16, 2, 2, 2, 2], wgs=1024, tpt=1024 ... [建库: 37.6s | 运行: 6.0s] [成功] 115.6896 ms
测 4096_sbrr: f=[8, 4, 4, 4, 4, 2], wgs=64, tpt=64 ... [建库: 38.4s | 运行: 13.9s] [成功] 376.2013 ms
测 4096_sbrr: f=[8, 4, 4, 4, 4, 2], wgs=128, tpt=128 ... [建库: 37.9s | 运行: 9.0s] [成功] 227.1838 ms
测 4096_sbrr: f=[8, 4, 4, 4, 4, 2], wgs=256, tpt=256 ... [建库: 37.9s | 运行: 5.5s] [成功] 50.1540 ms
测 4096_sbrr: f=[8, 4, 4, 4, 4, 2], wgs=512, tpt=512 ... [建库: 38.1s | 运行: 5.8s] [成功] 54.2783 ms
测 4096_sbrr: f=[8, 4, 4, 4, 4, 2], wgs=1024, tpt=1024 ... [建库: 38.1s | 运行: 5.3s] [成功] 57.4349 ms
测 4096_sbrr: f=[16, 8, 4, 4, 2], wgs=64, tpt=64 ... [建库: 38.4s | 运行: 12.9s] [成功] 323.0514 ms
测 4096_sbrr: f=[16, 8, 4, 4, 2], wgs=128, tpt=128 ... [建库: 38.4s | 运行: 8.2s] [成功] 199.0406 ms
测 4096_sbrr: f=[16, 8, 4, 4, 2], wgs=256, tpt=256 ... [建库: 39.8s | 运行: 5.5s] [成功] 51.2778 ms
测 4096_sbrr: f=[16, 8, 4, 4, 2], wgs=512, tpt=512 ... [建库: 38.3s | 运行: 5.8s] [成功] 57.6194 ms
测 4096_sbrr: f=[16, 8, 4, 4, 2], wgs=1024, tpt=1024 ... [建库: 38.8s | 运行: 5.6s] [成功] 77.8472 ms
测 4096_sbrr: f=[8, 2, 2, 2, 2, 2, 2, 2, 2, 2], wgs=64, tpt=64 ... [崩溃]
测 4096_sbrr: f=[8, 2, 2, 2, 2, 2, 2, 2, 2, 2], wgs=128, tpt=128 ... [崩溃]
测 4096_sbrr: f=[8, 2, 2, 2, 2, 2, 2, 2, 2, 2], wgs=256, tpt=256 ... [崩溃]
测 4096_sbrr: f=[8, 2, 2, 2, 2, 2, 2, 2, 2, 2], wgs=512, tpt=512 ... [崩溃]
测 4096_sbrr: f=[8, 2, 2, 2, 2, 2, 2, 2, 2, 2], wgs=1024, tpt=1024 ... [崩溃]
测 4096_sbrr: f=[8, 8, 4, 2, 2, 2, 2], wgs=64, tpt=64 ... [建库: 37.8s | 运行: 15.8s] [成功] 422.8031 ms
测 4096_sbrr: f=[8, 8, 4, 2, 2, 2, 2], wgs=128, tpt=128 ... [建库: 37.8s | 运行: 9.1s] [成功] 240.4226 ms
测 4096_sbrr: f=[8, 8, 4, 2, 2, 2, 2], wgs=256, tpt=256 ... [建库: 37.7s | 运行: 6.0s] [成功] 58.1448 ms
测 4096_sbrr: f=[8, 8, 4, 2, 2, 2, 2], wgs=512, tpt=512 ... [建库: 37.5s | 运行: 5.4s] [成功] 55.6331 ms
测 4096_sbrr: f=[8, 8, 4, 2, 2, 2, 2], wgs=1024, tpt=1024 ... [建库: 37.6s | 运行: 5.3s] [成功] 60.7429 ms
测 4096_sbrr: f=[8, 4, 4, 4, 2, 2, 2], wgs=64, tpt=64 ... [建库: 37.9s | 运行: 15.7s] [成功] 425.6129 ms
测 4096_sbrr: f=[8, 4, 4, 4, 2, 2, 2], wgs=128, tpt=128 ... [建库: 37.6s | 运行: 9.8s] [成功] 255.6944 ms
测 4096_sbrr: f=[8, 4, 4, 4, 2, 2, 2], wgs=256, tpt=256 ... [建库: 37.5s | 运行: 5.6s] [成功] 51.2678 ms
测 4096_sbrr: f=[8, 4, 4, 4, 2, 2, 2], wgs=512, tpt=512 ... [建库: 37.9s | 运行: 5.3s] [成功] 55.0408 ms
测 4096_sbrr: f=[8, 4, 4, 4, 2, 2, 2], wgs=1024, tpt=1024 ... [建库: 37.9s | 运行: 5.8s] [成功] 57.1109 ms
测 4096_sbrr: f=[16, 4, 2, 2, 2, 2, 2, 2], wgs=64, tpt=64 ... [建库: 37.4s | 运行: 17.4s] [成功] 472.2252 ms
测 4096_sbrr: f=[16, 4, 2, 2, 2, 2, 2, 2], wgs=128, tpt=128 ... [建库: 37.4s | 运行: 9.8s] [成功] 267.9177 ms
测 4096_sbrr: f=[16, 4, 2, 2, 2, 2, 2, 2], wgs=256, tpt=256 ... [建库: 37.2s | 运行: 5.7s] [成功] 53.0039 ms
测 4096_sbrr: f=[16, 4, 2, 2, 2, 2, 2, 2], wgs=512, tpt=512 ... [建库: 37.5s | 运行: 5.5s] [成功] 61.9722 ms
测 4096_sbrr: f=[16, 4, 2, 2, 2, 2, 2, 2], wgs=1024, tpt=1024 ... [建库: 37.7s | 运行: 5.9s] [成功] 72.5771 ms
测 4096_sbrr: f=[16, 16, 4, 2, 2], wgs=64, tpt=64 ... [建库: 37.5s | 运行: 13.0s] [成功] 325.7492 ms
测 4096_sbrr: f=[16, 16, 4, 2, 2], wgs=128, tpt=128 ... [建库: 37.1s | 运行: 8.2s] [成功] 189.6596 ms
测 4096_sbrr: f=[16, 16, 4, 2, 2], wgs=256, tpt=256 ... [建库: 38.4s | 运行: 5.9s] [成功] 57.8229 ms
测 4096_sbrr: f=[16, 16, 4, 2, 2], wgs=512, tpt=512 ... [建库: 37.4s | 运行: 5.8s] [成功] 62.4810 ms
测 4096_sbrr: f=[16, 16, 4, 2, 2], wgs=1024, tpt=1024 ... [建库: 37.3s | 运行: 6.4s] [成功] 116.5257 ms
测 4096_sbrr: f=[8, 8, 8, 2, 2, 2], wgs=64, tpt=64 ... [建库: 37.6s | 运行: 14.2s] [成功] 370.9640 ms
测 4096_sbrr: f=[8, 8, 8, 2, 2, 2], wgs=128, tpt=128 ... [建库: 37.8s | 运行: 8.6s] [成功] 210.5858 ms
测 4096_sbrr: f=[8, 8, 8, 2, 2, 2], wgs=256, tpt=256 ... [建库: 37.4s | 运行: 5.9s] [成功] 51.8407 ms
测 4096_sbrr: f=[8, 8, 8, 2, 2, 2], wgs=512, tpt=512 ... [建库: 37.3s | 运行: 5.8s] [成功] 54.6074 ms
测 4096_sbrr: f=[8, 8, 8, 2, 2, 2], wgs=1024, tpt=1024 ... [建库: 37.4s | 运行: 5.9s] [成功] 63.0398 ms
测 4096_sbrr: f=[8, 8, 4, 4, 4], wgs=64, tpt=64 ... [建库: 37.4s | 运行: 12.6s] [成功] 324.7977 ms
测 4096_sbrr: f=[8, 8, 4, 4, 4], wgs=128, tpt=128 ... [建库: 37.8s | 运行: 8.6s] [成功] 220.4172 ms
测 4096_sbrr: f=[8, 8, 4, 4, 4], wgs=256, tpt=256 ... [建库: 37.6s | 运行: 5.5s] [成功] 50.2734 ms
测 4096_sbrr: f=[8, 8, 4, 4, 4], wgs=512, tpt=512 ... [建库: 37.6s | 运行: 5.7s] [成功] 52.7270 ms
测 4096_sbrr: f=[8, 8, 4, 4, 4], wgs=1024, tpt=1024 ... [建库: 38.0s | 运行: 5.3s] [成功] 58.7122 ms
测 4096_sbrr: f=[4, 4, 4, 4, 4, 2, 2], wgs=64, tpt=64 ... [建库: 38.4s | 运行: 15.5s] [成功] 429.8104 ms
测 4096_sbrr: f=[4, 4, 4, 4, 4, 2, 2], wgs=128, tpt=128 ... [建库: 38.0s | 运行: 9.4s] [成功] 256.9308 ms
测 4096_sbrr: f=[4, 4, 4, 4, 4, 2, 2], wgs=256, tpt=256 ... [建库: 38.4s | 运行: 5.6s] [成功] 52.0839 ms
测 4096_sbrr: f=[4, 4, 4, 4, 4, 2, 2], wgs=512, tpt=512 ... [建库: 40.4s | 运行: 5.6s] [成功] 52.6474 ms
测 4096_sbrr: f=[4, 4, 4, 4, 4, 2, 2], wgs=1024, tpt=1024 ... [建库: 37.8s | 运行: 5.3s] [成功] 53.4497 ms
测 4096_sbrr: f=[16, 4, 4, 2, 2, 2, 2], wgs=64, tpt=64 ... [建库: 37.1s | 运行: 16.0s] [成功] 423.4266 ms
测 4096_sbrr: f=[16, 4, 4, 2, 2, 2, 2], wgs=128, tpt=128 ... [建库: 37.7s | 运行: 9.3s] [成功] 242.9451 ms
测 4096_sbrr: f=[16, 4, 4, 2, 2, 2, 2], wgs=256, tpt=256 ... [建库: 38.4s | 运行: 5.6s] [成功] 52.1334 ms
测 4096_sbrr: f=[16, 4, 4, 2, 2, 2, 2], wgs=512, tpt=512 ... [建库: 37.1s | 运行: 5.4s] [成功] 59.3023 ms
测 4096_sbrr: f=[16, 4, 4, 2, 2, 2, 2], wgs=1024, tpt=1024 ... [建库: 38.3s | 运行: 5.9s] [成功] 71.4593 ms
测 4096_sbrr: f=[16, 16, 16], wgs=64, tpt=64 ... [建库: 38.1s | 运行: 10.4s] [成功] 230.6249 ms
测 4096_sbrr: f=[16, 16, 16], wgs=128, tpt=128 ... [建库: 37.3s | 运行: 6.2s] [成功] 51.4943 ms
测 4096_sbrr: f=[16, 16, 16], wgs=256, tpt=256 ... [建库: 38.2s | 运行: 5.3s] [成功] 55.7131 ms
测 4096_sbrr: f=[16, 16, 16], wgs=512, tpt=512 ... [建库: 37.3s | 运行: 5.5s] [成功] 62.9665 ms
测 4096_sbrr: f=[16, 16, 16], wgs=1024, tpt=1024 ... [建库: 38.7s | 运行: 6.8s] [成功] 185.2051 ms
测 4096_sbrr: f=[16, 4, 4, 4, 2, 2], wgs=64, tpt=64 ... [建库: 37.9s | 运行: 14.5s] [成功] 374.6006 ms
测 4096_sbrr: f=[16, 4, 4, 4, 2, 2], wgs=128, tpt=128 ... [建库: 37.3s | 运行: 9.1s] [成功] 215.2930 ms
测 4096_sbrr: f=[16, 4, 4, 4, 2, 2], wgs=256, tpt=256 ... [建库: 38.7s | 运行: 5.5s] [成功] 50.9903 ms
测 4096_sbrr: f=[16, 4, 4, 4, 2, 2], wgs=512, tpt=512 ... [建库: 38.9s | 运行: 5.4s] [成功] 58.3146 ms
测 4096_sbrr: f=[16, 4, 4, 4, 2, 2], wgs=1024, tpt=1024 ... [建库: 37.3s | 运行: 5.8s] [成功] 70.4316 ms
测 4096_sbrr: f=[8, 8, 2, 2, 2, 2, 2, 2], wgs=64, tpt=64 ... [建库: 38.5s | 运行: 17.3s] [成功] 471.3130 ms
测 4096_sbrr: f=[8, 8, 2, 2, 2, 2, 2, 2], wgs=128, tpt=128 ... [建库: 37.4s | 运行: 9.8s] [成功] 265.9336 ms
测 4096_sbrr: f=[8, 8, 2, 2, 2, 2, 2, 2], wgs=256, tpt=256 ... [建库: 38.1s | 运行: 5.7s] [成功] 61.6024 ms
测 4096_sbrr: f=[8, 8, 2, 2, 2, 2, 2, 2], wgs=512, tpt=512 ... [建库: 37.8s | 运行: 5.3s] [成功] 51.2579 ms
测 4096_sbrr: f=[8, 8, 2, 2, 2, 2, 2, 2], wgs=1024, tpt=1024 ... [建库: 38.1s | 运行: 5.8s] [成功] 61.3565 ms
测 4096_sbrr: f=[16, 8, 8, 4], wgs=64, tpt=64 ... [建库: 37.8s | 运行: 11.8s] [成功] 271.6927 ms
测 4096_sbrr: f=[16, 8, 8, 4], wgs=128, tpt=128 ... [建库: 37.9s | 运行: 8.0s] [成功] 170.5498 ms
测 4096_sbrr: f=[16, 8, 8, 4], wgs=256, tpt=256 ... [建库: 38.1s | 运行: 5.8s] [成功] 50.2004 ms
测 4096_sbrr: f=[16, 8, 8, 4], wgs=512, tpt=512 ... [建库: 38.7s | 运行: 5.7s] [成功] 56.5746 ms
测 4096_sbrr: f=[16, 8, 8, 4], wgs=1024, tpt=1024 ... [建库: 37.5s | 运行: 5.9s] [成功] 102.5285 ms
测 4096_sbrr: f=[4, 2, 2, 2, 2, 2, 2, 2, 2, 2, 2], wgs=64, tpt=64 ... [崩溃]
测 4096_sbrr: f=[4, 2, 2, 2, 2, 2, 2, 2, 2, 2, 2], wgs=128, tpt=128 ... [崩溃]
测 4096_sbrr: f=[4, 2, 2, 2, 2, 2, 2, 2, 2, 2, 2], wgs=256, tpt=256 ... [崩溃]
测 4096_sbrr: f=[4, 2, 2, 2, 2, 2, 2, 2, 2, 2, 2], wgs=512, tpt=512 ... [崩溃]
测 4096_sbrr: f=[4, 2, 2, 2, 2, 2, 2, 2, 2, 2, 2], wgs=1024, tpt=1024 ... [崩溃]
测 4096_sbrr: f=[16, 4, 4, 4, 4], wgs=64, tpt=64 ... [建库: 38.6s | 运行: 12.6s] [成功] 324.9745 ms
测 4096_sbrr: f=[16, 4, 4, 4, 4], wgs=128, tpt=128 ... [建库: 39.1s | 运行: 8.7s] [成功] 226.6148 ms
测 4096_sbrr: f=[16, 4, 4, 4, 4], wgs=256, tpt=256 ... [建库: 39.2s | 运行: 5.8s] [成功] 50.4127 ms
测 4096_sbrr: f=[16, 4, 4, 4, 4], wgs=512, tpt=512 ... [建库: 37.3s | 运行: 5.4s] [成功] 57.3015 ms
测 4096_sbrr: f=[16, 4, 4, 4, 4], wgs=1024, tpt=1024 ... [建库: 38.2s | 运行: 5.7s] [成功] 65.2668 ms
测 4096_sbrr: f=[8, 8, 4, 4, 2, 2], wgs=64, tpt=64 ... [建库: 38.9s | 运行: 14.2s] [成功] 374.0908 ms
测 4096_sbrr: f=[8, 8, 4, 4, 2, 2], wgs=128, tpt=128 ... [建库: 38.2s | 运行: 8.5s] [成功] 211.5746 ms
测 4096_sbrr: f=[8, 8, 4, 4, 2, 2], wgs=256, tpt=256 ... [建库: 37.4s | 运行: 5.9s] [成功] 56.7025 ms
测 4096_sbrr: f=[8, 8, 4, 4, 2, 2], wgs=512, tpt=512 ... [建库: 37.8s | 运行: 5.4s] [成功] 53.7556 ms
测 4096_sbrr: f=[8, 8, 4, 4, 2, 2], wgs=1024, tpt=1024 ... [建库: 37.3s | 运行: 5.4s] [成功] 60.0611 ms

>>> 阶段 2：固定 4096_sbrr (50.0696 ms)，爆破 64_sbcc <<<
测 64_sbcc: f=[8, 8], wgs=64, tpt=16 ... [建库: 37.8s | 运行: 5.6s] [成功] 58.2395 ms
测 64_sbcc: f=[8, 8], wgs=64, tpt=32 ... [建库: 40.3s | 运行: 5.8s] [成功] 80.4475 ms
测 64_sbcc: f=[8, 8], wgs=64, tpt=64 ... [建库: 38.2s | 运行: 6.2s] [成功] 132.4100 ms
测 64_sbcc: f=[8, 8], wgs=128, tpt=16 ... [建库: 37.6s | 运行: 5.3s] [成功] 58.0687 ms
测 64_sbcc: f=[8, 8], wgs=128, tpt=32 ... [建库: 37.4s | 运行: 5.6s] [成功] 78.4476 ms
测 64_sbcc: f=[8, 8], wgs=128, tpt=64 ... [建库: 37.7s | 运行: 6.4s] [成功] 126.1149 ms
测 64_sbcc: f=[8, 8], wgs=128, tpt=128 ... [建库: 38.2s | 运行: 6.9s] [成功] 167.2431 ms
测 64_sbcc: f=[8, 8], wgs=256, tpt=16 ... [建库: 38.0s | 运行: 5.7s] [成功] 55.7436 ms
测 64_sbcc: f=[8, 8], wgs=256, tpt=32 ... [建库: 38.1s | 运行: 5.5s] [成功] 77.8615 ms
测 64_sbcc: f=[8, 8], wgs=256, tpt=64 ... [建库: 38.7s | 运行: 6.0s] [成功] 123.6770 ms
测 64_sbcc: f=[8, 8], wgs=256, tpt=128 ... [建库: 37.8s | 运行: 7.1s] [成功] 216.7125 ms
测 64_sbcc: f=[8, 8], wgs=256, tpt=256 ... [建库: 37.3s | 运行: 7.6s] [成功] 238.6470 ms
测 64_sbcc: f=[8, 8], wgs=512, tpt=16 ... [建库: 38.2s | 运行: 5.6s] [成功] 58.8972 ms
测 64_sbcc: f=[8, 8], wgs=512, tpt=32 ... [建库: 37.5s | 运行: 5.6s] [成功] 80.2643 ms
测 64_sbcc: f=[8, 8], wgs=512, tpt=64 ... [建库: 38.2s | 运行: 6.1s] [成功] 125.1104 ms
测 64_sbcc: f=[8, 8], wgs=512, tpt=128 ... [建库: 37.3s | 运行: 7.5s] [成功] 218.7757 ms
测 64_sbcc: f=[8, 8], wgs=512, tpt=256 ... [建库: 37.7s | 运行: 9.2s] [成功] 407.0262 ms
测 64_sbcc: f=[8, 8], wgs=512, tpt=512 ... [建库: 37.9s | 运行: 11.2s] [成功] 553.5512 ms
测 64_sbcc: f=[8, 8], wgs=1024, tpt=16 ... [建库: 38.1s | 运行: 5.7s] [成功] 58.9042 ms
测 64_sbcc: f=[8, 8], wgs=1024, tpt=32 ... [建库: 37.4s | 运行: 5.6s] [成功] 82.3923 ms
测 64_sbcc: f=[8, 8], wgs=1024, tpt=64 ... [建库: 38.4s | 运行: 6.1s] [成功] 131.7408 ms
测 64_sbcc: f=[8, 8], wgs=1024, tpt=128 ... [建库: 38.3s | 运行: 7.2s] [成功] 230.7080 ms
测 64_sbcc: f=[8, 8], wgs=1024, tpt=256 ... [建库: 38.0s | 运行: 9.4s] [成功] 426.0344 ms
测 64_sbcc: f=[8, 8], wgs=1024, tpt=512 ... [建库: 38.1s | 运行: 14.0s] [成功] 820.1216 ms
测 64_sbcc: f=[8, 8], wgs=1024, tpt=1024 ... [建库: 37.3s | 运行: 13.4s] [成功] 749.4283 ms
测 64_sbcc: f=[8, 4, 2], wgs=64, tpt=16 ... [建库: 37.5s | 运行: 5.2s] [成功] 52.9723 ms
测 64_sbcc: f=[8, 4, 2], wgs=64, tpt=32 ... [建库: 38.4s | 运行: 5.5s] [成功] 63.5066 ms
测 64_sbcc: f=[8, 4, 2], wgs=64, tpt=64 ... [建库: 37.5s | 运行: 5.8s] [成功] 87.8982 ms
测 64_sbcc: f=[8, 4, 2], wgs=128, tpt=16 ... [建库: 38.0s | 运行: 5.3s] [成功] 50.8762 ms
测 64_sbcc: f=[8, 4, 2], wgs=128, tpt=32 ... [建库: 37.5s | 运行: 5.4s] [成功] 55.7760 ms
测 64_sbcc: f=[8, 4, 2], wgs=128, tpt=64 ... [建库: 37.2s | 运行: 6.0s] [成功] 81.0132 ms
测 64_sbcc: f=[8, 4, 2], wgs=128, tpt=128 ... [建库: 38.1s | 运行: 6.2s] [成功] 106.6553 ms
测 64_sbcc: f=[8, 4, 2], wgs=256, tpt=16 ... [建库: 37.9s | 运行: 5.3s] [成功] 49.2851 ms
测 64_sbcc: f=[8, 4, 2], wgs=256, tpt=32 ... [建库: 37.9s | 运行: 5.3s] [成功] 54.3998 ms
测 64_sbcc: f=[8, 4, 2], wgs=256, tpt=64 ... [建库: 38.0s | 运行: 5.6s] [成功] 78.7300 ms
测 64_sbcc: f=[8, 4, 2], wgs=256, tpt=128 ... [建库: 38.1s | 运行: 6.0s] [成功] 126.1084 ms
测 64_sbcc: f=[8, 4, 2], wgs=256, tpt=256 ... [建库: 37.8s | 运行: 6.4s] [成功] 151.7704 ms
测 64_sbcc: f=[8, 4, 2], wgs=512, tpt=16 ... [建库: 38.0s | 运行: 5.6s] [成功] 50.6192 ms
测 64_sbcc: f=[8, 4, 2], wgs=512, tpt=32 ... [建库: 37.7s | 运行: 5.3s] [成功] 54.3256 ms
测 64_sbcc: f=[8, 4, 2], wgs=512, tpt=64 ... [建库: 37.9s | 运行: 5.9s] [成功] 78.1914 ms
测 64_sbcc: f=[8, 4, 2], wgs=512, tpt=128 ... [建库: 38.2s | 运行: 6.1s] [成功] 124.9842 ms
测 64_sbcc: f=[8, 4, 2], wgs=512, tpt=256 ... [建库: 37.3s | 运行: 7.1s] [成功] 219.4332 ms
测 64_sbcc: f=[8, 4, 2], wgs=512, tpt=512 ... [建库: 37.2s | 运行: 7.7s] [成功] 271.4027 ms
测 64_sbcc: f=[8, 4, 2], wgs=1024, tpt=16 ... [建库: 37.3s | 运行: 5.7s] [成功] 50.5925 ms
测 64_sbcc: f=[8, 4, 2], wgs=1024, tpt=32 ... [建库: 39.0s | 运行: 5.3s] [成功] 56.1621 ms
测 64_sbcc: f=[8, 4, 2], wgs=1024, tpt=64 ... [建库: 37.7s | 运行: 5.7s] [成功] 84.1780 ms
测 64_sbcc: f=[8, 4, 2], wgs=1024, tpt=128 ... [建库: 37.5s | 运行: 6.8s] [成功] 136.9113 ms
测 64_sbcc: f=[8, 4, 2], wgs=1024, tpt=256 ... [建库: 37.8s | 运行: 7.3s] [成功] 237.8275 ms
测 64_sbcc: f=[8, 4, 2], wgs=1024, tpt=512 ... [建库: 37.6s | 运行: 9.6s] [成功] 446.3732 ms
测 64_sbcc: f=[8, 4, 2], wgs=1024, tpt=1024 ... [建库: 37.7s | 运行: 10.8s] [成功] 522.8473 ms
测 64_sbcc: f=[2, 2, 2, 2, 2, 2], wgs=64, tpt=16 ... [建库: 39.2s | 运行: 5.7s] [成功] 53.0230 ms
测 64_sbcc: f=[2, 2, 2, 2, 2, 2], wgs=64, tpt=32 ... [建库: 37.6s | 运行: 5.9s] [成功] 62.1282 ms
测 64_sbcc: f=[2, 2, 2, 2, 2, 2], wgs=64, tpt=64 ... [建库: 37.6s | 运行: 5.7s] [成功] 89.3561 ms
测 64_sbcc: f=[2, 2, 2, 2, 2, 2], wgs=128, tpt=16 ... [建库: 38.5s | 运行: 5.3s] [成功] 51.5298 ms
测 64_sbcc: f=[2, 2, 2, 2, 2, 2], wgs=128, tpt=32 ... [建库: 37.7s | 运行: 5.3s] [成功] 52.3728 ms
测 64_sbcc: f=[2, 2, 2, 2, 2, 2], wgs=128, tpt=64 ... [建库: 37.9s | 运行: 5.8s] [成功] 72.3002 ms
测 64_sbcc: f=[2, 2, 2, 2, 2, 2], wgs=128, tpt=128 ... [建库: 37.9s | 运行: 5.9s] [成功] 92.9102 ms
测 64_sbcc: f=[2, 2, 2, 2, 2, 2], wgs=256, tpt=16 ... [建库: 37.4s | 运行: 5.2s] [成功] 50.5475 ms
测 64_sbcc: f=[2, 2, 2, 2, 2, 2], wgs=256, tpt=32 ... [建库: 37.7s | 运行: 5.2s] [成功] 49.0756 ms
测 64_sbcc: f=[2, 2, 2, 2, 2, 2], wgs=256, tpt=64 ... [建库: 37.8s | 运行: 5.6s] [成功] 66.1428 ms
测 64_sbcc: f=[2, 2, 2, 2, 2, 2], wgs=256, tpt=128 ... [建库: 38.3s | 运行: 5.9s] [成功] 100.3001 ms
测 64_sbcc: f=[2, 2, 2, 2, 2, 2], wgs=256, tpt=256 ... [建库: 37.3s | 运行: 6.6s] [成功] 135.4670 ms
测 64_sbcc: f=[2, 2, 2, 2, 2, 2], wgs=512, tpt=16 ... [建库: 37.5s | 运行: 5.6s] [成功] 53.5387 ms
测 64_sbcc: f=[2, 2, 2, 2, 2, 2], wgs=512, tpt=32 ... [建库: 38.4s | 运行: 5.4s] [成功] 49.5930 ms
测 64_sbcc: f=[2, 2, 2, 2, 2, 2], wgs=512, tpt=64 ... [建库: 37.4s | 运行: 5.8s] [成功] 70.2782 ms
测 64_sbcc: f=[2, 2, 2, 2, 2, 2], wgs=512, tpt=128 ... [建库: 37.7s | 运行: 6.3s] [成功] 106.3175 ms
测 64_sbcc: f=[2, 2, 2, 2, 2, 2], wgs=512, tpt=256 ... [建库: 38.1s | 运行: 6.8s] [成功] 182.6785 ms
测 64_sbcc: f=[2, 2, 2, 2, 2, 2], wgs=512, tpt=512 ... [建库: 37.6s | 运行: 7.1s] [成功] 225.6503 ms
测 64_sbcc: f=[2, 2, 2, 2, 2, 2], wgs=1024, tpt=16 ... [建库: 37.7s | 运行: 5.4s] [成功] 53.5315 ms
测 64_sbcc: f=[2, 2, 2, 2, 2, 2], wgs=1024, tpt=32 ... [建库: 37.9s | 运行: 5.8s] [成功] 53.2619 ms
测 64_sbcc: f=[2, 2, 2, 2, 2, 2], wgs=1024, tpt=64 ... [建库: 37.8s | 运行: 5.6s] [成功] 73.6358 ms
测 64_sbcc: f=[2, 2, 2, 2, 2, 2], wgs=1024, tpt=128 ... [建库: 37.7s | 运行: 5.9s] [成功] 110.9912 ms
测 64_sbcc: f=[2, 2, 2, 2, 2, 2], wgs=1024, tpt=256 ... [建库: 38.2s | 运行: 6.7s] [成功] 182.3819 ms
测 64_sbcc: f=[2, 2, 2, 2, 2, 2], wgs=1024, tpt=512 ... [建库: 37.7s | 运行: 8.5s] [成功] 336.1392 ms
测 64_sbcc: f=[2, 2, 2, 2, 2, 2], wgs=1024, tpt=1024 ... [建库: 37.4s | 运行: 8.3s] [成功] 336.6565 ms
测 64_sbcc: f=[8, 2, 2, 2], wgs=64, tpt=16 ... [建库: 38.1s | 运行: 5.2s] [成功] 52.8002 ms
测 64_sbcc: f=[8, 2, 2, 2], wgs=64, tpt=32 ... [建库: 37.6s | 运行: 5.8s] [成功] 61.8934 ms
测 64_sbcc: f=[8, 2, 2, 2], wgs=64, tpt=64 ... [建库: 38.0s | 运行: 6.0s] [成功] 87.0516 ms
测 64_sbcc: f=[8, 2, 2, 2], wgs=128, tpt=16 ... [建库: 38.5s | 运行: 5.2s] [成功] 51.0345 ms
测 64_sbcc: f=[8, 2, 2, 2], wgs=128, tpt=32 ... [建库: 37.5s | 运行: 5.7s] [成功] 53.4531 ms
测 64_sbcc: f=[8, 2, 2, 2], wgs=128, tpt=64 ... [建库: 40.1s | 运行: 5.5s] [成功] 76.9097 ms
测 64_sbcc: f=[8, 2, 2, 2], wgs=128, tpt=128 ... [建库: 39.0s | 运行: 6.2s] [成功] 110.1390 ms
测 64_sbcc: f=[8, 2, 2, 2], wgs=256, tpt=16 ... [建库: 37.6s | 运行: 5.2s] [成功] 50.1817 ms
测 64_sbcc: f=[8, 2, 2, 2], wgs=256, tpt=32 ... [建库: 37.9s | 运行: 5.6s] [成功] 52.3071 ms
测 64_sbcc: f=[8, 2, 2, 2], wgs=256, tpt=64 ... [建库: 37.8s | 运行: 5.9s] [成功] 73.4356 ms
测 64_sbcc: f=[8, 2, 2, 2], wgs=256, tpt=128 ... [建库: 42.6s | 运行: 6.0s] [成功] 114.2924 ms
测 64_sbcc: f=[8, 2, 2, 2], wgs=256, tpt=256 ... [建库: 37.8s | 运行: 6.8s] [成功] 159.5186 ms
测 64_sbcc: f=[8, 2, 2, 2], wgs=512, tpt=16 ... [建库: 37.5s | 运行: 5.2s] [成功] 51.3781 ms
测 64_sbcc: f=[8, 2, 2, 2], wgs=512, tpt=32 ... [建库: 38.0s | 运行: 5.7s] [成功] 52.1900 ms
测 64_sbcc: f=[8, 2, 2, 2], wgs=512, tpt=64 ... [建库: 38.1s | 运行: 5.4s] [成功] 73.2505 ms
测 64_sbcc: f=[8, 2, 2, 2], wgs=512, tpt=128 ... [建库: 38.9s | 运行: 6.0s] [成功] 113.0035 ms
测 64_sbcc: f=[8, 2, 2, 2], wgs=512, tpt=256 ... [建库: 41.8s | 运行: 7.0s] [成功] 195.7999 ms
测 64_sbcc: f=[8, 2, 2, 2], wgs=512, tpt=512 ... [建库: 37.6s | 运行: 8.2s] [成功] 279.2049 ms
测 64_sbcc: f=[8, 2, 2, 2], wgs=1024, tpt=16 ... [建库: 37.6s | 运行: 5.3s] [成功] 51.3603 ms
测 64_sbcc: f=[8, 2, 2, 2], wgs=1024, tpt=32 ... [建库: 37.9s | 运行: 5.2s] [成功] 50.6939 ms
测 64_sbcc: f=[8, 2, 2, 2], wgs=1024, tpt=64 ... [建库: 38.0s | 运行: 5.5s] [成功] 77.5291 ms
测 64_sbcc: f=[8, 2, 2, 2], wgs=1024, tpt=128 ... [建库: 37.6s | 运行: 6.0s] [成功] 123.3251 ms
测 64_sbcc: f=[8, 2, 2, 2], wgs=1024, tpt=256 ... [建库: 37.7s | 运行: 7.3s] [成功] 209.8791 ms
测 64_sbcc: f=[8, 2, 2, 2], wgs=1024, tpt=512 ... [建库: 37.4s | 运行: 9.3s] [成功] 391.6971 ms
测 64_sbcc: f=[8, 2, 2, 2], wgs=1024, tpt=1024 ... [建库: 38.6s | 运行: 11.2s] [成功] 576.5062 ms
测 64_sbcc: f=[4, 4, 4], wgs=64, tpt=16 ... [建库: 38.3s | 运行: 5.5s] [成功] 52.4157 ms
测 64_sbcc: f=[4, 4, 4], wgs=64, tpt=32 ... [建库: 37.8s | 运行: 5.8s] [成功] 66.0071 ms
测 64_sbcc: f=[4, 4, 4], wgs=64, tpt=64 ... [建库: 37.4s | 运行: 6.2s] [成功] 93.6178 ms
测 64_sbcc: f=[4, 4, 4], wgs=128, tpt=16 ... [建库: 38.6s | 运行: 5.6s] [成功] 50.2379 ms
测 64_sbcc: f=[4, 4, 4], wgs=128, tpt=32 ... [建库: 37.7s | 运行: 5.5s] [成功] 59.7950 ms
测 64_sbcc: f=[4, 4, 4], wgs=128, tpt=64 ... [建库: 38.0s | 运行: 5.6s] [成功] 85.4845 ms
测 64_sbcc: f=[4, 4, 4], wgs=128, tpt=128 ... [建库: 38.8s | 运行: 6.3s] [成功] 107.6804 ms
测 64_sbcc: f=[4, 4, 4], wgs=256, tpt=16 ... [建库: 37.8s | 运行: 5.2s] [成功] 49.0616 ms
测 64_sbcc: f=[4, 4, 4], wgs=256, tpt=32 ... [建库: 37.6s | 运行: 5.4s] [成功] 58.8073 ms
测 64_sbcc: f=[4, 4, 4], wgs=256, tpt=64 ... [建库: 37.7s | 运行: 5.6s] [成功] 82.4929 ms
测 64_sbcc: f=[4, 4, 4], wgs=256, tpt=128 ... [建库: 37.9s | 运行: 6.2s] [成功] 135.0062 ms
测 64_sbcc: f=[4, 4, 4], wgs=256, tpt=256 ... [建库: 37.5s | 运行: 6.4s] [成功] 150.5111 ms
测 64_sbcc: f=[4, 4, 4], wgs=512, tpt=16 ... [建库: 37.7s | 运行: 5.4s] [成功] 50.5085 ms
测 64_sbcc: f=[4, 4, 4], wgs=512, tpt=32 ... [建库: 38.4s | 运行: 5.6s] [成功] 59.2288 ms
测 64_sbcc: f=[4, 4, 4], wgs=512, tpt=64 ... [建库: 41.6s | 运行: 5.5s] [成功] 84.5000 ms
测 64_sbcc: f=[4, 4, 4], wgs=512, tpt=128 ... [建库: 37.6s | 运行: 6.6s] [成功] 134.7269 ms
测 64_sbcc: f=[4, 4, 4], wgs=512, tpt=256 ... [建库: 38.3s | 运行: 7.3s] [成功] 240.5970 ms
测 64_sbcc: f=[4, 4, 4], wgs=512, tpt=512 ... [建库: 37.6s | 运行: 7.9s] [成功] 289.5671 ms
测 64_sbcc: f=[4, 4, 4], wgs=1024, tpt=16 ... [建库: 38.1s | 运行: 5.6s] [成功] 50.4087 ms
测 64_sbcc: f=[4, 4, 4], wgs=1024, tpt=32 ... [建库: 39.0s | 运行: 5.3s] [成功] 60.9644 ms
测 64_sbcc: f=[4, 4, 4], wgs=1024, tpt=64 ... [建库: 38.4s | 运行: 6.0s] [成功] 88.3005 ms
测 64_sbcc: f=[4, 4, 4], wgs=1024, tpt=128 ... [建库: 37.7s | 运行: 6.4s] [成功] 148.7512 ms
测 64_sbcc: f=[4, 4, 4], wgs=1024, tpt=256 ... [建库: 38.5s | 运行: 7.8s] [成功] 253.8114 ms
测 64_sbcc: f=[4, 4, 4], wgs=1024, tpt=512 ... [建库: 37.8s | 运行: 10.2s] [成功] 493.7259 ms
测 64_sbcc: f=[4, 4, 4], wgs=1024, tpt=1024 ... [建库: 39.0s | 运行: 10.0s] [成功] 481.1991 ms
测 64_sbcc: f=[16, 2, 2], wgs=64, tpt=16 ... [建库: 37.8s | 运行: 5.5s] [成功] 58.5065 ms
测 64_sbcc: f=[16, 2, 2], wgs=64, tpt=32 ... [建库: 38.1s | 运行: 5.6s] [成功] 79.6783 ms
测 64_sbcc: f=[16, 2, 2], wgs=64, tpt=64 ... [建库: 37.5s | 运行: 6.2s] [成功] 132.6272 ms
测 64_sbcc: f=[16, 2, 2], wgs=128, tpt=16 ... [建库: 39.2s | 运行: 5.4s] [成功] 54.6651 ms
测 64_sbcc: f=[16, 2, 2], wgs=128, tpt=32 ... [建库: 37.2s | 运行: 5.5s] [成功] 69.3179 ms
测 64_sbcc: f=[16, 2, 2], wgs=128, tpt=64 ... [建库: 37.9s | 运行: 6.0s] [成功] 112.0189 ms
测 64_sbcc: f=[16, 2, 2], wgs=128, tpt=128 ... [建库: 37.8s | 运行: 6.7s] [成功] 177.9681 ms
测 64_sbcc: f=[16, 2, 2], wgs=256, tpt=16 ... [建库: 37.7s | 运行: 5.8s] [成功] 57.2534 ms
测 64_sbcc: f=[16, 2, 2], wgs=256, tpt=32 ... [建库: 37.5s | 运行: 5.8s] [成功] 71.0914 ms
测 64_sbcc: f=[16, 2, 2], wgs=256, tpt=64 ... [建库: 37.3s | 运行: 6.3s] [成功] 107.2373 ms
测 64_sbcc: f=[16, 2, 2], wgs=256, tpt=128 ... [建库: 39.6s | 运行: 7.1s] [成功] 182.2172 ms
测 64_sbcc: f=[16, 2, 2], wgs=256, tpt=256 ... [建库: 37.7s | 运行: 7.8s] [成功] 288.1434 ms
测 64_sbcc: f=[16, 2, 2], wgs=512, tpt=16 ... [建库: 37.8s | 运行: 5.3s] [成功] 55.7214 ms
测 64_sbcc: f=[16, 2, 2], wgs=512, tpt=32 ... [建库: 38.3s | 运行: 5.8s] [成功] 66.8803 ms
测 64_sbcc: f=[16, 2, 2], wgs=512, tpt=64 ... [建库: 38.3s | 运行: 5.9s] [成功] 110.1261 ms
测 64_sbcc: f=[16, 2, 2], wgs=512, tpt=128 ... [建库: 37.6s | 运行: 7.2s] [成功] 186.7010 ms
测 64_sbcc: f=[16, 2, 2], wgs=512, tpt=256 ... [建库: 38.3s | 运行: 8.8s] [成功] 351.9857 ms
测 64_sbcc: f=[16, 2, 2], wgs=512, tpt=512 ... [建库: 40.3s | 运行: 11.6s] [成功] 619.9916 ms
测 64_sbcc: f=[16, 2, 2], wgs=1024, tpt=16 ... [建库: 38.7s | 运行: 5.4s] [成功] 55.7424 ms
测 64_sbcc: f=[16, 2, 2], wgs=1024, tpt=32 ... [建库: 37.3s | 运行: 5.6s] [成功] 82.0450 ms
测 64_sbcc: f=[16, 2, 2], wgs=1024, tpt=64 ... [建库: 38.2s | 运行: 6.2s] [成功] 140.8623 ms
测 64_sbcc: f=[16, 2, 2], wgs=1024, tpt=128 ... [建库: 38.5s | 运行: 7.9s] [成功] 245.5870 ms
测 64_sbcc: f=[16, 2, 2], wgs=1024, tpt=256 ... [建库: 38.5s | 运行: 9.6s] [成功] 442.2645 ms
测 64_sbcc: f=[16, 2, 2], wgs=1024, tpt=512 ... [建库: 37.9s | 运行: 13.4s] [成功] 796.1239 ms
测 64_sbcc: f=[16, 2, 2], wgs=1024, tpt=1024 ... [建库: 37.5s | 运行: 15.6s] [成功] 991.4647 ms
测 64_sbcc: f=[4, 2, 2, 2, 2], wgs=64, tpt=16 ... [建库: 38.2s | 运行: 5.3s] [成功] 52.3405 ms
测 64_sbcc: f=[4, 2, 2, 2, 2], wgs=64, tpt=32 ... [建库: 38.3s | 运行: 5.7s] [成功] 60.9771 ms
测 64_sbcc: f=[4, 2, 2, 2, 2], wgs=64, tpt=64 ... [建库: 37.4s | 运行: 6.0s] [成功] 85.9321 ms
测 64_sbcc: f=[4, 2, 2, 2, 2], wgs=128, tpt=16 ... [建库: 37.4s | 运行: 5.3s] [成功] 50.3344 ms
测 64_sbcc: f=[4, 2, 2, 2, 2], wgs=128, tpt=32 ... [建库: 37.6s | 运行: 5.6s] [成功] 53.0455 ms
测 64_sbcc: f=[4, 2, 2, 2, 2], wgs=128, tpt=64 ... [建库: 37.7s | 运行: 5.5s] [成功] 69.9749 ms
测 64_sbcc: f=[4, 2, 2, 2, 2], wgs=128, tpt=128 ... [建库: 37.8s | 运行: 6.0s] [成功] 89.1120 ms
测 64_sbcc: f=[4, 2, 2, 2, 2], wgs=256, tpt=16 ... [建库: 38.8s | 运行: 5.5s] [成功] 49.4124 ms
测 64_sbcc: f=[4, 2, 2, 2, 2], wgs=256, tpt=32 ... [建库: 37.4s | 运行: 5.5s] [成功] 49.5753 ms
测 64_sbcc: f=[4, 2, 2, 2, 2], wgs=256, tpt=64 ... [建库: 37.5s | 运行: 5.4s] [成功] 65.9269 ms
测 64_sbcc: f=[4, 2, 2, 2, 2], wgs=256, tpt=128 ... [建库: 37.5s | 运行: 6.2s] [成功] 98.2744 ms
测 64_sbcc: f=[4, 2, 2, 2, 2], wgs=256, tpt=256 ... [建库: 38.6s | 运行: 6.4s] [成功] 125.4689 ms
测 64_sbcc: f=[4, 2, 2, 2, 2], wgs=512, tpt=16 ... [建库: 37.2s | 运行: 5.2s] [成功] 52.6667 ms
测 64_sbcc: f=[4, 2, 2, 2, 2], wgs=512, tpt=32 ... [建库: 37.8s | 运行: 5.6s] [成功] 49.4157 ms
测 64_sbcc: f=[4, 2, 2, 2, 2], wgs=512, tpt=64 ... [建库: 37.9s | 运行: 5.4s] [成功] 70.2648 ms
测 64_sbcc: f=[4, 2, 2, 2, 2], wgs=512, tpt=128 ... [建库: 37.8s | 运行: 6.1s] [成功] 104.0436 ms
测 64_sbcc: f=[4, 2, 2, 2, 2], wgs=512, tpt=256 ... [建库: 37.6s | 运行: 6.6s] [成功] 176.9215 ms
测 64_sbcc: f=[4, 2, 2, 2, 2], wgs=512, tpt=512 ... [建库: 37.5s | 运行: 7.3s] [成功] 209.8296 ms
测 64_sbcc: f=[4, 2, 2, 2, 2], wgs=1024, tpt=16 ... [建库: 38.0s | 运行: 5.2s] [成功] 52.6777 ms
测 64_sbcc: f=[4, 2, 2, 2, 2], wgs=1024, tpt=32 ... [建库: 38.9s | 运行: 5.6s] [成功] 52.1329 ms
测 64_sbcc: f=[4, 2, 2, 2, 2], wgs=1024, tpt=64 ... [建库: 37.9s | 运行: 5.5s] [成功] 72.6225 ms
测 64_sbcc: f=[4, 2, 2, 2, 2], wgs=1024, tpt=128 ... [建库: 38.1s | 运行: 6.0s] [成功] 111.9909 ms
测 64_sbcc: f=[4, 2, 2, 2, 2], wgs=1024, tpt=256 ... [建库: 38.1s | 运行: 6.7s] [成功] 182.3370 ms
测 64_sbcc: f=[4, 2, 2, 2, 2], wgs=1024, tpt=512 ... [建库: 38.0s | 运行: 8.8s] [成功] 333.0389 ms
测 64_sbcc: f=[4, 2, 2, 2, 2], wgs=1024, tpt=1024 ... [建库: 37.9s | 运行: 8.3s] [成功] 327.1789 ms
测 64_sbcc: f=[4, 4, 2, 2], wgs=64, tpt=16 ... [建库: 37.3s | 运行: 5.6s] [成功] 52.2342 ms
测 64_sbcc: f=[4, 4, 2, 2], wgs=64, tpt=32 ... [建库: 37.6s | 运行: 6.0s] [成功] 62.9163 ms
测 64_sbcc: f=[4, 4, 2, 2], wgs=64, tpt=64 ... [建库: 37.7s | 运行: 6.0s] [成功] 87.4128 ms
测 64_sbcc: f=[4, 4, 2, 2], wgs=128, tpt=16 ... [建库: 37.4s | 运行: 5.6s] [成功] 50.1917 ms
测 64_sbcc: f=[4, 4, 2, 2], wgs=128, tpt=32 ... [建库: 37.7s | 运行: 5.2s] [成功] 53.2661 ms
测 64_sbcc: f=[4, 4, 2, 2], wgs=128, tpt=64 ... [建库: 38.1s | 运行: 5.8s] [成功] 74.6774 ms
测 64_sbcc: f=[4, 4, 2, 2], wgs=128, tpt=128 ... [建库: 38.4s | 运行: 6.2s] [成功] 94.1631 ms
测 64_sbcc: f=[4, 4, 2, 2], wgs=256, tpt=16 ... [建库: 37.4s | 运行: 5.6s] [成功] 48.5582 ms
测 64_sbcc: f=[4, 4, 2, 2], wgs=256, tpt=32 ... [建库: 38.1s | 运行: 5.8s] [成功] 50.5379 ms
测 64_sbcc: f=[4, 4, 2, 2], wgs=256, tpt=64 ... [建库: 37.5s | 运行: 5.8s] [成功] 70.2565 ms
测 64_sbcc: f=[4, 4, 2, 2], wgs=256, tpt=128 ... [建库: 37.5s | 运行: 6.0s] [成功] 109.2743 ms
测 64_sbcc: f=[4, 4, 2, 2], wgs=256, tpt=256 ... [建库: 37.3s | 运行: 6.3s] [成功] 135.9181 ms
测 64_sbcc: f=[4, 4, 2, 2], wgs=512, tpt=16 ... [建库: 37.3s | 运行: 5.2s] [成功] 51.0630 ms
测 64_sbcc: f=[4, 4, 2, 2], wgs=512, tpt=32 ... [建库: 37.9s | 运行: 5.2s] [成功] 49.8135 ms
测 64_sbcc: f=[4, 4, 2, 2], wgs=512, tpt=64 ... [建库: 37.3s | 运行: 5.8s] [成功] 70.7001 ms
测 64_sbcc: f=[4, 4, 2, 2], wgs=512, tpt=128 ... [建库: 38.4s | 运行: 6.3s] [成功] 108.1847 ms
测 64_sbcc: f=[4, 4, 2, 2], wgs=512, tpt=256 ... [建库: 38.3s | 运行: 6.9s] [成功] 188.3924 ms
测 64_sbcc: f=[4, 4, 2, 2], wgs=512, tpt=512 ... [建库: 38.3s | 运行: 7.2s] [成功] 228.9859 ms
测 64_sbcc: f=[4, 4, 2, 2], wgs=1024, tpt=16 ... [建库: 37.5s | 运行: 5.2s] [成功] 51.1398 ms
测 64_sbcc: f=[4, 4, 2, 2], wgs=1024, tpt=32 ... [建库: 37.7s | 运行: 5.4s] [成功] 52.2950 ms
测 64_sbcc: f=[4, 4, 2, 2], wgs=1024, tpt=64 ... [建库: 37.6s | 运行: 5.6s] [成功] 75.8120 ms
测 64_sbcc: f=[4, 4, 2, 2], wgs=1024, tpt=128 ... [建库: 37.2s | 运行: 6.4s] [成功] 120.2939 ms
测 64_sbcc: f=[4, 4, 2, 2], wgs=1024, tpt=256 ... [建库: 37.9s | 运行: 7.3s] [成功] 201.5018 ms
测 64_sbcc: f=[4, 4, 2, 2], wgs=1024, tpt=512 ... [建库: 38.2s | 运行: 9.1s] [成功] 372.3334 ms
测 64_sbcc: f=[4, 4, 2, 2], wgs=1024, tpt=1024 ... [建库: 37.6s | 运行: 9.0s] [成功] 398.1765 ms
测 64_sbcc: f=[16, 4], wgs=64, tpt=16 ... [建库: 37.8s | 运行: 5.8s] [成功] 57.6463 ms
测 64_sbcc: f=[16, 4], wgs=64, tpt=32 ... [建库: 37.7s | 运行: 5.9s] [成功] 83.6328 ms
测 64_sbcc: f=[16, 4], wgs=64, tpt=64 ... [建库: 37.6s | 运行: 6.7s] [成功] 138.8479 ms
测 64_sbcc: f=[16, 4], wgs=128, tpt=16 ... [建库: 37.7s | 运行: 5.7s] [成功] 54.1189 ms
测 64_sbcc: f=[16, 4], wgs=128, tpt=32 ... [建库: 37.4s | 运行: 5.7s] [成功] 79.4098 ms
测 64_sbcc: f=[16, 4], wgs=128, tpt=64 ... [建库: 37.4s | 运行: 6.5s] [成功] 126.6518 ms
测 64_sbcc: f=[16, 4], wgs=128, tpt=128 ... [建库: 37.6s | 运行: 6.8s] [成功] 163.2967 ms
测 64_sbcc: f=[16, 4], wgs=256, tpt=16 ... [建库: 38.2s | 运行: 5.4s] [成功] 53.8642 ms
测 64_sbcc: f=[16, 4], wgs=256, tpt=32 ... [建库: 37.7s | 运行: 5.9s] [成功] 76.7894 ms
测 64_sbcc: f=[16, 4], wgs=256, tpt=64 ... [建库: 37.8s | 运行: 6.0s] [成功] 121.1395 ms
测 64_sbcc: f=[16, 4], wgs=256, tpt=128 ... [建库: 37.5s | 运行: 7.5s] [成功] 211.9073 ms
测 64_sbcc: f=[16, 4], wgs=256, tpt=256 ... [建库: 37.4s | 运行: 8.6s] [成功] 322.8539 ms
测 64_sbcc: f=[16, 4], wgs=512, tpt=16 ... [建库: 37.3s | 运行: 5.2s] [成功] 53.2050 ms
测 64_sbcc: f=[16, 4], wgs=512, tpt=32 ... [建库: 37.4s | 运行: 5.7s] [成功] 80.0088 ms
测 64_sbcc: f=[16, 4], wgs=512, tpt=64 ... [建库: 38.0s | 运行: 6.4s] [成功] 127.8436 ms
测 64_sbcc: f=[16, 4], wgs=512, tpt=128 ... [建库: 37.3s | 运行: 7.6s] [成功] 221.5151 ms
测 64_sbcc: f=[16, 4], wgs=512, tpt=256 ... [建库: 38.6s | 运行: 9.3s] [成功] 421.4277 ms
测 64_sbcc: f=[16, 4], wgs=512, tpt=512 ... [建库: 37.3s | 运行: 10.9s] [成功] 567.0713 ms
测 64_sbcc: f=[16, 4], wgs=1024, tpt=16 ... [建库: 37.8s | 运行: 5.4s] [成功] 53.1683 ms
测 64_sbcc: f=[16, 4], wgs=1024, tpt=32 ... [建库: 38.1s | 运行: 6.2s] [成功] 124.1971 ms
测 64_sbcc: f=[16, 4], wgs=1024, tpt=64 ... [建库: 37.5s | 运行: 7.2s] [成功] 198.5600 ms
测 64_sbcc: f=[16, 4], wgs=1024, tpt=128 ... [建库: 38.1s | 运行: 9.1s] [成功] 353.3242 ms
测 64_sbcc: f=[16, 4], wgs=1024, tpt=256 ... [建库: 37.6s | 运行: 11.8s] [成功] 643.3142 ms
测 64_sbcc: f=[16, 4], wgs=1024, tpt=512 ... [建库: 37.6s | 运行: 18.7s] [成功] 1242.6183 ms
测 64_sbcc: f=[16, 4], wgs=1024, tpt=1024 ... [建库: 37.4s | 运行: 16.7s] [成功] 1068.8298 ms

>>> N=524288 调优结束 <<<
最强 4096_sbrr: NS(length=4096, workgroup_size=512, threads_per_transform=512, factors=[8, 8, 8, 4, 2], runtime_compile=True),
最强 64_sbcc: NS(length=64, factors=[4, 4, 2, 2], use_3steps_large_twd={'sp': 'true', 'dp': 'true'}, workgroup_size=256, threads_per_transform=16, runtime_compile=True),
最优耗时: 48.5582 ms

